\BOOKMARK [0][-]{chapter*.1}{Introduction}{}% 1
\BOOKMARK [0][-]{chapter.1}{Complex Systems}{}% 2
\BOOKMARK [1][-]{section.1.1}{What makes a System Complex}{chapter.1}% 3
\BOOKMARK [1][-]{section.1.2}{What is a Critical System}{chapter.1}% 4
\BOOKMARK [2][-]{subsection.1.2.1}{Critical phenomena}{section.1.2}% 5
\BOOKMARK [2][-]{subsection.1.2.2}{Examples of phase transitions and critical points}{section.1.2}% 6
\BOOKMARK [1][-]{section.1.3}{Self-Organized Criticality}{chapter.1}% 7
\BOOKMARK [2][-]{subsection.1.3.1}{Self-Organization}{section.1.3}% 8
\BOOKMARK [2][-]{subsection.1.3.2}{Self-Organized Criticality}{section.1.3}% 9
\BOOKMARK [1][-]{section.1.4}{Network Theory}{chapter.1}% 10
\BOOKMARK [2][-]{subsection.1.4.1}{Historical View on Networks}{section.1.4}% 11
\BOOKMARK [2][-]{subsection.1.4.2}{Graph Theory}{section.1.4}% 12
\BOOKMARK [0][-]{chapter.2}{Models that show SOC behaviour}{}% 13
\BOOKMARK [1][-]{section.2.1}{Flyvbjerg's Simplified Sandpile Model}{chapter.2}% 14
\BOOKMARK [1][-]{section.2.2}{The Sandpile Model}{chapter.2}% 15
\BOOKMARK [2][-]{subsection.2.2.1}{Bak, Tang and Wiesenfeld's Explanation of 1/f Noise}{section.2.2}% 16
\BOOKMARK [2][-]{subsection.2.2.2}{Bak's Bureaucrats Model}{section.2.2}% 17
\BOOKMARK [1][-]{section.2.3}{Olami-Feder-Christensen Slider-Blocks Model }{chapter.2}% 18
\BOOKMARK [0][-]{chapter.3}{Seismic Database}{}% 19
\BOOKMARK [1][-]{section.3.1}{What is a Seismic Database}{chapter.3}% 20
\BOOKMARK [1][-]{section.3.2}{Seismic Table Construction}{chapter.3}% 21
\BOOKMARK [0][-]{chapter.4}{Seismic Network}{}% 22
\BOOKMARK [1][-]{section.4.1}{How to construct a Seismic Network}{chapter.4}% 23
\BOOKMARK [1][-]{section.4.2}{Centrality Measures of a Network}{chapter.4}% 24
\BOOKMARK [1][-]{section.4.3}{Network Cycles and Motifs}{chapter.4}% 25
\BOOKMARK [2][-]{subsection.4.3.1}{Motifs}{section.4.3}% 26
\BOOKMARK [2][-]{subsection.4.3.2}{Motifs detection using NemoSuite}{section.4.3}% 27
\BOOKMARK [2][-]{subsection.4.3.3}{Triangle Surfaces}{section.4.3}% 28
\BOOKMARK [2][-]{subsection.4.3.4}{Tetrahedrons Volumes}{section.4.3}% 29
\BOOKMARK [1][-]{section.4.4}{Motifs Visualization}{chapter.4}% 30
\BOOKMARK [0][-]{chapter.5}{Seismic Spatio-Temporal Autocorrelations}{}% 31
\BOOKMARK [1][-]{section.5.1}{Correlations and Autocorrelations}{chapter.5}% 32
\BOOKMARK [1][-]{section.5.2}{Spatial Autocorrelations}{chapter.5}% 33
\BOOKMARK [1][-]{section.5.3}{Temporal Autocorrelations}{chapter.5}% 34
\BOOKMARK [0][-]{figure.caption.88}{Conclusions}{}% 35
\BOOKMARK [0][-]{section*.91}{Appendices}{}% 36
\BOOKMARK [0][-]{appendix.1.A}{Collecting Databases, Energy Release and Cube Splitting}{}% 37
\BOOKMARK [0][-]{appendix.1.B}{Network Creation}{}% 38
\BOOKMARK [0][-]{appendix.1.C}{Connectivity}{}% 39
\BOOKMARK [0][-]{appendix.1.D}{Motifs}{}% 40
\BOOKMARK [1][-]{section.1.D.1}{Mean and Total Energy per Motif }{appendix.1.D}% 41
\BOOKMARK [1][-]{section.1.D.2}{Area of Triangle Motif calculation}{appendix.1.D}% 42
\BOOKMARK [0][-]{appendix.1.E}{Paraview Visualization}{}% 43
\BOOKMARK [1][-]{section.1.E.1}{VTK}{appendix.1.E}% 44
\BOOKMARK [1][-]{section.1.E.2}{Paraview}{appendix.1.E}% 45
\BOOKMARK [0][-]{appendix.1.F}{Temporal AutoCorrelations}{}% 46
