This is pdfTeX, Version 3.14159265-2.6-1.40.20 (TeX Live 2019/Debian) (preloaded format=pdflatex 2022.9.6)  6 SEP 2022 17:59
entering extended mode
 restricted \write18 enabled.
 %&-line parsing enabled.
**thesis.tex
(./thesis.tex
LaTeX2e <2020-02-02> patch level 2
L3 programming layer <2020-02-14>
(/usr/share/texlive/texmf-dist/tex/latex/base/report.cls
Document Class: report 2019/12/20 v1.4l Standard LaTeX document class
(/usr/share/texlive/texmf-dist/tex/latex/base/size12.clo
File: size12.clo 2019/12/20 v1.4l Standard LaTeX file (size option)
)
\c@part=\count167
\c@chapter=\count168
\c@section=\count169
\c@subsection=\count170
\c@subsubsection=\count171
\c@paragraph=\count172
\c@subparagraph=\count173
\c@figure=\count174
\c@table=\count175
\abovecaptionskip=\skip47
\belowcaptionskip=\skip48
\bibindent=\dimen134
) (./ctp-fpub.sty
Package: ctp-fpub 

(/usr/share/texlive/texmf-dist/tex/latex/xcolor/xcolor.sty
Package: xcolor 2016/05/11 v2.12 LaTeX color extensions (UK)

(/usr/share/texlive/texmf-dist/tex/latex/graphics-cfg/color.cfg
File: color.cfg 2016/01/02 v1.6 sample color configuration
)
Package xcolor Info: Driver file: pdftex.def on input line 225.

(/usr/share/texlive/texmf-dist/tex/latex/graphics-def/pdftex.def
File: pdftex.def 2018/01/08 v1.0l Graphics/color driver for pdftex
)
Package xcolor Info: Model `cmy' substituted by `cmy0' on input line 1348.
Package xcolor Info: Model `hsb' substituted by `rgb' on input line 1352.
Package xcolor Info: Model `RGB' extended on input line 1364.
Package xcolor Info: Model `HTML' substituted by `rgb' on input line 1366.
Package xcolor Info: Model `Hsb' substituted by `hsb' on input line 1367.
Package xcolor Info: Model `tHsb' substituted by `hsb' on input line 1368.
Package xcolor Info: Model `HSB' substituted by `hsb' on input line 1369.
Package xcolor Info: Model `Gray' substituted by `gray' on input line 1370.
Package xcolor Info: Model `wave' substituted by `hsb' on input line 1371.
)
(/usr/share/texlive/texmf-dist/tex/latex/geometry/geometry.sty
Package: geometry 2020/01/02 v5.9 Page Geometry

(/usr/share/texlive/texmf-dist/tex/latex/graphics/keyval.sty
Package: keyval 2014/10/28 v1.15 key=value parser (DPC)
\KV@toks@=\toks14
)
(/usr/share/texlive/texmf-dist/tex/generic/iftex/ifvtex.sty
Package: ifvtex 2019/10/25 v1.7 ifvtex legacy package. Use iftex instead.

(/usr/share/texlive/texmf-dist/tex/generic/iftex/iftex.sty
Package: iftex 2019/11/07 v1.0c TeX engine tests
))
\Gm@cnth=\count176
\Gm@cntv=\count177
\c@Gm@tempcnt=\count178
\Gm@bindingoffset=\dimen135
\Gm@wd@mp=\dimen136
\Gm@odd@mp=\dimen137
\Gm@even@mp=\dimen138
\Gm@layoutwidth=\dimen139
\Gm@layoutheight=\dimen140
\Gm@layouthoffset=\dimen141
\Gm@layoutvoffset=\dimen142
\Gm@dimlist=\toks15
)
(/usr/share/texlive/texmf-dist/tex/latex/graphics/graphicx.sty
Package: graphicx 2019/11/30 v1.2a Enhanced LaTeX Graphics (DPC,SPQR)

(/usr/share/texlive/texmf-dist/tex/latex/graphics/graphics.sty
Package: graphics 2019/11/30 v1.4a Standard LaTeX Graphics (DPC,SPQR)

(/usr/share/texlive/texmf-dist/tex/latex/graphics/trig.sty
Package: trig 2016/01/03 v1.10 sin cos tan (DPC)
)
(/usr/share/texlive/texmf-dist/tex/latex/graphics-cfg/graphics.cfg
File: graphics.cfg 2016/06/04 v1.11 sample graphics configuration
)
Package graphics Info: Driver file: pdftex.def on input line 105.
)
\Gin@req@height=\dimen143
\Gin@req@width=\dimen144
)
(/usr/share/texlive/texmf-dist/tex/latex/sansmathfonts/sansmathfonts.sty
Package: sansmathfonts 2013/03/22
)
(/usr/share/texlive/texmf-dist/tex/latex/tools/indentfirst.sty
Package: indentfirst 1995/11/23 v1.03 Indent first paragraph (DPC)
)
(/usr/share/texlive/texmf-dist/tex/latex/xifthen/xifthen.sty
Package: xifthen 2015/11/05 v1.4.0 Extended ifthen features

(/usr/share/texlive/texmf-dist/tex/latex/tools/calc.sty
Package: calc 2017/05/25 v4.3 Infix arithmetic (KKT,FJ)
\calc@Acount=\count179
\calc@Bcount=\count180
\calc@Adimen=\dimen145
\calc@Bdimen=\dimen146
\calc@Askip=\skip49
\calc@Bskip=\skip50
LaTeX Info: Redefining \setlength on input line 80.
LaTeX Info: Redefining \addtolength on input line 81.
\calc@Ccount=\count181
\calc@Cskip=\skip51
)
(/usr/share/texlive/texmf-dist/tex/latex/base/ifthen.sty
Package: ifthen 2014/09/29 v1.1c Standard LaTeX ifthen package (DPC)
)
(/usr/share/texlive/texmf-dist/tex/latex/ifmtarg/ifmtarg.sty
Package: ifmtarg 2018/04/16 v1.2b check for an empty argument
))
(/usr/share/texlive/texmf-dist/tex/latex/setspace/setspace.sty
Package: setspace 2011/12/19 v6.7a set line spacing
)
(/usr/share/texlive/texmf-dist/tex/latex/titlesec/titlesec.sty
Package: titlesec 2019/10/16 v2.13 Sectioning titles
\ttl@box=\box45
\beforetitleunit=\skip52
\aftertitleunit=\skip53
\ttl@plus=\dimen147
\ttl@minus=\dimen148
\ttl@toksa=\toks16
\titlewidth=\dimen149
\titlewidthlast=\dimen150
\titlewidthfirst=\dimen151
)
(/usr/share/texlive/texmf-dist/tex/latex/tocloft/tocloft.sty
Package: tocloft 2017/08/31 v2.3i parameterised ToC, etc., typesetting
Package tocloft Info: The document has chapter divisions on input line 51.
\cftparskip=\skip54
\cftbeforetoctitleskip=\skip55
\cftaftertoctitleskip=\skip56
\cftbeforepartskip=\skip57
\cftpartnumwidth=\skip58
\cftpartindent=\skip59
\cftbeforechapskip=\skip60
\cftchapindent=\skip61
\cftchapnumwidth=\skip62
\cftbeforesecskip=\skip63
\cftsecindent=\skip64
\cftsecnumwidth=\skip65
\cftbeforesubsecskip=\skip66
\cftsubsecindent=\skip67
\cftsubsecnumwidth=\skip68
\cftbeforesubsubsecskip=\skip69
\cftsubsubsecindent=\skip70
\cftsubsubsecnumwidth=\skip71
\cftbeforeparaskip=\skip72
\cftparaindent=\skip73
\cftparanumwidth=\skip74
\cftbeforesubparaskip=\skip75
\cftsubparaindent=\skip76
\cftsubparanumwidth=\skip77
\cftbeforeloftitleskip=\skip78
\cftafterloftitleskip=\skip79
\cftbeforefigskip=\skip80
\cftfigindent=\skip81
\cftfignumwidth=\skip82
\c@lofdepth=\count182
\c@lotdepth=\count183
\cftbeforelottitleskip=\skip83
\cftafterlottitleskip=\skip84
\cftbeforetabskip=\skip85
\cfttabindent=\skip86
\cfttabnumwidth=\skip87
)
(/usr/share/texlive/texmf-dist/tex/latex/amsmath/amsmath.sty
Package: amsmath 2020/01/20 v2.17e AMS math features
\@mathmargin=\skip88

For additional information on amsmath, use the `?' option.
(/usr/share/texlive/texmf-dist/tex/latex/amsmath/amstext.sty
Package: amstext 2000/06/29 v2.01 AMS text

(/usr/share/texlive/texmf-dist/tex/latex/amsmath/amsgen.sty
File: amsgen.sty 1999/11/30 v2.0 generic functions
\@emptytoks=\toks17
\ex@=\dimen152
))
(/usr/share/texlive/texmf-dist/tex/latex/amsmath/amsbsy.sty
Package: amsbsy 1999/11/29 v1.2d Bold Symbols
\pmbraise@=\dimen153
)
(/usr/share/texlive/texmf-dist/tex/latex/amsmath/amsopn.sty
Package: amsopn 2016/03/08 v2.02 operator names
)
\inf@bad=\count184
LaTeX Info: Redefining \frac on input line 227.
\uproot@=\count185
\leftroot@=\count186
LaTeX Info: Redefining \overline on input line 389.
\classnum@=\count187
\DOTSCASE@=\count188
LaTeX Info: Redefining \ldots on input line 486.
LaTeX Info: Redefining \dots on input line 489.
LaTeX Info: Redefining \cdots on input line 610.
\Mathstrutbox@=\box46
\strutbox@=\box47
\big@size=\dimen154
LaTeX Font Info:    Redeclaring font encoding OML on input line 733.
LaTeX Font Info:    Redeclaring font encoding OMS on input line 734.
\macc@depth=\count189
\c@MaxMatrixCols=\count190
\dotsspace@=\muskip16
\c@parentequation=\count191
\dspbrk@lvl=\count192
\tag@help=\toks18
\row@=\count193
\column@=\count194
\maxfields@=\count195
\andhelp@=\toks19
\eqnshift@=\dimen155
\alignsep@=\dimen156
\tagshift@=\dimen157
\tagwidth@=\dimen158
\totwidth@=\dimen159
\lineht@=\dimen160
\@envbody=\toks20
\multlinegap=\skip89
\multlinetaggap=\skip90
\mathdisplay@stack=\toks21
LaTeX Info: Redefining \[ on input line 2859.
LaTeX Info: Redefining \] on input line 2860.
)
(/usr/share/texlive/texmf-dist/tex/latex/amscls/amsthm.sty
Package: amsthm 2017/10/31 v2.20.4
\thm@style=\toks22
\thm@bodyfont=\toks23
\thm@headfont=\toks24
\thm@notefont=\toks25
\thm@headpunct=\toks26
\thm@preskip=\skip91
\thm@postskip=\skip92
\thm@headsep=\skip93
\dth@everypar=\toks27
)
\c@theorem=\count196
\c@definition=\count197
\c@remark=\count198

(/usr/share/texlive/texmf-dist/tex/latex/pgf/frontendlayer/tikz.sty
(/usr/share/texlive/texmf-dist/tex/latex/pgf/basiclayer/pgf.sty
(/usr/share/texlive/texmf-dist/tex/latex/pgf/utilities/pgfrcs.sty
(/usr/share/texlive/texmf-dist/tex/generic/pgf/utilities/pgfutil-common.tex
\pgfutil@everybye=\toks28
\pgfutil@tempdima=\dimen161
\pgfutil@tempdimb=\dimen162

(/usr/share/texlive/texmf-dist/tex/generic/pgf/utilities/pgfutil-common-lists.t
ex)) (/usr/share/texlive/texmf-dist/tex/generic/pgf/utilities/pgfutil-latex.def
\pgfutil@abb=\box48
(/usr/share/texlive/texmf-dist/tex/latex/ms/everyshi.sty
Package: everyshi 2001/05/15 v3.00 EveryShipout Package (MS)
))
(/usr/share/texlive/texmf-dist/tex/generic/pgf/utilities/pgfrcs.code.tex
(/usr/share/texlive/texmf-dist/tex/generic/pgf/pgf.revision.tex)
Package: pgfrcs 2020/01/08 v3.1.5b (3.1.5b)
))
Package: pgf 2020/01/08 v3.1.5b (3.1.5b)

(/usr/share/texlive/texmf-dist/tex/latex/pgf/basiclayer/pgfcore.sty
(/usr/share/texlive/texmf-dist/tex/latex/pgf/systemlayer/pgfsys.sty
(/usr/share/texlive/texmf-dist/tex/generic/pgf/systemlayer/pgfsys.code.tex
Package: pgfsys 2020/01/08 v3.1.5b (3.1.5b)

(/usr/share/texlive/texmf-dist/tex/generic/pgf/utilities/pgfkeys.code.tex
\pgfkeys@pathtoks=\toks29
\pgfkeys@temptoks=\toks30

(/usr/share/texlive/texmf-dist/tex/generic/pgf/utilities/pgfkeysfiltered.code.t
ex
\pgfkeys@tmptoks=\toks31
))
\pgf@x=\dimen163
\pgf@y=\dimen164
\pgf@xa=\dimen165
\pgf@ya=\dimen166
\pgf@xb=\dimen167
\pgf@yb=\dimen168
\pgf@xc=\dimen169
\pgf@yc=\dimen170
\pgf@xd=\dimen171
\pgf@yd=\dimen172
\w@pgf@writea=\write3
\r@pgf@reada=\read2
\c@pgf@counta=\count199
\c@pgf@countb=\count266
\c@pgf@countc=\count267
\c@pgf@countd=\count268
\t@pgf@toka=\toks32
\t@pgf@tokb=\toks33
\t@pgf@tokc=\toks34
\pgf@sys@id@count=\count269
 (/usr/share/texlive/texmf-dist/tex/generic/pgf/systemlayer/pgf.cfg
File: pgf.cfg 2020/01/08 v3.1.5b (3.1.5b)
)
Driver file for pgf: pgfsys-pdftex.def

(/usr/share/texlive/texmf-dist/tex/generic/pgf/systemlayer/pgfsys-pdftex.def
File: pgfsys-pdftex.def 2020/01/08 v3.1.5b (3.1.5b)

(/usr/share/texlive/texmf-dist/tex/generic/pgf/systemlayer/pgfsys-common-pdf.de
f
File: pgfsys-common-pdf.def 2020/01/08 v3.1.5b (3.1.5b)
)))
(/usr/share/texlive/texmf-dist/tex/generic/pgf/systemlayer/pgfsyssoftpath.code.
tex
File: pgfsyssoftpath.code.tex 2020/01/08 v3.1.5b (3.1.5b)
\pgfsyssoftpath@smallbuffer@items=\count270
\pgfsyssoftpath@bigbuffer@items=\count271
)
(/usr/share/texlive/texmf-dist/tex/generic/pgf/systemlayer/pgfsysprotocol.code.
tex
File: pgfsysprotocol.code.tex 2020/01/08 v3.1.5b (3.1.5b)
))
(/usr/share/texlive/texmf-dist/tex/generic/pgf/basiclayer/pgfcore.code.tex
Package: pgfcore 2020/01/08 v3.1.5b (3.1.5b)

(/usr/share/texlive/texmf-dist/tex/generic/pgf/math/pgfmath.code.tex
(/usr/share/texlive/texmf-dist/tex/generic/pgf/math/pgfmathcalc.code.tex
(/usr/share/texlive/texmf-dist/tex/generic/pgf/math/pgfmathutil.code.tex)
(/usr/share/texlive/texmf-dist/tex/generic/pgf/math/pgfmathparser.code.tex
\pgfmath@dimen=\dimen173
\pgfmath@count=\count272
\pgfmath@box=\box49
\pgfmath@toks=\toks35
\pgfmath@stack@operand=\toks36
\pgfmath@stack@operation=\toks37
)
(/usr/share/texlive/texmf-dist/tex/generic/pgf/math/pgfmathfunctions.code.tex
(/usr/share/texlive/texmf-dist/tex/generic/pgf/math/pgfmathfunctions.basic.code
.tex)
(/usr/share/texlive/texmf-dist/tex/generic/pgf/math/pgfmathfunctions.trigonomet
ric.code.tex)
(/usr/share/texlive/texmf-dist/tex/generic/pgf/math/pgfmathfunctions.random.cod
e.tex)
(/usr/share/texlive/texmf-dist/tex/generic/pgf/math/pgfmathfunctions.comparison
.code.tex)
(/usr/share/texlive/texmf-dist/tex/generic/pgf/math/pgfmathfunctions.base.code.
tex)
(/usr/share/texlive/texmf-dist/tex/generic/pgf/math/pgfmathfunctions.round.code
.tex)
(/usr/share/texlive/texmf-dist/tex/generic/pgf/math/pgfmathfunctions.misc.code.
tex)
(/usr/share/texlive/texmf-dist/tex/generic/pgf/math/pgfmathfunctions.integerari
thmetics.code.tex)))
(/usr/share/texlive/texmf-dist/tex/generic/pgf/math/pgfmathfloat.code.tex
\c@pgfmathroundto@lastzeros=\count273
))
(/usr/share/texlive/texmf-dist/tex/generic/pgf/math/pgfint.code.tex)
(/usr/share/texlive/texmf-dist/tex/generic/pgf/basiclayer/pgfcorepoints.code.te
x
File: pgfcorepoints.code.tex 2020/01/08 v3.1.5b (3.1.5b)
\pgf@picminx=\dimen174
\pgf@picmaxx=\dimen175
\pgf@picminy=\dimen176
\pgf@picmaxy=\dimen177
\pgf@pathminx=\dimen178
\pgf@pathmaxx=\dimen179
\pgf@pathminy=\dimen180
\pgf@pathmaxy=\dimen181
\pgf@xx=\dimen182
\pgf@xy=\dimen183
\pgf@yx=\dimen184
\pgf@yy=\dimen185
\pgf@zx=\dimen186
\pgf@zy=\dimen187
)
(/usr/share/texlive/texmf-dist/tex/generic/pgf/basiclayer/pgfcorepathconstruct.
code.tex
File: pgfcorepathconstruct.code.tex 2020/01/08 v3.1.5b (3.1.5b)
\pgf@path@lastx=\dimen188
\pgf@path@lasty=\dimen189
)
(/usr/share/texlive/texmf-dist/tex/generic/pgf/basiclayer/pgfcorepathusage.code
.tex
File: pgfcorepathusage.code.tex 2020/01/08 v3.1.5b (3.1.5b)
\pgf@shorten@end@additional=\dimen190
\pgf@shorten@start@additional=\dimen191
)
(/usr/share/texlive/texmf-dist/tex/generic/pgf/basiclayer/pgfcorescopes.code.te
x
File: pgfcorescopes.code.tex 2020/01/08 v3.1.5b (3.1.5b)
\pgfpic=\box50
\pgf@hbox=\box51
\pgf@layerbox@main=\box52
\pgf@picture@serial@count=\count274
)
(/usr/share/texlive/texmf-dist/tex/generic/pgf/basiclayer/pgfcoregraphicstate.c
ode.tex
File: pgfcoregraphicstate.code.tex 2020/01/08 v3.1.5b (3.1.5b)
\pgflinewidth=\dimen192
)
(/usr/share/texlive/texmf-dist/tex/generic/pgf/basiclayer/pgfcoretransformation
s.code.tex
File: pgfcoretransformations.code.tex 2020/01/08 v3.1.5b (3.1.5b)
\pgf@pt@x=\dimen193
\pgf@pt@y=\dimen194
\pgf@pt@temp=\dimen195
)
(/usr/share/texlive/texmf-dist/tex/generic/pgf/basiclayer/pgfcorequick.code.tex
File: pgfcorequick.code.tex 2020/01/08 v3.1.5b (3.1.5b)
)
(/usr/share/texlive/texmf-dist/tex/generic/pgf/basiclayer/pgfcoreobjects.code.t
ex
File: pgfcoreobjects.code.tex 2020/01/08 v3.1.5b (3.1.5b)
)
(/usr/share/texlive/texmf-dist/tex/generic/pgf/basiclayer/pgfcorepathprocessing
.code.tex
File: pgfcorepathprocessing.code.tex 2020/01/08 v3.1.5b (3.1.5b)
)
(/usr/share/texlive/texmf-dist/tex/generic/pgf/basiclayer/pgfcorearrows.code.te
x
File: pgfcorearrows.code.tex 2020/01/08 v3.1.5b (3.1.5b)
\pgfarrowsep=\dimen196
)
(/usr/share/texlive/texmf-dist/tex/generic/pgf/basiclayer/pgfcoreshade.code.tex
File: pgfcoreshade.code.tex 2020/01/08 v3.1.5b (3.1.5b)
\pgf@max=\dimen197
\pgf@sys@shading@range@num=\count275
\pgf@shadingcount=\count276
)
(/usr/share/texlive/texmf-dist/tex/generic/pgf/basiclayer/pgfcoreimage.code.tex
File: pgfcoreimage.code.tex 2020/01/08 v3.1.5b (3.1.5b)

(/usr/share/texlive/texmf-dist/tex/generic/pgf/basiclayer/pgfcoreexternal.code.
tex
File: pgfcoreexternal.code.tex 2020/01/08 v3.1.5b (3.1.5b)
\pgfexternal@startupbox=\box53
))
(/usr/share/texlive/texmf-dist/tex/generic/pgf/basiclayer/pgfcorelayers.code.te
x
File: pgfcorelayers.code.tex 2020/01/08 v3.1.5b (3.1.5b)
)
(/usr/share/texlive/texmf-dist/tex/generic/pgf/basiclayer/pgfcoretransparency.c
ode.tex
File: pgfcoretransparency.code.tex 2020/01/08 v3.1.5b (3.1.5b)
)
(/usr/share/texlive/texmf-dist/tex/generic/pgf/basiclayer/pgfcorepatterns.code.
tex
File: pgfcorepatterns.code.tex 2020/01/08 v3.1.5b (3.1.5b)
)
(/usr/share/texlive/texmf-dist/tex/generic/pgf/basiclayer/pgfcorerdf.code.tex
File: pgfcorerdf.code.tex 2020/01/08 v3.1.5b (3.1.5b)
)))
(/usr/share/texlive/texmf-dist/tex/generic/pgf/modules/pgfmoduleshapes.code.tex
File: pgfmoduleshapes.code.tex 2020/01/08 v3.1.5b (3.1.5b)
\pgfnodeparttextbox=\box54
) (/usr/share/texlive/texmf-dist/tex/generic/pgf/modules/pgfmoduleplot.code.tex
File: pgfmoduleplot.code.tex 2020/01/08 v3.1.5b (3.1.5b)
)
(/usr/share/texlive/texmf-dist/tex/latex/pgf/compatibility/pgfcomp-version-0-65
.sty
Package: pgfcomp-version-0-65 2020/01/08 v3.1.5b (3.1.5b)
\pgf@nodesepstart=\dimen198
\pgf@nodesepend=\dimen199
)
(/usr/share/texlive/texmf-dist/tex/latex/pgf/compatibility/pgfcomp-version-1-18
.sty
Package: pgfcomp-version-1-18 2020/01/08 v3.1.5b (3.1.5b)
)) (/usr/share/texlive/texmf-dist/tex/latex/pgf/utilities/pgffor.sty
(/usr/share/texlive/texmf-dist/tex/latex/pgf/utilities/pgfkeys.sty
(/usr/share/texlive/texmf-dist/tex/generic/pgf/utilities/pgfkeys.code.tex))
(/usr/share/texlive/texmf-dist/tex/latex/pgf/math/pgfmath.sty
(/usr/share/texlive/texmf-dist/tex/generic/pgf/math/pgfmath.code.tex))
(/usr/share/texlive/texmf-dist/tex/generic/pgf/utilities/pgffor.code.tex
Package: pgffor 2020/01/08 v3.1.5b (3.1.5b)

(/usr/share/texlive/texmf-dist/tex/generic/pgf/math/pgfmath.code.tex)
\pgffor@iter=\dimen256
\pgffor@skip=\dimen257
\pgffor@stack=\toks38
\pgffor@toks=\toks39
))
(/usr/share/texlive/texmf-dist/tex/generic/pgf/frontendlayer/tikz/tikz.code.tex
Package: tikz 2020/01/08 v3.1.5b (3.1.5b)

(/usr/share/texlive/texmf-dist/tex/generic/pgf/libraries/pgflibraryplothandlers
.code.tex
File: pgflibraryplothandlers.code.tex 2020/01/08 v3.1.5b (3.1.5b)
\pgf@plot@mark@count=\count277
\pgfplotmarksize=\dimen258
)
\tikz@lastx=\dimen259
\tikz@lasty=\dimen260
\tikz@lastxsaved=\dimen261
\tikz@lastysaved=\dimen262
\tikz@lastmovetox=\dimen263
\tikz@lastmovetoy=\dimen264
\tikzleveldistance=\dimen265
\tikzsiblingdistance=\dimen266
\tikz@figbox=\box55
\tikz@figbox@bg=\box56
\tikz@tempbox=\box57
\tikz@tempbox@bg=\box58
\tikztreelevel=\count278
\tikznumberofchildren=\count279
\tikznumberofcurrentchild=\count280
\tikz@fig@count=\count281

(/usr/share/texlive/texmf-dist/tex/generic/pgf/modules/pgfmodulematrix.code.tex
File: pgfmodulematrix.code.tex 2020/01/08 v3.1.5b (3.1.5b)
\pgfmatrixcurrentrow=\count282
\pgfmatrixcurrentcolumn=\count283
\pgf@matrix@numberofcolumns=\count284
)
\tikz@expandcount=\count285

(/usr/share/texlive/texmf-dist/tex/generic/pgf/frontendlayer/tikz/libraries/tik
zlibrarytopaths.code.tex
File: tikzlibrarytopaths.code.tex 2020/01/08 v3.1.5b (3.1.5b)
)))
(/usr/share/texlive/texmf-dist/tex/generic/pgf/frontendlayer/tikz/libraries/tik
zlibraryplotmarks.code.tex
File: tikzlibraryplotmarks.code.tex 2020/01/08 v3.1.5b (3.1.5b)

(/usr/share/texlive/texmf-dist/tex/generic/pgf/libraries/pgflibraryplotmarks.co
de.tex
File: pgflibraryplotmarks.code.tex 2020/01/08 v3.1.5b (3.1.5b)
)) (/usr/share/texlive/texmf-dist/tex/latex/mathtools/empheq.sty
Package: empheq 2017/03/31 v2.15 Emphasizing equations

(/usr/share/texlive/texmf-dist/tex/latex/mathtools/mhsetup.sty
Package: mhsetup 2017/03/31 v1.3 programming setup (MH)
)
(/usr/share/texlive/texmf-dist/tex/latex/mathtools/mathtools.sty
Package: mathtools 2020/01/17 v1.23 mathematical typesetting tools
LaTeX Info: Thecontrolsequence`\('isalreadyrobust on input line 129.
LaTeX Info: Thecontrolsequence`\)'isalreadyrobust on input line 129.
LaTeX Info: Thecontrolsequence`\['isalreadyrobust on input line 129.
LaTeX Info: Thecontrolsequence`\]'isalreadyrobust on input line 129.
\g_MT_multlinerow_int=\count286
\l_MT_multwidth_dim=\dimen267
\origjot=\skip94
\l_MT_shortvdotswithinadjustabove_dim=\dimen268
\l_MT_shortvdotswithinadjustbelow_dim=\dimen269
\l_MT_above_intertext_sep=\dimen270
\l_MT_below_intertext_sep=\dimen271
\l_MT_above_shortintertext_sep=\dimen272
\l_MT_below_shortintertext_sep=\dimen273
)
\l_EQ_equationtype_int=\count287
\l_EQ_alignmentmode_int=\count288
\l_EQ_totalwidth_dim=\dimen274
\l_EQ_displaywidth_dim=\dimen275
\l_EQ_temp_linewidth_dim=\dimen276
\EmphEqdelimitershortfall=\dimen277
\EmphEqdelimiterfactor=\count289
\g_EQ_toptag_height_dim=\dimen278
\g_EQ_bottomtag_depth_dim=\dimen279
\g_EQ_toprow_height_dim=\dimen280
\g_EQ_bottomrow_depth_dim=\dimen281
\g_EQ_widesttag_dim=\dimen282
\EQ_mathdisplay_box=\box59
\EQ_tag_box=\box60
\g_EQ_temprow_int=\count290
)
(/usr/share/texlive/texmf-dist/tex/latex/caption/caption.sty
Package: caption 2020/01/03 v3.4h Customizing captions (AR)

(/usr/share/texlive/texmf-dist/tex/latex/caption/caption3.sty
Package: caption3 2020/01/03 v1.8h caption3 kernel (AR)
Package caption3 Info: TeX engine: e-TeX on input line 61.
\captionmargin=\dimen283
\captionmargin@=\dimen284
\captionwidth=\dimen285
\caption@tempdima=\dimen286
\caption@indent=\dimen287
\caption@parindent=\dimen288
\caption@hangindent=\dimen289
Package caption Info: Standard document class detected.
)
\c@caption@flags=\count291
\c@continuedfloat=\count292
)
(/usr/share/texlive/texmf-dist/tex/latex/hyperref/hyperref.sty
Package: hyperref 2020/01/14 v7.00d Hypertext links for LaTeX

(/usr/share/texlive/texmf-dist/tex/generic/ltxcmds/ltxcmds.sty
Package: ltxcmds 2019/12/15 v1.24 LaTeX kernel commands for general use (HO)
)
(/usr/share/texlive/texmf-dist/tex/latex/pdftexcmds/pdftexcmds.sty
Package: pdftexcmds 2019/11/24 v0.31 Utility functions of pdfTeX for LuaTeX (HO
)

(/usr/share/texlive/texmf-dist/tex/generic/infwarerr/infwarerr.sty
Package: infwarerr 2019/12/03 v1.5 Providing info/warning/error messages (HO)
)
Package pdftexcmds Info: \pdf@primitive is available.
Package pdftexcmds Info: \pdf@ifprimitive is available.
Package pdftexcmds Info: \pdfdraftmode found.
)
(/usr/share/texlive/texmf-dist/tex/generic/kvsetkeys/kvsetkeys.sty
Package: kvsetkeys 2019/12/15 v1.18 Key value parser (HO)
)
(/usr/share/texlive/texmf-dist/tex/generic/kvdefinekeys/kvdefinekeys.sty
Package: kvdefinekeys 2019-12-19 v1.6 Define keys (HO)
)
(/usr/share/texlive/texmf-dist/tex/generic/pdfescape/pdfescape.sty
Package: pdfescape 2019/12/09 v1.15 Implements pdfTeX's escape features (HO)
)
(/usr/share/texlive/texmf-dist/tex/latex/hycolor/hycolor.sty
Package: hycolor 2020-01-27 v1.10 Color options for hyperref/bookmark (HO)
)
(/usr/share/texlive/texmf-dist/tex/latex/letltxmacro/letltxmacro.sty
Package: letltxmacro 2019/12/03 v1.6 Let assignment for LaTeX macros (HO)
)
(/usr/share/texlive/texmf-dist/tex/latex/auxhook/auxhook.sty
Package: auxhook 2019-12-17 v1.6 Hooks for auxiliary files (HO)
)
(/usr/share/texlive/texmf-dist/tex/latex/kvoptions/kvoptions.sty
Package: kvoptions 2019/11/29 v3.13 Key value format for package options (HO)
)
\@linkdim=\dimen290
\Hy@linkcounter=\count293
\Hy@pagecounter=\count294

(/usr/share/texlive/texmf-dist/tex/latex/hyperref/pd1enc.def
File: pd1enc.def 2020/01/14 v7.00d Hyperref: PDFDocEncoding definition (HO)
Now handling font encoding PD1 ...
... no UTF-8 mapping file for font encoding PD1
)
(/usr/share/texlive/texmf-dist/tex/generic/intcalc/intcalc.sty
Package: intcalc 2019/12/15 v1.3 Expandable calculations with integers (HO)
)
(/usr/share/texlive/texmf-dist/tex/generic/etexcmds/etexcmds.sty
Package: etexcmds 2019/12/15 v1.7 Avoid name clashes with e-TeX commands (HO)
)
\Hy@SavedSpaceFactor=\count295
\pdfmajorversion=\count296
Package hyperref Info: Option `colorlinks' set `true' on input line 4421.
Package hyperref Info: Hyper figures OFF on input line 4547.
Package hyperref Info: Link nesting OFF on input line 4552.
Package hyperref Info: Hyper index ON on input line 4555.
Package hyperref Info: Plain pages OFF on input line 4562.
Package hyperref Info: Backreferencing OFF on input line 4567.
Package hyperref Info: Implicit mode ON; LaTeX internals redefined.
Package hyperref Info: Bookmarks ON on input line 4800.
\c@Hy@tempcnt=\count297

(/usr/share/texlive/texmf-dist/tex/latex/url/url.sty
\Urlmuskip=\muskip17
Package: url 2013/09/16  ver 3.4  Verb mode for urls, etc.
)
LaTeX Info: Redefining \url on input line 5159.
\XeTeXLinkMargin=\dimen291

(/usr/share/texlive/texmf-dist/tex/generic/bitset/bitset.sty
Package: bitset 2019/12/09 v1.3 Handle bit-vector datatype (HO)

(/usr/share/texlive/texmf-dist/tex/generic/bigintcalc/bigintcalc.sty
Package: bigintcalc 2019/12/15 v1.5 Expandable calculations on big integers (HO
)
))
\Fld@menulength=\count298
\Field@Width=\dimen292
\Fld@charsize=\dimen293
Package hyperref Info: Hyper figures OFF on input line 6430.
Package hyperref Info: Link nesting OFF on input line 6435.
Package hyperref Info: Hyper index ON on input line 6438.
Package hyperref Info: backreferencing OFF on input line 6445.
Package hyperref Info: Link coloring ON on input line 6448.
Package hyperref Info: Link coloring with OCG OFF on input line 6455.
Package hyperref Info: PDF/A mode OFF on input line 6460.
LaTeX Info: Redefining \ref on input line 6500.
LaTeX Info: Redefining \pageref on input line 6504.

(/usr/share/texlive/texmf-dist/tex/generic/atbegshi/atbegshi.sty
Package: atbegshi 2019/12/05 v1.19 At begin shipout hook (HO)
)
\Hy@abspage=\count299
\c@Item=\count300
\c@Hfootnote=\count301
)
Package hyperref Info: Driver (autodetected): hpdftex.

(/usr/share/texlive/texmf-dist/tex/latex/hyperref/hpdftex.def
File: hpdftex.def 2020/01/14 v7.00d Hyperref driver for pdfTeX

(/usr/share/texlive/texmf-dist/tex/latex/atveryend/atveryend.sty
Package: atveryend 2019-12-11 v1.11 Hooks at the very end of document (HO)
Package atveryend Info: \enddocument detected (standard20110627).
)
\Fld@listcount=\count302
\c@bookmark@seq@number=\count303

(/usr/share/texlive/texmf-dist/tex/latex/rerunfilecheck/rerunfilecheck.sty
Package: rerunfilecheck 2019/12/05 v1.9 Rerun checks for auxiliary files (HO)

(/usr/share/texlive/texmf-dist/tex/generic/uniquecounter/uniquecounter.sty
Package: uniquecounter 2019/12/15 v1.4 Provide unlimited unique counter (HO)
)
Package uniquecounter Info: New unique counter `rerunfilecheck' on input line 2
86.
)
\Hy@SectionHShift=\skip95
)
(/usr/share/texlive/texmf-dist/tex/latex/cleveref/cleveref.sty
Package: cleveref 2018/03/27 v0.21.4 Intelligent cross-referencing
Package cleveref Info: `hyperref' support loaded on input line 2370.
LaTeX Info: Redefining \cref on input line 2370.
LaTeX Info: Redefining \Cref on input line 2370.
LaTeX Info: Redefining \crefrange on input line 2370.
LaTeX Info: Redefining \Crefrange on input line 2370.
LaTeX Info: Redefining \cpageref on input line 2370.
LaTeX Info: Redefining \Cpageref on input line 2370.
LaTeX Info: Redefining \cpagerefrange on input line 2370.
LaTeX Info: Redefining \Cpagerefrange on input line 2370.
LaTeX Info: Redefining \labelcref on input line 2370.
LaTeX Info: Redefining \labelcpageref on input line 2370.
Package cleveref Info: `amsthm' support loaded on input line 3026.
)
(/usr/share/texlive/texmf-dist/tex/latex/biblatex/biblatex.sty
Package: biblatex 2019/12/01 v3.14 programmable bibliographies (PK/MW)

(/usr/share/texlive/texmf-dist/tex/latex/etoolbox/etoolbox.sty
Package: etoolbox 2019/09/21 v2.5h e-TeX tools for LaTeX (JAW)
\etb@tempcnta=\count304
)
(/usr/share/texlive/texmf-dist/tex/latex/logreq/logreq.sty
Package: logreq 2010/08/04 v1.0 xml request logger
\lrq@indent=\count305

(/usr/share/texlive/texmf-dist/tex/latex/logreq/logreq.def
File: logreq.def 2010/08/04 v1.0 logreq spec v1.0
))
\c@tabx@nest=\count306
\c@listtotal=\count307
\c@listcount=\count308
\c@liststart=\count309
\c@liststop=\count310
\c@citecount=\count311
\c@citetotal=\count312
\c@multicitecount=\count313
\c@multicitetotal=\count314
\c@instcount=\count315
\c@maxnames=\count316
\c@minnames=\count317
\c@maxitems=\count318
\c@minitems=\count319
\c@citecounter=\count320
\c@maxcitecounter=\count321
\c@savedcitecounter=\count322
\c@uniquelist=\count323
\c@uniquename=\count324
\c@refsection=\count325
\c@refsegment=\count326
\c@maxextratitle=\count327
\c@maxextratitleyear=\count328
\c@maxextraname=\count329
\c@maxextradate=\count330
\c@maxextraalpha=\count331
\c@abbrvpenalty=\count332
\c@highnamepenalty=\count333
\c@lownamepenalty=\count334
\c@maxparens=\count335
\c@parenlevel=\count336
\blx@tempcnta=\count337
\blx@tempcntb=\count338
\blx@tempcntc=\count339
\blx@maxsection=\count340
\blx@maxsegment@0=\count341
\blx@notetype=\count342
\blx@parenlevel@text=\count343
\blx@parenlevel@foot=\count344
\blx@sectionciteorder@0=\count345
\blx@entrysetcounter=\count346
\labelnumberwidth=\skip96
\labelalphawidth=\skip97
\biblabelsep=\skip98
\bibitemsep=\skip99
\bibnamesep=\skip100
\bibinitsep=\skip101
\bibparsep=\skip102
\bibhang=\skip103
\blx@bcfin=\read3
\blx@bcfout=\write4
\blx@langwohyphens=\language85
\c@mincomprange=\count347
\c@maxcomprange=\count348
\c@mincompwidth=\count349
Package biblatex Info: Trying to load biblatex default data model...
Package biblatex Info: ... file 'blx-dm.def' found.

(/usr/share/texlive/texmf-dist/tex/latex/biblatex/blx-dm.def
File: blx-dm.def 2019/12/01 v3.14 biblatex localization (PK/MW)
)
Package biblatex Info: Trying to load biblatex style data model...
Package biblatex Info: ... file 'numeric-comp.dbx' not found.
Package biblatex Info: Trying to load biblatex custom data model...
Package biblatex Info: ... file 'biblatex-dm.cfg' not found.
\c@afterword=\count350
\c@savedafterword=\count351
\c@annotator=\count352
\c@savedannotator=\count353
\c@author=\count354
\c@savedauthor=\count355
\c@bookauthor=\count356
\c@savedbookauthor=\count357
\c@commentator=\count358
\c@savedcommentator=\count359
\c@editor=\count360
\c@savededitor=\count361
\c@editora=\count362
\c@savededitora=\count363
\c@editorb=\count364
\c@savededitorb=\count365
\c@editorc=\count366
\c@savededitorc=\count367
\c@foreword=\count368
\c@savedforeword=\count369
\c@holder=\count370
\c@savedholder=\count371
\c@introduction=\count372
\c@savedintroduction=\count373
\c@namea=\count374
\c@savednamea=\count375
\c@nameb=\count376
\c@savednameb=\count377
\c@namec=\count378
\c@savednamec=\count379
\c@translator=\count380
\c@savedtranslator=\count381
\c@shortauthor=\count382
\c@savedshortauthor=\count383
\c@shorteditor=\count384
\c@savedshorteditor=\count385
\c@labelname=\count386
\c@savedlabelname=\count387
\c@institution=\count388
\c@savedinstitution=\count389
\c@lista=\count390
\c@savedlista=\count391
\c@listb=\count392
\c@savedlistb=\count393
\c@listc=\count394
\c@savedlistc=\count395
\c@listd=\count396
\c@savedlistd=\count397
\c@liste=\count398
\c@savedliste=\count399
\c@listf=\count400
\c@savedlistf=\count401
\c@location=\count402
\c@savedlocation=\count403
\c@organization=\count404
\c@savedorganization=\count405
\c@origlocation=\count406
\c@savedoriglocation=\count407
\c@origpublisher=\count408
\c@savedorigpublisher=\count409
\c@publisher=\count410
\c@savedpublisher=\count411
\c@language=\count412
\c@savedlanguage=\count413
\c@origlanguage=\count414
\c@savedoriglanguage=\count415
\c@pageref=\count416
\c@savedpageref=\count417
\shorthandwidth=\skip104
\shortjournalwidth=\skip105
\shortserieswidth=\skip106
\shorttitlewidth=\skip107
\shortauthorwidth=\skip108
\shorteditorwidth=\skip109
\locallabelnumberwidth=\skip110
\locallabelalphawidth=\skip111
\localshorthandwidth=\skip112
\localshortjournalwidth=\skip113
\localshortserieswidth=\skip114
\localshorttitlewidth=\skip115
\localshortauthorwidth=\skip116
\localshorteditorwidth=\skip117
Package biblatex Info: Trying to load compatibility code...
Package biblatex Info: ... file 'blx-compat.def' found.

(/usr/share/texlive/texmf-dist/tex/latex/biblatex/blx-compat.def
File: blx-compat.def 2019/12/01 v3.14 biblatex compatibility (PK/MW)
)
Package biblatex Info: Trying to load BibTeX backend compatibility...
Package biblatex Info: ... file 'blx-bibtex.def' found.

(/usr/share/texlive/texmf-dist/tex/latex/biblatex/blx-bibtex.def
File: blx-bibtex.def 2019/12/01 v3.14 biblatex compatibility (PK/MW)


Package biblatex Warning: Using fall-back BibTeX(8) backend:
(biblatex)                functionality may be reduced/unavailable.

)
Package biblatex Info: Trying to load generic definitions...
Package biblatex Info: ... file 'biblatex.def' found.
 (/usr/share/texlive/texmf-dist/tex/latex/biblatex/biblatex.def
File: biblatex.def 2019/12/01 v3.14 biblatex compatibility (PK/MW)
\c@textcitecount=\count418
\c@textcitetotal=\count419
\c@textcitemaxnames=\count420
\c@biburlbigbreakpenalty=\count421
\c@biburlbreakpenalty=\count422
\c@biburlnumpenalty=\count423
\c@biburlucpenalty=\count424
\c@biburllcpenalty=\count425
\biburlbigskip=\muskip18
\biburlnumskip=\muskip19
\biburlucskip=\muskip20
\biburllcskip=\muskip21
\c@smartand=\count426
)
Package biblatex Info: Trying to load bibliography style 'numeric-comp'...
Package biblatex Info: ... file 'numeric-comp.bbx' found.

(/usr/share/texlive/texmf-dist/tex/latex/biblatex/bbx/numeric-comp.bbx
File: numeric-comp.bbx 2019/12/01 v3.14 biblatex bibliography style (PK/MW)
Package biblatex Info: Trying to load bibliography style 'numeric'...
Package biblatex Info: ... file 'numeric.bbx' found.

(/usr/share/texlive/texmf-dist/tex/latex/biblatex/bbx/numeric.bbx
File: numeric.bbx 2019/12/01 v3.14 biblatex bibliography style (PK/MW)
Package biblatex Info: Trying to load bibliography style 'standard'...
Package biblatex Info: ... file 'standard.bbx' found.

(/usr/share/texlive/texmf-dist/tex/latex/biblatex/bbx/standard.bbx
File: standard.bbx 2019/12/01 v3.14 biblatex bibliography style (PK/MW)
\c@bbx:relatedcount=\count427
\c@bbx:relatedtotal=\count428
)))
Package biblatex Info: Trying to load citation style 'numeric-comp'...
Package biblatex Info: ... file 'numeric-comp.cbx' found.

(/usr/share/texlive/texmf-dist/tex/latex/biblatex/cbx/numeric-comp.cbx
File: numeric-comp.cbx 2019/12/01 v3.14 biblatex citation style (PK/MW)
\c@cbx@tempcnta=\count429
\c@cbx@tempcntb=\count430
Package biblatex Info: Redefining '\cite'.
Package biblatex Info: Redefining '\parencite'.
Package biblatex Info: Redefining '\footcite'.
Package biblatex Info: Redefining '\footcitetext'.
Package biblatex Info: Redefining '\smartcite'.
Package biblatex Info: Redefining '\supercite'.
Package biblatex Info: Redefining '\textcite'.
Package biblatex Info: Redefining '\textcites'.
Package biblatex Info: Redefining '\cites'.
Package biblatex Info: Redefining '\parencites'.
Package biblatex Info: Redefining '\smartcites'.
)
Package biblatex Info: Trying to load configuration file...
Package biblatex Info: ... file 'biblatex.cfg' found.

(/usr/share/texlive/texmf-dist/tex/latex/biblatex/biblatex.cfg
File: biblatex.cfg 
))
(/usr/share/texlive/texmf-dist/tex/latex/amsfonts/amsfonts.sty
Package: amsfonts 2013/01/14 v3.01 Basic AMSFonts support
\symAMSa=\mathgroup4
\symAMSb=\mathgroup5
LaTeX Font Info:    Redeclaring math symbol \hbar on input line 98.
LaTeX Font Info:    Overwriting math alphabet `\mathfrak' in version `bold'
(Font)                  U/euf/m/n --> U/euf/b/n on input line 106.
)
(/usr/share/texlive/texmf-dist/tex/latex/amsfonts/amssymb.sty
Package: amssymb 2013/01/14 v3.01 AMS font symbols
)
(/usr/share/texlive/texmf-dist/tex/latex/caption/subcaption.sty
Package: subcaption 2020/01/22 v1.3d Sub-captions (AR)
\c@subfigure=\count431
\c@subtable=\count432
))
(/usr/share/texlive/texmf-dist/tex/latex/base/inputenc.sty
Package: inputenc 2018/08/11 v1.3c Input encoding file
\inpenc@prehook=\toks40
\inpenc@posthook=\toks41
)
(/usr/share/texlive/texmf-dist/tex/latex/carlisle/slashed.sty
Package: slashed 1997/01/16 v0.01 Feynman Slashed Character Notation (DPC)
)
(/usr/share/texlive/texmf-dist/tex/latex/doublestroke/dsfont.sty
Package: dsfont 1995/08/01 v0.1 Double stroke roman fonts
)
(/usr/share/texlive/texmf-dist/tex/latex/tools/bm.sty
Package: bm 2019/07/24 v1.2d Bold Symbol Support (DPC/FMi)
\symboldoperators=\mathgroup6
\symboldletters=\mathgroup7
\symboldsymbols=\mathgroup8
LaTeX Font Info:    Redeclaring math alphabet \mathbf on input line 141.
LaTeX Info: Redefining \bm on input line 209.
)
(/usr/share/texlive/texmf-dist/tex/latex/tools/verbatim.sty
Package: verbatim 2019/11/10 v1.5r LaTeX2e package for verbatim enhancements
\every@verbatim=\toks42
\verbatim@line=\toks43
\verbatim@in@stream=\read4
) (./tikzit.sty
(/usr/share/texlive/texmf-dist/tex/generic/pgf/frontendlayer/tikz/libraries/tik
zlibrarybackgrounds.code.tex
File: tikzlibrarybackgrounds.code.tex 2020/01/08 v3.1.5b (3.1.5b)
\pgf@layerbox@background=\box61
\pgf@layerboxsaved@background=\box62
)
(/usr/share/texlive/texmf-dist/tex/generic/pgf/frontendlayer/tikz/libraries/tik
zlibraryarrows.code.tex
File: tikzlibraryarrows.code.tex 2020/01/08 v3.1.5b (3.1.5b)

(/usr/share/texlive/texmf-dist/tex/generic/pgf/libraries/pgflibraryarrows.code.
tex
File: pgflibraryarrows.code.tex 2020/01/08 v3.1.5b (3.1.5b)
\arrowsize=\dimen294
))
(/usr/share/texlive/texmf-dist/tex/generic/pgf/frontendlayer/tikz/libraries/tik
zlibraryshapes.code.tex
File: tikzlibraryshapes.code.tex 2020/01/08 v3.1.5b (3.1.5b)

(/usr/share/texlive/texmf-dist/tex/generic/pgf/frontendlayer/tikz/libraries/tik
zlibraryshapes.geometric.code.tex
File: tikzlibraryshapes.geometric.code.tex 2020/01/08 v3.1.5b (3.1.5b)

(/usr/share/texlive/texmf-dist/tex/generic/pgf/libraries/shapes/pgflibraryshape
s.geometric.code.tex
File: pgflibraryshapes.geometric.code.tex 2020/01/08 v3.1.5b (3.1.5b)
))
(/usr/share/texlive/texmf-dist/tex/generic/pgf/frontendlayer/tikz/libraries/tik
zlibraryshapes.misc.code.tex
File: tikzlibraryshapes.misc.code.tex 2020/01/08 v3.1.5b (3.1.5b)

(/usr/share/texlive/texmf-dist/tex/generic/pgf/libraries/shapes/pgflibraryshape
s.misc.code.tex
File: pgflibraryshapes.misc.code.tex 2020/01/08 v3.1.5b (3.1.5b)
))
(/usr/share/texlive/texmf-dist/tex/generic/pgf/frontendlayer/tikz/libraries/tik
zlibraryshapes.symbols.code.tex
File: tikzlibraryshapes.symbols.code.tex 2020/01/08 v3.1.5b (3.1.5b)

(/usr/share/texlive/texmf-dist/tex/generic/pgf/libraries/shapes/pgflibraryshape
s.symbols.code.tex
File: pgflibraryshapes.symbols.code.tex 2020/01/08 v3.1.5b (3.1.5b)
))
(/usr/share/texlive/texmf-dist/tex/generic/pgf/frontendlayer/tikz/libraries/tik
zlibraryshapes.arrows.code.tex
File: tikzlibraryshapes.arrows.code.tex 2020/01/08 v3.1.5b (3.1.5b)

(/usr/share/texlive/texmf-dist/tex/generic/pgf/libraries/shapes/pgflibraryshape
s.arrows.code.tex
File: pgflibraryshapes.arrows.code.tex 2020/01/08 v3.1.5b (3.1.5b)
))
(/usr/share/texlive/texmf-dist/tex/generic/pgf/frontendlayer/tikz/libraries/tik
zlibraryshapes.callouts.code.tex
(/usr/share/texlive/texmf-dist/tex/generic/pgf/libraries/shapes/pgflibraryshape
s.callouts.code.tex))
(/usr/share/texlive/texmf-dist/tex/generic/pgf/frontendlayer/tikz/libraries/tik
zlibraryshapes.multipart.code.tex
File: tikzlibraryshapes.multipart.code.tex 2020/01/08 v3.1.5b (3.1.5b)

(/usr/share/texlive/texmf-dist/tex/generic/pgf/libraries/shapes/pgflibraryshape
s.multipart.code.tex
File: pgflibraryshapes.multipart.code.tex 2020/01/08 v3.1.5b (3.1.5b)
\pgfnodepartlowerbox=\box63
\pgfnodeparttwobox=\box64
\pgfnodepartthreebox=\box65
\pgfnodepartfourbox=\box66
\pgfnodeparttwentybox=\box67
\pgfnodepartnineteenbox=\box68
\pgfnodeparteighteenbox=\box69
\pgfnodepartseventeenbox=\box70
\pgfnodepartsixteenbox=\box71
\pgfnodepartfifteenbox=\box72
\pgfnodepartfourteenbox=\box73
\pgfnodepartthirteenbox=\box74
\pgfnodeparttwelvebox=\box75
\pgfnodepartelevenbox=\box76
\pgfnodeparttenbox=\box77
\pgfnodepartninebox=\box78
\pgfnodeparteightbox=\box79
\pgfnodepartsevenbox=\box80
\pgfnodepartsixbox=\box81
\pgfnodepartfivebox=\box82
)))
\pgf@layerbox@edgelayer=\box83
\pgf@layerboxsaved@edgelayer=\box84
\pgf@layerbox@nodelayer=\box85
\pgf@layerboxsaved@nodelayer=\box86
) (./tikzit/plaquettes.tikzstyles)
(/usr/share/texlive/texmf-dist/tex/latex/tikzscale/tikzscale.sty
Package: tikzscale 2013/05/22 v0.2.6 tikzscale LaTeX package

(/usr/share/texlive/texmf-dist/tex/latex/l3packages/xparse/xparse.sty
(/usr/share/texlive/texmf-dist/tex/latex/l3kernel/expl3.sty
Package: expl3 2020-02-14 L3 programming layer (loader) 

(/usr/share/texlive/texmf-dist/tex/latex/l3backend/l3backend-pdfmode.def
File: l3backend-pdfmode.def 2020-02-03 L3 backend support: PDF mode
\l__kernel_color_stack_int=\count433
\l__pdf_internal_box=\box87
))
Package: xparse 2020-02-14 L3 Experimental document command parser
\l__xparse_current_arg_int=\count434
\g__xparse_grabber_int=\count435
\l__xparse_m_args_int=\count436
\l__xparse_v_nesting_int=\count437
)
(/usr/share/texlive/texmf-dist/tex/generic/xstring/xstring.sty
(/usr/share/texlive/texmf-dist/tex/generic/xstring/xstring.tex
\integerpart=\count438
\decimalpart=\count439
)
Package: xstring 2019/02/06 v1.83 String manipulations (CT)
)
\tikzscale@measuredSize=\box88
)
(/usr/share/texlive/texmf-dist/tex/latex/multirow/multirow.sty
Package: multirow 2019/05/31 v2.5 Span multiple rows of a table
\multirow@colwidth=\skip118
\multirow@cntb=\count440
\multirow@dima=\skip119
\bigstrutjot=\dimen295
)
(/usr/share/texlive/texmf-dist/tex/latex/appendix/appendix.sty
Package: appendix 2020/02/08 v1.2c extra appendix facilities
\c@@pps=\count441
\c@@ppsavesec=\count442
\c@@ppsaveapp=\count443
)
(/usr/share/texlive/texmf-dist/tex/latex/listings/listings.sty
\lst@mode=\count444
\lst@gtempboxa=\box89
\lst@token=\toks44
\lst@length=\count445
\lst@currlwidth=\dimen296
\lst@column=\count446
\lst@pos=\count447
\lst@lostspace=\dimen297
\lst@width=\dimen298
\lst@newlines=\count448
\lst@lineno=\count449
\lst@maxwidth=\dimen299

(/usr/share/texlive/texmf-dist/tex/latex/listings/lstmisc.sty
File: lstmisc.sty 2019/09/10 1.8c (Carsten Heinz)
\c@lstnumber=\count450
\lst@skipnumbers=\count451
\lst@framebox=\box90
)
(/usr/share/texlive/texmf-dist/tex/latex/listings/listings.cfg
File: listings.cfg 2019/09/10 1.8c listings configuration
))
Package: listings 2019/09/10 1.8c (Carsten Heinz)
\@quotelevel=\count452
\@quotereset=\count453
\tikzscale@accuracy=\skip120
 (./thesis.aux
(./intro.aux) (./complexSystems.aux) (./quakeModels.aux) (./quakeDatabase.aux

LaTeX Warning: Label `fig:simpleScatteritaly' multiply defined.


LaTeX Warning: Label `fig:simpleScatteritaly@cref' multiply defined.

) (./quakeNetwork.aux

LaTeX Warning: Label `fig:connectivityItWeighted' multiply defined.


LaTeX Warning: Label `fig:connectivityItWeighted@cref' multiply defined.

) (./quakeCorrelations.aux) (./conclusions.aux))
\openout1 = `thesis.aux'.

LaTeX Font Info:    Checking defaults for OML/cmm/m/it on input line 66.
LaTeX Font Info:    ... okay on input line 66.
LaTeX Font Info:    Checking defaults for OMS/cmsy/m/n on input line 66.
LaTeX Font Info:    ... okay on input line 66.
LaTeX Font Info:    Checking defaults for OT1/cmr/m/n on input line 66.
LaTeX Font Info:    ... okay on input line 66.
LaTeX Font Info:    Checking defaults for T1/cmr/m/n on input line 66.
LaTeX Font Info:    ... okay on input line 66.
LaTeX Font Info:    Checking defaults for TS1/cmr/m/n on input line 66.
LaTeX Font Info:    ... okay on input line 66.
LaTeX Font Info:    Checking defaults for OMX/cmex/m/n on input line 66.
LaTeX Font Info:    ... okay on input line 66.
LaTeX Font Info:    Checking defaults for U/cmr/m/n on input line 66.
LaTeX Font Info:    ... okay on input line 66.
LaTeX Font Info:    Checking defaults for PD1/pdf/m/n on input line 66.
LaTeX Font Info:    ... okay on input line 66.

(/usr/share/texlive/texmf-dist/tex/context/base/mkii/supp-pdf.mkii
[Loading MPS to PDF converter (version 2006.09.02).]
\scratchcounter=\count454
\scratchdimen=\dimen300
\scratchbox=\box91
\nofMPsegments=\count455
\nofMParguments=\count456
\everyMPshowfont=\toks45
\MPscratchCnt=\count457
\MPscratchDim=\dimen301
\MPnumerator=\count458
\makeMPintoPDFobject=\count459
\everyMPtoPDFconversion=\toks46
) (/usr/share/texlive/texmf-dist/tex/latex/epstopdf-pkg/epstopdf-base.sty
Package: epstopdf-base 2020-01-24 v2.11 Base part for package epstopdf
Package epstopdf-base Info: Redefining graphics rule for `.eps' on input line 4
85.

(/usr/share/texlive/texmf-dist/tex/latex/latexconfig/epstopdf-sys.cfg
File: epstopdf-sys.cfg 2010/07/13 v1.3 Configuration of (r)epstopdf for TeX Liv
e
))
*geometry* driver: auto-detecting
*geometry* detected driver: pdftex
*geometry* verbose mode - [ preamble ] result:
* driver: pdftex
* paper: a4paper
* layout: <same size as paper>
* layoutoffset:(h,v)=(0.0pt,0.0pt)
* modes: twoside 
* h-part:(L,W,R)=(68.28659pt, 426.79134pt, 102.42995pt)
* v-part:(T,H,B)=(76.25339pt, 654.41338pt, 114.38008pt)
* \paperwidth=597.50787pt
* \paperheight=845.04684pt
* \textwidth=426.79134pt
* \textheight=654.41338pt
* \oddsidemargin=-3.9834pt
* \evensidemargin=30.15996pt
* \topmargin=-33.0166pt
* \headheight=12.0pt
* \headsep=25.0pt
* \topskip=12.0pt
* \footskip=30.0pt
* \marginparwidth=95.0pt
* \marginparsep=10.0pt
* \columnsep=10.0pt
* \skip\footins=10.8pt plus 4.0pt minus 2.0pt
* \hoffset=0.0pt
* \voffset=0.0pt
* \mag=1000
* \@twocolumnfalse
* \@twosidetrue
* \@mparswitchtrue
* \@reversemarginfalse
* (1in=72.27pt=25.4mm, 1cm=28.453pt)

ABD: EveryShipout initializing macros
Package caption Info: Begin \AtBeginDocument code.
Package caption Info: hyperref package is loaded.
Package caption Info: listings package is loaded.
Package caption Info: End \AtBeginDocument code.
\AtBeginShipoutBox=\box92
Package hyperref Info: Link coloring ON on input line 66.

(/usr/share/texlive/texmf-dist/tex/latex/hyperref/nameref.sty
Package: nameref 2019/09/16 v2.46 Cross-referencing by name of section

(/usr/share/texlive/texmf-dist/tex/latex/refcount/refcount.sty
Package: refcount 2019/12/15 v3.6 Data extraction from label references (HO)
)
(/usr/share/texlive/texmf-dist/tex/generic/gettitlestring/gettitlestring.sty
Package: gettitlestring 2019/12/15 v1.6 Cleanup title references (HO)
)
\c@section@level=\count460
)
LaTeX Info: Redefining \ref on input line 66.
LaTeX Info: Redefining \pageref on input line 66.
LaTeX Info: Redefining \nameref on input line 66.

(./thesis.out) (./thesis.out)
\@outlinefile=\write5
\openout5 = `thesis.out'.

Package biblatex Info: Trying to load language 'english'...
Package biblatex Info: ... file 'english.lbx' found.

(/usr/share/texlive/texmf-dist/tex/latex/biblatex/lbx/english.lbx
File: english.lbx 2019/12/01 v3.14 biblatex localization (PK/MW)
)
Package biblatex Info: Input encoding 'utf8' detected.
Package biblatex Info: Automatic encoding selection.
(biblatex)             Assuming data encoding 'utf8'.
Package biblatex Info: Input encoding 'utf8' specified.
Package biblatex Info: Data encoding 'utf8' specified.
(biblatex)             No need to reencode data.
\openout4 = `thesis-blx.bib'.

Package biblatex Info: Trying to load bibliographic data...
Package biblatex Info: ... file 'thesis.bbl' found.

(./thesis.bbl

Package biblatex Warning: BibTeX reported the following issues
(biblatex)                with 'simplestSOC':
(biblatex)                - Invalid format of field 'month'.


Package biblatex Warning: BibTeX reported the following issues
(biblatex)                with 'BTW':
(biblatex)                - Invalid format of field 'month'.


Package biblatex Warning: BibTeX reported the following issues
(biblatex)                with 'Watkins2015':
(biblatex)                - Invalid format of field 'month'.


Package biblatex Warning: BibTeX reported the following issues
(biblatex)                with 'Abe_2004':
(biblatex)                - Invalid format of field 'month'.

)
Package biblatex Info: Reference section=0 on input line 66.
Package biblatex Info: Reference segment=0 on input line 66.
\c@lstlisting=\count461
*geometry* verbose mode - [ newgeometry ] result:
* driver: pdftex
* paper: a4paper
* layout: <same size as paper>
* layoutoffset:(h,v)=(0.0pt,0.0pt)
* modes: twoside 
* h-part:(L,W,R)=(72.26999pt, 452.9679pt, 72.26999pt)
* v-part:(T,H,B)=(72.26999pt, 700.50687pt, 72.26999pt)
* \paperwidth=597.50787pt
* \paperheight=845.04684pt
* \textwidth=452.9679pt
* \textheight=700.50687pt
* \oddsidemargin=0.0pt
* \evensidemargin=0.0pt
* \topmargin=-37.0pt
* \headheight=12.0pt
* \headsep=25.0pt
* \topskip=12.0pt
* \footskip=30.0pt
* \marginparwidth=95.0pt
* \marginparsep=10.0pt
* \columnsep=10.0pt
* \skip\footins=10.8pt plus 4.0pt minus 2.0pt
* \hoffset=0.0pt
* \voffset=0.0pt
* \mag=1000
* \@twocolumnfalse
* \@twosidetrue
* \@mparswitchtrue
* \@reversemarginfalse
* (1in=72.27pt=25.4mm, 1cm=28.453pt)

 (./title.tex
<images/logo_university.png, id=191, 1215.54124pt x 1504.62125pt>
File: images/logo_university.png Graphic file (type png)
<use images/logo_university.png>
Package pdftex.def Info: images/logo_university.png  used on input line 22.
(pdftex.def)             Requested size: 56.58885pt x 70.05496pt.
LaTeX Font Info:    Trying to load font information for U+msa on input line 23.

 (/usr/share/texlive/texmf-dist/tex/latex/amsfonts/umsa.fd
File: umsa.fd 2013/01/14 v3.01 AMS symbols A
)
LaTeX Font Info:    Trying to load font information for U+msb on input line 23.


(/usr/share/texlive/texmf-dist/tex/latex/amsfonts/umsb.fd
File: umsb.fd 2013/01/14 v3.01 AMS symbols B
)
<images/logo_faculty.jpg, id=193, 501.875pt x 501.875pt>
File: images/logo_faculty.jpg Graphic file (type jpg)
<use images/logo_faculty.jpg>
Package pdftex.def Info: images/logo_faculty.jpg  used on input line 31.
(pdftex.def)             Requested size: 70.05525pt x 70.05496pt.

Overfull \hbox (2.11284pt too wide) in paragraph at lines 31--32
 [][] 
 []

LaTeX Font Info:    Trying to load font information for OT1+xcmss on input line
 36.
(/usr/share/texlive/texmf-dist/tex/latex/sansmathfonts/ot1xcmss.fd
File: ot1xcmss.fd 2019/04/04
) [1


{/var/lib/texmf/fonts/map/pdftex/updmap/pdftex.map} <./images/logo_university.p
ng> <./images/logo_faculty.jpg>]) [2


] (./thesis.toc [3

])
\tf@toc=\write6
\openout6 = `thesis.toc'.

 [4]
\openout2 = `intro.aux'.

 (./intro.tex)pdfTeX warning (ext4): destination with the same identifier (name
{page.1}) has been already used, duplicate ignored
<to be read again> 
                   \relax 
l.83 \include{intro}
                     [1



]pdfTeX warning (ext4): destination with the same identifier (name{page.2}) has
 been already used, duplicate ignored
<to be read again> 
                   \relax 
l.84 {\pagestyle{empty}\cleardoublepage
                                       } [2


]
\openout2 = `complexSystems.aux'.

 (./complexSystems.tex
Chapter 1.

Underfull \vbox (badness 3919) has occurred while \output is active []

pdfTeX warning (ext4): destination with the same identifier (name{page.3}) has 
been already used, duplicate ignored
<to be read again> 
                   \relax 
l.20 ...) passes through the transition point.\par
                                                   [3


]pdfTeX warning (ext4): destination with the same identifier (name{page.4}) has
 been already used, duplicate ignored
<to be read again> 
                   \relax 
l.33 
      [4] [5] [6]
<smallworld.png, id=331, 767.86874pt x 485.815pt>
File: smallworld.png Graphic file (type png)
<use smallworld.png>
Package pdftex.def Info: smallworld.png  used on input line 109.
(pdftex.def)             Requested size: 213.39566pt x 135.01169pt.
 [7 <./smallworld.png>]
<eulerBridges.png, id=347, 876.27374pt x 195.73125pt>
File: eulerBridges.png Graphic file (type png)
<use eulerBridges.png>
Package pdftex.def Info: eulerBridges.png  used on input line 121.
(pdftex.def)             Requested size: 341.43436pt x 76.26617pt.
 [8 <./eulerBridges.png>]
<graphs.png, id=359, 619.31375pt x 255.95625pt>
File: graphs.png Graphic file (type png)
<use graphs.png>
Package pdftex.def Info: graphs.png  used on input line 142.
(pdftex.def)             Requested size: 298.75262pt x 123.47467pt.
) [9 <./graphs.png>] [10


]
\openout2 = `quakeModels.aux'.

 (./quakeModels.tex
Chapter 2.
[11


] [12]
<SOC_sandpile.png, id=399, 586.19pt x 615.29875pt>
File: SOC_sandpile.png Graphic file (type png)
<use SOC_sandpile.png>
Package pdftex.def Info: SOC_sandpile.png  used on input line 66.
(pdftex.def)             Requested size: 213.39566pt x 223.986pt.
 [13

 <./SOC_sandpile.png>]
<SOC_bureaucrats.png, id=410, 756.8275pt x 389.455pt>
File: SOC_bureaucrats.png Graphic file (type png)
<use SOC_bureaucrats.png>
Package pdftex.def Info: SOC_bureaucrats.png  used on input line 89.
(pdftex.def)             Requested size: 213.39566pt x 109.8073pt.
 [14 <./SOC_bureaucrats.png>]
<SOC_sliderBlocks.png, id=427, 682.55pt x 429.605pt>
File: SOC_sliderBlocks.png Graphic file (type png)
<use SOC_sliderBlocks.png>
Package pdftex.def Info: SOC_sliderBlocks.png  used on input line 130.
(pdftex.def)             Requested size: 213.39566pt x 134.31023pt.


LaTeX Warning: `!h' float specifier changed to `!ht'.

[15]) [16 <./SOC_sliderBlocks.png>]
\openout2 = `quakeDatabase.aux'.

 (./quakeDatabase.tex
Chapter 3.
[17




]
<quakesRomania_map.png, id=478, 692.5875pt x 772.8875pt>
File: quakesRomania_map.png Graphic file (type png)
<use quakesRomania_map.png>
Package pdftex.def Info: quakesRomania_map.png  used on input line 55.
(pdftex.def)             Requested size: 202.72522pt x 226.23083pt.
<quakesVrancea_map.png, id=479, 539.01375pt x 591.20876pt>
File: quakesVrancea_map.png Graphic file (type png)
<use quakesVrancea_map.png>
Package pdftex.def Info: quakesVrancea_map.png  used on input line 61.
(pdftex.def)             Requested size: 202.72522pt x 222.35225pt.
 [18 <./quakesRomania_map.png> <./quakesVrancea_map.png>]
<quakesCalifornia_map.png, id=489, 692.5875pt x 772.8875pt>
File: quakesCalifornia_map.png Graphic file (type png)
<use quakesCalifornia_map.png>
Package pdftex.def Info: quakesCalifornia_map.png  used on input line 91.
(pdftex.def)             Requested size: 213.39566pt x 238.13028pt.
<quakesItaly_map.png, id=490, 692.5875pt x 772.8875pt>
File: quakesItaly_map.png Graphic file (type png)
<use quakesItaly_map.png>
Package pdftex.def Info: quakesItaly_map.png  used on input line 100.
(pdftex.def)             Requested size: 213.39566pt x 238.13028pt.
<quakesJapan_map.png, id=491, 692.5875pt x 772.8875pt>
File: quakesJapan_map.png Graphic file (type png)
<use quakesJapan_map.png>
Package pdftex.def Info: quakesJapan_map.png  used on input line 109.
(pdftex.def)             Requested size: 422.52576pt x 471.51965pt.
 [19

 <./quakesCalifornia_map.png> <./quakesItaly_map.png>] [20 <./quakesJapan_map.p
ng>] [21

]
<quakesTable.png, id=520, 1382.16376pt x 263.98625pt>
File: quakesTable.png Graphic file (type png)
<use quakesTable.png>
Package pdftex.def Info: quakesTable.png  used on input line 157.
(pdftex.def)             Requested size: 405.45045pt x 77.4362pt.
)
[22

 <./quakesTable.png>]
\openout2 = `quakeNetwork.aux'.

 (./quakeNetwork.tex
Chapter 4.
[23




]
Overfull \hbox (44.99266pt too wide) in paragraph at lines 60--61
[]\OT1/cmr/m/n/12 The con-nec-tiv-ity com-pu-ta-tions are made for var-i-ous se
is-mic net-works (Vrancea(Romania),
 []

[24]
<connectivityVrancea_1magnitude10.png, id=549, 1084.05pt x 361.35pt>
File: connectivityVrancea_1magnitude10.png Graphic file (type png)
<use connectivityVrancea_1magnitude10.png>
Package pdftex.def Info: connectivityVrancea_1magnitude10.png  used on input li
ne 68.
(pdftex.def)             Requested size: 359.14946pt x 119.71454pt.
<connectivityVrancea_2magnitude10.png, id=550, 1084.05pt x 361.35pt>
File: connectivityVrancea_2magnitude10.png Graphic file (type png)
<use connectivityVrancea_2magnitude10.png>
Package pdftex.def Info: connectivityVrancea_2magnitude10.png  used on input li
ne 75.
(pdftex.def)             Requested size: 359.14946pt x 119.71454pt.
<connectivityVrancea_2magnitude4.png, id=551, 1084.05pt x 361.35pt>
File: connectivityVrancea_2magnitude4.png Graphic file (type png)
<use connectivityVrancea_2magnitude4.png>
Package pdftex.def Info: connectivityVrancea_2magnitude4.png  used on input lin
e 82.
(pdftex.def)             Requested size: 359.14946pt x 119.71454pt.
<connectivityVrancea_3magnitude7.png, id=552, 1084.05pt x 361.35pt>
File: connectivityVrancea_3magnitude7.png Graphic file (type png)
<use connectivityVrancea_3magnitude7.png>
Package pdftex.def Info: connectivityVrancea_3magnitude7.png  used on input lin
e 89.
(pdftex.def)             Requested size: 359.14946pt x 119.71454pt.
 [25

 <./connectivityVrancea_1magnitude10.png> <./connectivityVrancea_2magnitude10.p
ng> <./connectivityVrancea_2magnitude4.png> <./connectivityVrancea_3magnitude7.
png>]
<connectivityVranceaWeighted_1magnitude10.png, id=563, 1084.05pt x 361.35pt>
File: connectivityVranceaWeighted_1magnitude10.png Graphic file (type png)
<use connectivityVranceaWeighted_1magnitude10.png>
Package pdftex.def Info: connectivityVranceaWeighted_1magnitude10.png  used on 
input line 103.
(pdftex.def)             Requested size: 359.14946pt x 119.71454pt.
<connectivityVranceaWeighted_2magnitude10.png, id=564, 1084.05pt x 361.35pt>
File: connectivityVranceaWeighted_2magnitude10.png Graphic file (type png)
<use connectivityVranceaWeighted_2magnitude10.png>
Package pdftex.def Info: connectivityVranceaWeighted_2magnitude10.png  used on 
input line 110.
(pdftex.def)             Requested size: 359.14946pt x 119.71454pt.
<connectivityVranceaWeighted_2magnitude4.png, id=565, 1084.05pt x 361.35pt>
File: connectivityVranceaWeighted_2magnitude4.png Graphic file (type png)
<use connectivityVranceaWeighted_2magnitude4.png>
Package pdftex.def Info: connectivityVranceaWeighted_2magnitude4.png  used on i
nput line 117.
(pdftex.def)             Requested size: 359.14946pt x 119.71454pt.
<connectivityVranceaWeighted_3magnitude7.png, id=566, 1084.05pt x 361.35pt>
File: connectivityVranceaWeighted_3magnitude7.png Graphic file (type png)
<use connectivityVranceaWeighted_3magnitude7.png>
Package pdftex.def Info: connectivityVranceaWeighted_3magnitude7.png  used on i
nput line 124.
(pdftex.def)             Requested size: 359.14946pt x 119.71454pt.
 [26

 <./connectivityVranceaWeighted_1magnitude10.png> <./connectivityVranceaWeighte
d_2magnitude10.png> <./connectivityVranceaWeighted_2magnitude4.png> <./connecti
vityVranceaWeighted_3magnitude7.png>]
<connectivityCalifornia_1magnitude10.png, id=577, 1084.05pt x 361.35pt>
File: connectivityCalifornia_1magnitude10.png Graphic file (type png)
<use connectivityCalifornia_1magnitude10.png>
Package pdftex.def Info: connectivityCalifornia_1magnitude10.png  used on input
 line 140.
(pdftex.def)             Requested size: 359.14946pt x 119.71454pt.
<connectivityCalifornia_2magnitude10.png, id=578, 1084.05pt x 361.35pt>
File: connectivityCalifornia_2magnitude10.png Graphic file (type png)
<use connectivityCalifornia_2magnitude10.png>
Package pdftex.def Info: connectivityCalifornia_2magnitude10.png  used on input
 line 147.
(pdftex.def)             Requested size: 359.14946pt x 119.71454pt.
<connectivityCalifornia_1magnitude3.png, id=579, 1084.05pt x 361.35pt>
File: connectivityCalifornia_1magnitude3.png Graphic file (type png)
<use connectivityCalifornia_1magnitude3.png>
Package pdftex.def Info: connectivityCalifornia_1magnitude3.png  used on input 
line 154.
(pdftex.def)             Requested size: 359.14946pt x 119.71454pt.
<connectivityCalifornia_2magnitude4.png, id=580, 1084.05pt x 361.35pt>
File: connectivityCalifornia_2magnitude4.png Graphic file (type png)
<use connectivityCalifornia_2magnitude4.png>
Package pdftex.def Info: connectivityCalifornia_2magnitude4.png  used on input 
line 161.
(pdftex.def)             Requested size: 359.14946pt x 119.71454pt.
 [27

 <./connectivityCalifornia_1magnitude10.png> <./connectivityCalifornia_2magnitu
de10.png> <./connectivityCalifornia_1magnitude3.png> <./connectivityCalifornia_
2magnitude4.png>]
<connectivityCaliforniaWeighted_1magnitude10.png, id=592, 1084.05pt x 361.35pt>

File: connectivityCaliforniaWeighted_1magnitude10.png Graphic file (type png)
<use connectivityCaliforniaWeighted_1magnitude10.png>
Package pdftex.def Info: connectivityCaliforniaWeighted_1magnitude10.png  used 
on input line 175.
(pdftex.def)             Requested size: 359.14946pt x 119.71454pt.
<connectivityCaliforniaWeighted_2magnitude10.png, id=593, 1084.05pt x 361.35pt>

File: connectivityCaliforniaWeighted_2magnitude10.png Graphic file (type png)
<use connectivityCaliforniaWeighted_2magnitude10.png>
Package pdftex.def Info: connectivityCaliforniaWeighted_2magnitude10.png  used 
on input line 182.
(pdftex.def)             Requested size: 359.14946pt x 119.71454pt.
<connectivityCaliforniaWeighted_1magnitude3.png, id=594, 1084.05pt x 361.35pt>
File: connectivityCaliforniaWeighted_1magnitude3.png Graphic file (type png)
<use connectivityCaliforniaWeighted_1magnitude3.png>
Package pdftex.def Info: connectivityCaliforniaWeighted_1magnitude3.png  used o
n input line 189.
(pdftex.def)             Requested size: 359.14946pt x 119.71454pt.
<connectivityCaliforniaWeighted_2magnitude4.png, id=595, 1084.05pt x 361.35pt>
File: connectivityCaliforniaWeighted_2magnitude4.png Graphic file (type png)
<use connectivityCaliforniaWeighted_2magnitude4.png>
Package pdftex.def Info: connectivityCaliforniaWeighted_2magnitude4.png  used o
n input line 196.
(pdftex.def)             Requested size: 359.14946pt x 119.71454pt.

[28

 <./connectivityCaliforniaWeighted_1magnitude10.png> <./connectivityCaliforniaW
eighted_2magnitude10.png> <./connectivityCaliforniaWeighted_1magnitude3.png> <.
/connectivityCaliforniaWeighted_2magnitude4.png>]
<connectivityItaly_1magnitude10.png, id=606, 1084.05pt x 361.35pt>
File: connectivityItaly_1magnitude10.png Graphic file (type png)
<use connectivityItaly_1magnitude10.png>
Package pdftex.def Info: connectivityItaly_1magnitude10.png  used on input line
 213.
(pdftex.def)             Requested size: 359.14946pt x 119.71454pt.
<connectivityItaly_2magnitude10.png, id=607, 1084.05pt x 361.35pt>
File: connectivityItaly_2magnitude10.png Graphic file (type png)
<use connectivityItaly_2magnitude10.png>
Package pdftex.def Info: connectivityItaly_2magnitude10.png  used on input line
 220.
(pdftex.def)             Requested size: 359.14946pt x 119.71454pt.
<connectivityItaly_1magnitude3.png, id=608, 1084.05pt x 361.35pt>
File: connectivityItaly_1magnitude3.png Graphic file (type png)
<use connectivityItaly_1magnitude3.png>
Package pdftex.def Info: connectivityItaly_1magnitude3.png  used on input line 
227.
(pdftex.def)             Requested size: 359.14946pt x 119.71454pt.
<connectivityItaly_2magnitude4.png, id=609, 1084.05pt x 361.35pt>
File: connectivityItaly_2magnitude4.png Graphic file (type png)
<use connectivityItaly_2magnitude4.png>
Package pdftex.def Info: connectivityItaly_2magnitude4.png  used on input line 
234.
(pdftex.def)             Requested size: 359.14946pt x 119.71454pt.
 [29

 <./connectivityItaly_1magnitude10.png> <./connectivityItaly_2magnitude10.png> 
<./connectivityItaly_1magnitude3.png> <./connectivityItaly_2magnitude4.png>]
<connectivityItalyWeighted_1magnitude10.png, id=620, 1084.05pt x 361.35pt>
File: connectivityItalyWeighted_1magnitude10.png Graphic file (type png)
<use connectivityItalyWeighted_1magnitude10.png>
Package pdftex.def Info: connectivityItalyWeighted_1magnitude10.png  used on in
put line 248.
(pdftex.def)             Requested size: 359.14946pt x 119.71454pt.
<connectivityItalyWeighted_2magnitude10.png, id=621, 1084.05pt x 361.35pt>
File: connectivityItalyWeighted_2magnitude10.png Graphic file (type png)
<use connectivityItalyWeighted_2magnitude10.png>
Package pdftex.def Info: connectivityItalyWeighted_2magnitude10.png  used on in
put line 255.
(pdftex.def)             Requested size: 359.14946pt x 119.71454pt.
<connectivityItalyWeighted_1magnitude3.png, id=622, 1084.05pt x 361.35pt>
File: connectivityItalyWeighted_1magnitude3.png Graphic file (type png)
<use connectivityItalyWeighted_1magnitude3.png>
Package pdftex.def Info: connectivityItalyWeighted_1magnitude3.png  used on inp
ut line 262.
(pdftex.def)             Requested size: 359.14946pt x 119.71454pt.
<connectivityItalyWeighted_2magnitude4.png, id=623, 1084.05pt x 361.35pt>
File: connectivityItalyWeighted_2magnitude4.png Graphic file (type png)
<use connectivityItalyWeighted_2magnitude4.png>
Package pdftex.def Info: connectivityItalyWeighted_2magnitude4.png  used on inp
ut line 269.
(pdftex.def)             Requested size: 359.14946pt x 119.71454pt.
 [30

 <./connectivityItalyWeighted_1magnitude10.png> <./connectivityItalyWeighted_2m
agnitude10.png> <./connectivityItalyWeighted_1magnitude3.png> <./connectivityIt
alyWeighted_2magnitude4.png>]
<connectivityJapan_1magnitude10.png, id=634, 1084.05pt x 361.35pt>
File: connectivityJapan_1magnitude10.png Graphic file (type png)
<use connectivityJapan_1magnitude10.png>
Package pdftex.def Info: connectivityJapan_1magnitude10.png  used on input line
 285.
(pdftex.def)             Requested size: 359.14946pt x 119.71454pt.
<connectivityJapan_2magnitude10.png, id=635, 1084.05pt x 361.35pt>
File: connectivityJapan_2magnitude10.png Graphic file (type png)
<use connectivityJapan_2magnitude10.png>
Package pdftex.def Info: connectivityJapan_2magnitude10.png  used on input line
 292.
(pdftex.def)             Requested size: 359.14946pt x 119.71454pt.
<connectivityJapan_1magnitude3.png, id=636, 1084.05pt x 361.35pt>
File: connectivityJapan_1magnitude3.png Graphic file (type png)
<use connectivityJapan_1magnitude3.png>
Package pdftex.def Info: connectivityJapan_1magnitude3.png  used on input line 
299.
(pdftex.def)             Requested size: 359.14946pt x 119.71454pt.
<connectivityJapan_2magnitude4.png, id=637, 1084.05pt x 361.35pt>
File: connectivityJapan_2magnitude4.png Graphic file (type png)
<use connectivityJapan_2magnitude4.png>
Package pdftex.def Info: connectivityJapan_2magnitude4.png  used on input line 
306.
(pdftex.def)             Requested size: 359.14946pt x 119.71454pt.
 [31

 <./connectivityJapan_1magnitude10.png> <./connectivityJapan_2magnitude10.png> 
<./connectivityJapan_1magnitude3.png> <./connectivityJapan_2magnitude4.png>]
<connectivityJapanWeighted_1magnitude10.png, id=648, 1084.05pt x 361.35pt>
File: connectivityJapanWeighted_1magnitude10.png Graphic file (type png)
<use connectivityJapanWeighted_1magnitude10.png>
Package pdftex.def Info: connectivityJapanWeighted_1magnitude10.png  used on in
put line 320.
(pdftex.def)             Requested size: 359.14946pt x 119.71454pt.
<connectivityJapanWeighted_2magnitude10.png, id=649, 1084.05pt x 361.35pt>
File: connectivityJapanWeighted_2magnitude10.png Graphic file (type png)
<use connectivityJapanWeighted_2magnitude10.png>
Package pdftex.def Info: connectivityJapanWeighted_2magnitude10.png  used on in
put line 327.
(pdftex.def)             Requested size: 359.14946pt x 119.71454pt.
<connectivityJapanWeighted_1magnitude3.png, id=650, 1084.05pt x 361.35pt>
File: connectivityJapanWeighted_1magnitude3.png Graphic file (type png)
<use connectivityJapanWeighted_1magnitude3.png>
Package pdftex.def Info: connectivityJapanWeighted_1magnitude3.png  used on inp
ut line 334.
(pdftex.def)             Requested size: 359.14946pt x 119.71454pt.
<connectivityJapanWeighted_2magnitude4.png, id=651, 1084.05pt x 361.35pt>
File: connectivityJapanWeighted_2magnitude4.png Graphic file (type png)
<use connectivityJapanWeighted_2magnitude4.png>
Package pdftex.def Info: connectivityJapanWeighted_2magnitude4.png  used on inp
ut line 341.
(pdftex.def)             Requested size: 359.14946pt x 119.71454pt.
 [32

 <./connectivityJapanWeighted_1magnitude10.png> <./connectivityJapanWeighted_2m
agnitude10.png> <./connectivityJapanWeighted_1magnitude3.png> <./connectivityJa
panWeighted_2magnitude4.png>]
Underfull \vbox (badness 1789) has occurred while \output is active []

 [33

]
[34] [35

]
<quakesVrancea_meanEnergy_1mag_trianglesAreas.png, id=692, 1084.05pt x 361.35pt
>
File: quakesVrancea_meanEnergy_1mag_trianglesAreas.png Graphic file (type png)
<use quakesVrancea_meanEnergy_1mag_trianglesAreas.png>
Package pdftex.def Info: quakesVrancea_meanEnergy_1mag_trianglesAreas.png  used
 on input line 426.
(pdftex.def)             Requested size: 359.14946pt x 119.71454pt.
<quakesVrancea_meanEnergy_2mag_trianglesAreas.png, id=693, 1084.05pt x 361.35pt
>
File: quakesVrancea_meanEnergy_2mag_trianglesAreas.png Graphic file (type png)
<use quakesVrancea_meanEnergy_2mag_trianglesAreas.png>
Package pdftex.def Info: quakesVrancea_meanEnergy_2mag_trianglesAreas.png  used
 on input line 433.
(pdftex.def)             Requested size: 359.14946pt x 119.71454pt.
<quakesVrancea_meanEnergy_3mag_trianglesAreas.png, id=694, 1084.05pt x 361.35pt
>
File: quakesVrancea_meanEnergy_3mag_trianglesAreas.png Graphic file (type png)
<use quakesVrancea_meanEnergy_3mag_trianglesAreas.png>
Package pdftex.def Info: quakesVrancea_meanEnergy_3mag_trianglesAreas.png  used
 on input line 440.
(pdftex.def)             Requested size: 359.14946pt x 119.71454pt.
 [36

 <./quakesVrancea_meanEnergy_1mag_trianglesAreas.png> <./quakesVrancea_meanEner
gy_2mag_trianglesAreas.png> <./quakesVrancea_meanEnergy_3mag_trianglesAreas.png
>]
<quakesVrancea_totalEnergy_1mag_trianglesAreas.png, id=704, 1084.05pt x 361.35p
t>
File: quakesVrancea_totalEnergy_1mag_trianglesAreas.png Graphic file (type png)

<use quakesVrancea_totalEnergy_1mag_trianglesAreas.png>
Package pdftex.def Info: quakesVrancea_totalEnergy_1mag_trianglesAreas.png  use
d on input line 456.
(pdftex.def)             Requested size: 359.14946pt x 119.71454pt.
<quakesVrancea_totalEnergy_2mag_trianglesAreas.png, id=705, 1084.05pt x 361.35p
t>
File: quakesVrancea_totalEnergy_2mag_trianglesAreas.png Graphic file (type png)

<use quakesVrancea_totalEnergy_2mag_trianglesAreas.png>
Package pdftex.def Info: quakesVrancea_totalEnergy_2mag_trianglesAreas.png  use
d on input line 463.
(pdftex.def)             Requested size: 359.14946pt x 119.71454pt.
<quakesVrancea_totalEnergy_3mag_trianglesAreas.png, id=706, 1084.05pt x 361.35p
t>
File: quakesVrancea_totalEnergy_3mag_trianglesAreas.png Graphic file (type png)

<use quakesVrancea_totalEnergy_3mag_trianglesAreas.png>
Package pdftex.def Info: quakesVrancea_totalEnergy_3mag_trianglesAreas.png  use
d on input line 470.
(pdftex.def)             Requested size: 359.14946pt x 119.71454pt.
 [37

 <./quakesVrancea_totalEnergy_1mag_trianglesAreas.png> <./quakesVrancea_totalEn
ergy_2mag_trianglesAreas.png> <./quakesVrancea_totalEnergy_3mag_trianglesAreas.
png>]
<quakesCalifornia_meanEnergy_2mag_trianglesAreas.png, id=716, 1084.05pt x 361.3
5pt>
File: quakesCalifornia_meanEnergy_2mag_trianglesAreas.png Graphic file (type pn
g)
<use quakesCalifornia_meanEnergy_2mag_trianglesAreas.png>
Package pdftex.def Info: quakesCalifornia_meanEnergy_2mag_trianglesAreas.png  u
sed on input line 487.
(pdftex.def)             Requested size: 359.14946pt x 119.71454pt.
<quakesCalifornia_meanEnergy_3mag_trianglesAreas.png, id=717, 1084.05pt x 361.3
5pt>
File: quakesCalifornia_meanEnergy_3mag_trianglesAreas.png Graphic file (type pn
g)
<use quakesCalifornia_meanEnergy_3mag_trianglesAreas.png>
Package pdftex.def Info: quakesCalifornia_meanEnergy_3mag_trianglesAreas.png  u
sed on input line 494.
(pdftex.def)             Requested size: 359.14946pt x 119.71454pt.
 [38

 <./quakesCalifornia_meanEnergy_2mag_trianglesAreas.png> <./quakesCalifornia_me
anEnergy_3mag_trianglesAreas.png>]
<quakesCalifornia_totalEnergy_2mag_trianglesAreas.png, id=726, 1084.05pt x 361.
35pt>
File: quakesCalifornia_totalEnergy_2mag_trianglesAreas.png Graphic file (type p
ng)
<use quakesCalifornia_totalEnergy_2mag_trianglesAreas.png>
Package pdftex.def Info: quakesCalifornia_totalEnergy_2mag_trianglesAreas.png  
used on input line 510.
(pdftex.def)             Requested size: 359.14946pt x 119.71454pt.
<quakesCalifornia_totalEnergy_3mag_trianglesAreas.png, id=727, 1084.05pt x 361.
35pt>
File: quakesCalifornia_totalEnergy_3mag_trianglesAreas.png Graphic file (type p
ng)
<use quakesCalifornia_totalEnergy_3mag_trianglesAreas.png>
Package pdftex.def Info: quakesCalifornia_totalEnergy_3mag_trianglesAreas.png  
used on input line 517.
(pdftex.def)             Requested size: 359.14946pt x 119.71454pt.
 [39

 <./quakesCalifornia_totalEnergy_2mag_trianglesAreas.png> <./quakesCalifornia_t
otalEnergy_3mag_trianglesAreas.png>]
<quakesItaly_meanEnergy_2mag_trianglesAreas.png, id=737, 1084.05pt x 361.35pt>
File: quakesItaly_meanEnergy_2mag_trianglesAreas.png Graphic file (type png)
<use quakesItaly_meanEnergy_2mag_trianglesAreas.png>
Package pdftex.def Info: quakesItaly_meanEnergy_2mag_trianglesAreas.png  used o
n input line 534.
(pdftex.def)             Requested size: 362.77524pt x 120.92204pt.
<quakesItaly_totalEnergy_2mag_trianglesAreas.png, id=738, 1084.05pt x 361.35pt>

File: quakesItaly_totalEnergy_2mag_trianglesAreas.png Graphic file (type png)
<use quakesItaly_totalEnergy_2mag_trianglesAreas.png>
Package pdftex.def Info: quakesItaly_totalEnergy_2mag_trianglesAreas.png  used 
on input line 556.
(pdftex.def)             Requested size: 362.77524pt x 120.92204pt.
 [40

 <./quakesItaly_meanEnergy_2mag_trianglesAreas.png> <./quakesItaly_totalEnergy_
2mag_trianglesAreas.png>] [41

]
<quakesVrancea_meanEnergy_1mag_squaresVolumes.png, id=756, 1505.625pt x 469.755
pt>
File: quakesVrancea_meanEnergy_1mag_squaresVolumes.png Graphic file (type png)
<use quakesVrancea_meanEnergy_1mag_squaresVolumes.png>
Package pdftex.def Info: quakesVrancea_meanEnergy_1mag_squaresVolumes.png  used
 on input line 605.
(pdftex.def)             Requested size: 359.14946pt x 112.05539pt.
<quakesVrancea_meanEnergy_2mag_squaresVolumes.png, id=757, 1505.625pt x 468.751
25pt>
File: quakesVrancea_meanEnergy_2mag_squaresVolumes.png Graphic file (type png)
<use quakesVrancea_meanEnergy_2mag_squaresVolumes.png>
Package pdftex.def Info: quakesVrancea_meanEnergy_2mag_squaresVolumes.png  used
 on input line 612.
(pdftex.def)             Requested size: 359.14946pt x 111.81595pt.
<quakesVrancea_meanEnergy_3mag_squaresVolumes.png, id=758, 1505.625pt x 470.758
74pt>
File: quakesVrancea_meanEnergy_3mag_squaresVolumes.png Graphic file (type png)
<use quakesVrancea_meanEnergy_3mag_squaresVolumes.png>
Package pdftex.def Info: quakesVrancea_meanEnergy_3mag_squaresVolumes.png  used
 on input line 619.
(pdftex.def)             Requested size: 359.14946pt x 112.29482pt.
 [42

 <./quakesVrancea_meanEnergy_1mag_squaresVolumes.png> <./quakesVrancea_meanEner
gy_2mag_squaresVolumes.png> <./quakesVrancea_meanEnergy_3mag_squaresVolumes.png
>]
<quakesVrancea_totalEnergy_1mag_squaresVolumes.png, id=768, 1084.05pt x 361.35p
t>
File: quakesVrancea_totalEnergy_1mag_squaresVolumes.png Graphic file (type png)

<use quakesVrancea_totalEnergy_1mag_squaresVolumes.png>
Package pdftex.def Info: quakesVrancea_totalEnergy_1mag_squaresVolumes.png  use
d on input line 633.
(pdftex.def)             Requested size: 359.14946pt x 119.71454pt.
<quakesVrancea_totalEnergy_2mag_squaresVolumes.png, id=769, 1084.05pt x 361.35p
t>
File: quakesVrancea_totalEnergy_2mag_squaresVolumes.png Graphic file (type png)

<use quakesVrancea_totalEnergy_2mag_squaresVolumes.png>
Package pdftex.def Info: quakesVrancea_totalEnergy_2mag_squaresVolumes.png  use
d on input line 640.
(pdftex.def)             Requested size: 359.14946pt x 119.71454pt.
<quakesVrancea_totalEnergy_3mag_squaresVolumes.png, id=770, 1084.05pt x 361.35p
t>
File: quakesVrancea_totalEnergy_3mag_squaresVolumes.png Graphic file (type png)

<use quakesVrancea_totalEnergy_3mag_squaresVolumes.png>
Package pdftex.def Info: quakesVrancea_totalEnergy_3mag_squaresVolumes.png  use
d on input line 647.
(pdftex.def)             Requested size: 359.14946pt x 119.71454pt.
 [43

 <./quakesVrancea_totalEnergy_1mag_squaresVolumes.png> <./quakesVrancea_totalEn
ergy_2mag_squaresVolumes.png> <./quakesVrancea_totalEnergy_3mag_squaresVolumes.
png>]
<quakesCalifornia_meanEnergy_3mag_squaresVolumes.png, id=780, 1505.625pt x 467.
7475pt>
File: quakesCalifornia_meanEnergy_3mag_squaresVolumes.png Graphic file (type pn
g)
<use quakesCalifornia_meanEnergy_3mag_squaresVolumes.png>
Package pdftex.def Info: quakesCalifornia_meanEnergy_3mag_squaresVolumes.png  u
sed on input line 664.
(pdftex.def)             Requested size: 362.77524pt x 112.7042pt.
<quakesCalifornia_totalEnergy_3mag_squaresVolumes.png, id=781, 1084.05pt x 361.
35pt>
File: quakesCalifornia_totalEnergy_3mag_squaresVolumes.png Graphic file (type p
ng)
<use quakesCalifornia_totalEnergy_3mag_squaresVolumes.png>
Package pdftex.def Info: quakesCalifornia_totalEnergy_3mag_squaresVolumes.png  
used on input line 679.
(pdftex.def)             Requested size: 362.77524pt x 120.92204pt.
<quakesItaly_meanEnergy_3mag_squaresVolumes.png, id=782, 1505.625pt x 471.7625p
t>
File: quakesItaly_meanEnergy_3mag_squaresVolumes.png Graphic file (type png)
<use quakesItaly_meanEnergy_3mag_squaresVolumes.png>
Package pdftex.def Info: quakesItaly_meanEnergy_3mag_squaresVolumes.png  used o
n input line 695.
(pdftex.def)             Requested size: 362.77524pt x 113.67162pt.

[44

 <./quakesCalifornia_meanEnergy_3mag_squaresVolumes.png> <./quakesCalifornia_to
talEnergy_3mag_squaresVolumes.png> <./quakesItaly_meanEnergy_3mag_squaresVolume
s.png>] [45

]
<motifs_romania_5km_4mag_trianglesFilled.png, id=803, 1171.37625pt x 745.78625p
t>
File: motifs_romania_5km_4mag_trianglesFilled.png Graphic file (type png)
<use motifs_romania_5km_4mag_trianglesFilled.png>
Package pdftex.def Info: motifs_romania_5km_4mag_trianglesFilled.png  used on i
nput line 751.
(pdftex.def)             Requested size: 362.77524pt x 230.97513pt.
<motifs_vrancea_5km_4mag_trianglesFilled_map.png, id=805, 798.985pt x 745.78625
pt>
File: motifs_vrancea_5km_4mag_trianglesFilled_map.png Graphic file (type png)
<use motifs_vrancea_5km_4mag_trianglesFilled_map.png>
Package pdftex.def Info: motifs_vrancea_5km_4mag_trianglesFilled_map.png  used 
on input line 761.
(pdftex.def)             Requested size: 181.3876pt x 169.30817pt.
<motifs_vrancea_5km_4mag_squaresFilled_map.png, id=806, 798.985pt x 745.78625pt
>
File: motifs_vrancea_5km_4mag_squaresFilled_map.png Graphic file (type png)
<use motifs_vrancea_5km_4mag_squaresFilled_map.png>
Package pdftex.def Info: motifs_vrancea_5km_4mag_squaresFilled_map.png  used on
 input line 767.
(pdftex.def)             Requested size: 181.3876pt x 169.30817pt.
 [46 <./motifs_romania_5km_4mag_trianglesFilled.png (PNG copy)> <./motifs_vranc
ea_5km_4mag_trianglesFilled_map.png> <./motifs_vrancea_5km_4mag_squaresFilled_m
ap.png>]
<motifs_california_5km_4mag_trianglesFilled_map.png, id=814, 1171.37625pt x 745
.78625pt>
File: motifs_california_5km_4mag_trianglesFilled_map.png Graphic file (type png
)
<use motifs_california_5km_4mag_trianglesFilled_map.png>
Package pdftex.def Info: motifs_california_5km_4mag_trianglesFilled_map.png  us
ed on input line 781.
(pdftex.def)             Requested size: 362.77524pt x 230.97513pt.
<motifs_italy_5km_4mag_squaresFilled.png, id=815, 1171.37625pt x 745.78625pt>
File: motifs_italy_5km_4mag_squaresFilled.png Graphic file (type png)
<use motifs_italy_5km_4mag_squaresFilled.png>
Package pdftex.def Info: motifs_italy_5km_4mag_squaresFilled.png  used on input
 line 791.
(pdftex.def)             Requested size: 362.77524pt x 230.97513pt.
 [47

 <./motifs_california_5km_4mag_trianglesFilled_map.png (PNG copy)> <./motifs_it
aly_5km_4mag_squaresFilled.png (PNG copy)>]
<motifs_japan_5km_5mag_triangles.png, id=824, 1171.37625pt x 745.78625pt>
File: motifs_japan_5km_5mag_triangles.png Graphic file (type png)
<use motifs_japan_5km_5mag_triangles.png>
Package pdftex.def Info: motifs_japan_5km_5mag_triangles.png  used on input lin
e 801.
(pdftex.def)             Requested size: 362.77524pt x 230.97513pt.
)
[48

 <./motifs_japan_5km_5mag_triangles.png (PNG copy)>]
\openout2 = `quakeCorrelations.aux'.


(./quakeCorrelations.tex
Chapter 5.
[49




]
<M2_V22_Vrancea_5km_1_mag_10.png, id=839, 722.7pt x 455.7025pt>
File: M2_V22_Vrancea_5km_1_mag_10.png Graphic file (type png)
<use M2_V22_Vrancea_5km_1_mag_10.png>
Package pdftex.def Info: M2_V22_Vrancea_5km_1_mag_10.png  used on input line 62
.
(pdftex.def)             Requested size: 211.26286pt x 133.2142pt.
<M2_V22_Vrancea_5km_1_mag_10_without0.png, id=840, 722.7pt x 456.70625pt>
File: M2_V22_Vrancea_5km_1_mag_10_without0.png Graphic file (type png)
<use M2_V22_Vrancea_5km_1_mag_10_without0.png>
Package pdftex.def Info: M2_V22_Vrancea_5km_1_mag_10_without0.png  used on inpu
t line 68.
(pdftex.def)             Requested size: 211.26286pt x 133.50763pt.
<M2_V22_Vrancea_10km_1_mag_10.png, id=841, 722.7pt x 456.70625pt>
File: M2_V22_Vrancea_10km_1_mag_10.png Graphic file (type png)
<use M2_V22_Vrancea_10km_1_mag_10.png>
Package pdftex.def Info: M2_V22_Vrancea_10km_1_mag_10.png  used on input line 7
9.
(pdftex.def)             Requested size: 211.26286pt x 133.50763pt.
<M2_V22_Vrancea_10km_1_mag_10_without0.png, id=842, 722.7pt x 454.69875pt>
File: M2_V22_Vrancea_10km_1_mag_10_without0.png Graphic file (type png)
<use M2_V22_Vrancea_10km_1_mag_10_without0.png>
Package pdftex.def Info: M2_V22_Vrancea_10km_1_mag_10_without0.png  used on inp
ut line 85.
(pdftex.def)             Requested size: 211.26286pt x 132.92079pt.
<M2_V22_Vrancea_20km_1_mag_10.png, id=843, 722.7pt x 454.69875pt>
File: M2_V22_Vrancea_20km_1_mag_10.png Graphic file (type png)
<use M2_V22_Vrancea_20km_1_mag_10.png>
Package pdftex.def Info: M2_V22_Vrancea_20km_1_mag_10.png  used on input line 9
6.
(pdftex.def)             Requested size: 211.26286pt x 132.92079pt.
<M2_V22_Vrancea_20km_1_mag_10_without0.png, id=844, 722.7pt x 454.69875pt>
File: M2_V22_Vrancea_20km_1_mag_10_without0.png Graphic file (type png)
<use M2_V22_Vrancea_20km_1_mag_10_without0.png>
Package pdftex.def Info: M2_V22_Vrancea_20km_1_mag_10_without0.png  used on inp
ut line 102.
(pdftex.def)             Requested size: 211.26286pt x 132.92079pt.
 [50 <./M2_V22_Vrancea_5km_1_mag_10.png> <./M2_V22_Vrancea_5km_1_mag_10_without
0.png>] [51 <./M2_V22_Vrancea_10km_1_mag_10.png> <./M2_V22_Vrancea_10km_1_mag_1
0_without0.png> <./M2_V22_Vrancea_20km_1_mag_10.png> <./M2_V22_Vrancea_20km_1_m
ag_10_without0.png>] [52

]
<TemporalCorrelation_Vrancea_2_mag_3-5.png, id=877, 722.7pt x 460.72125pt>
File: TemporalCorrelation_Vrancea_2_mag_3-5.png Graphic file (type png)
<use TemporalCorrelation_Vrancea_2_mag_3-5.png>
Package pdftex.def Info: TemporalCorrelation_Vrancea_2_mag_3-5.png  used on inp
ut line 164.
(pdftex.def)             Requested size: 202.72522pt x 129.23306pt.
<TemporalCorrelation_Vrancea_2_mag_3-5_noZero.png, id=878, 722.7pt x 460.72125p
t>
File: TemporalCorrelation_Vrancea_2_mag_3-5_noZero.png Graphic file (type png)
<use TemporalCorrelation_Vrancea_2_mag_3-5_noZero.png>
Package pdftex.def Info: TemporalCorrelation_Vrancea_2_mag_3-5_noZero.png  used
 on input line 170.
(pdftex.def)             Requested size: 202.72522pt x 129.23306pt.
<TemporalCorrelation_Vrancea_3-5_mag_7.png, id=879, 722.7pt x 459.7175pt>
File: TemporalCorrelation_Vrancea_3-5_mag_7.png Graphic file (type png)
<use TemporalCorrelation_Vrancea_3-5_mag_7.png>
Package pdftex.def Info: TemporalCorrelation_Vrancea_3-5_mag_7.png  used on inp
ut line 181.
(pdftex.def)             Requested size: 202.72522pt x 128.9515pt.
<TemporalCorrelation_Vrancea_3-5_mag_7_noZero.png, id=880, 722.7pt x 459.7175pt
>
File: TemporalCorrelation_Vrancea_3-5_mag_7_noZero.png Graphic file (type png)
<use TemporalCorrelation_Vrancea_3-5_mag_7_noZero.png>
Package pdftex.def Info: TemporalCorrelation_Vrancea_3-5_mag_7_noZero.png  used
 on input line 187.
(pdftex.def)             Requested size: 202.72522pt x 128.9515pt.
 [53 <./TemporalCorrelation_Vrancea_2_mag_3-5.png> <./TemporalCorrelation_Vranc
ea_2_mag_3-5_noZero.png> <./TemporalCorrelation_Vrancea_3-5_mag_7.png> <./Tempo
ralCorrelation_Vrancea_3-5_mag_7_noZero.png>]
<TemporalCorrelation_California_2_mag_3-5.png, id=894, 722.7pt x 458.71375pt>
File: TemporalCorrelation_California_2_mag_3-5.png Graphic file (type png)
<use TemporalCorrelation_California_2_mag_3-5.png>
Package pdftex.def Info: TemporalCorrelation_California_2_mag_3-5.png  used on 
input line 203.
(pdftex.def)             Requested size: 202.72522pt x 128.66995pt.
<TemporalCorrelation_California_2_mag_3-5_noZero.png, id=895, 722.7pt x 458.713
75pt>
File: TemporalCorrelation_California_2_mag_3-5_noZero.png Graphic file (type pn
g)
<use TemporalCorrelation_California_2_mag_3-5_noZero.png>
Package pdftex.def Info: TemporalCorrelation_California_2_mag_3-5_noZero.png  u
sed on input line 209.
(pdftex.def)             Requested size: 202.72522pt x 128.66995pt.
<TemporalCorrelation_California_3-5_mag_7-2.png, id=896, 722.7pt x 458.71375pt>

File: TemporalCorrelation_California_3-5_mag_7-2.png Graphic file (type png)
<use TemporalCorrelation_California_3-5_mag_7-2.png>
Package pdftex.def Info: TemporalCorrelation_California_3-5_mag_7-2.png  used o
n input line 220.
(pdftex.def)             Requested size: 202.72522pt x 128.66995pt.
<TemporalCorrelation_California_3-5_mag_7-2_noZero.png, id=897, 722.7pt x 458.7
1375pt>
File: TemporalCorrelation_California_3-5_mag_7-2_noZero.png Graphic file (type 
png)
<use TemporalCorrelation_California_3-5_mag_7-2_noZero.png>
Package pdftex.def Info: TemporalCorrelation_California_3-5_mag_7-2_noZero.png 
 used on input line 226.
(pdftex.def)             Requested size: 202.72522pt x 128.66995pt.

[54

 <./TemporalCorrelation_California_2_mag_3-5.png> <./TemporalCorrelation_Califo
rnia_2_mag_3-5_noZero.png> <./TemporalCorrelation_California_3-5_mag_7-2.png> <
./TemporalCorrelation_California_3-5_mag_7-2_noZero.png>]
<TemporalCorrelation_Italy_2_mag_3-5.png, id=909, 722.7pt x 459.7175pt>
File: TemporalCorrelation_Italy_2_mag_3-5.png Graphic file (type png)
<use TemporalCorrelation_Italy_2_mag_3-5.png>
Package pdftex.def Info: TemporalCorrelation_Italy_2_mag_3-5.png  used on input
 line 242.
(pdftex.def)             Requested size: 202.72522pt x 128.9515pt.
<TemporalCorrelation_Italy_2_mag_3-5_noZero.png, id=910, 722.7pt x 459.7175pt>
File: TemporalCorrelation_Italy_2_mag_3-5_noZero.png Graphic file (type png)
<use TemporalCorrelation_Italy_2_mag_3-5_noZero.png>
Package pdftex.def Info: TemporalCorrelation_Italy_2_mag_3-5_noZero.png  used o
n input line 248.
(pdftex.def)             Requested size: 202.72522pt x 128.9515pt.
<TemporalCorrelation_Italy_3-5_mag_7.png, id=911, 722.7pt x 459.7175pt>
File: TemporalCorrelation_Italy_3-5_mag_7.png Graphic file (type png)
<use TemporalCorrelation_Italy_3-5_mag_7.png>
Package pdftex.def Info: TemporalCorrelation_Italy_3-5_mag_7.png  used on input
 line 259.
(pdftex.def)             Requested size: 202.72522pt x 128.9515pt.
<TemporalCorrelation_Italy_3-5_mag_7_noZero.png, id=912, 722.7pt x 458.71375pt>

File: TemporalCorrelation_Italy_3-5_mag_7_noZero.png Graphic file (type png)
<use TemporalCorrelation_Italy_3-5_mag_7_noZero.png>
Package pdftex.def Info: TemporalCorrelation_Italy_3-5_mag_7_noZero.png  used o
n input line 265.
(pdftex.def)             Requested size: 202.72522pt x 128.66995pt.
 [55

 <./TemporalCorrelation_Italy_2_mag_3-5.png> <./TemporalCorrelation_Italy_2_mag
_3-5_noZero.png> <./TemporalCorrelation_Italy_3-5_mag_7.png> <./TemporalCorrela
tion_Italy_3-5_mag_7_noZero.png>]
<TemporalCorrelation_Japan_2_mag_3-5.png, id=924, 722.7pt x 459.7175pt>
File: TemporalCorrelation_Japan_2_mag_3-5.png Graphic file (type png)
<use TemporalCorrelation_Japan_2_mag_3-5.png>
Package pdftex.def Info: TemporalCorrelation_Japan_2_mag_3-5.png  used on input
 line 282.
(pdftex.def)             Requested size: 202.72522pt x 128.9515pt.
<TemporalCorrelation_Japan_2_mag_3-5_noZero.png, id=925, 722.7pt x 458.71375pt>

File: TemporalCorrelation_Japan_2_mag_3-5_noZero.png Graphic file (type png)
<use TemporalCorrelation_Japan_2_mag_3-5_noZero.png>
Package pdftex.def Info: TemporalCorrelation_Japan_2_mag_3-5_noZero.png  used o
n input line 288.
(pdftex.def)             Requested size: 202.72522pt x 128.66995pt.
<TemporalCorrelation_Japan_3-5_mag_9.png, id=926, 722.7pt x 458.71375pt>
File: TemporalCorrelation_Japan_3-5_mag_9.png Graphic file (type png)
<use TemporalCorrelation_Japan_3-5_mag_9.png>
Package pdftex.def Info: TemporalCorrelation_Japan_3-5_mag_9.png  used on input
 line 300.
(pdftex.def)             Requested size: 202.72522pt x 128.66995pt.
<TemporalCorrelation_Japan_3-5_mag_9_noZero.png, id=927, 720.6925pt x 459.7175p
t>
File: TemporalCorrelation_Japan_3-5_mag_9_noZero.png Graphic file (type png)
<use TemporalCorrelation_Japan_3-5_mag_9_noZero.png>
Package pdftex.def Info: TemporalCorrelation_Japan_3-5_mag_9_noZero.png  used o
n input line 306.
(pdftex.def)             Requested size: 202.72522pt x 129.30925pt.
) [56

 <./TemporalCorrelation_Japan_2_mag_3-5.png> <./TemporalCorrelation_Japan_2_mag
_3-5_noZero.png> <./TemporalCorrelation_Japan_3-5_mag_9.png> <./TemporalCorrela
tion_Japan_3-5_mag_9_noZero.png>]
\openout2 = `conclusions.aux'.

 (./conclusions.tex)
[57




] [58


]
Overfull \hbox (3.9741pt too wide) in paragraph at lines 102--102
[]\OT1/cmr/m/n/12 Henrik Fly-vb-jerg. ``Sim-plest Pos-si-ble Self-Organized Cri
t-i-cal Sys-tem''. In: \OT1/cmr/m/it/12 Phys.
 []


Overfull \hbox (17.08913pt too wide) in paragraph at lines 102--102
\OT1/cmr/m/it/12 Com-men-tarii Academiae Sci-en-tiarum Im-pe-ri-alis Petropoli-
tanae \OT1/cmr/m/n/12 8 (1736), pp. 128{
 []

[59

] [60] [61



]
Appendix A.
(/usr/share/texlive/texmf-dist/tex/latex/listings/lstlang1.sty
File: lstlang1.sty 2019/09/10 1.8c listings language file
)
Package hyperref Info: bookmark level for unknown lstlisting defaults to 0 on i
nput line 109.


Package Listings Warning: Text dropped after begin of listing on input line 109
.

[62

]
LaTeX Font Info:    Trying to load font information for OML+cmr on input line 1
52.
 (/usr/share/texlive/texmf-dist/tex/latex/base/omlcmr.fd
File: omlcmr.fd 2019/12/16 v2.5j Standard LaTeX font definitions
)
LaTeX Font Info:    Font shape `OML/cmr/m/it' in size <12> not available
(Font)              Font shape `OML/cmm/m/it' tried instead on input line 152.

Underfull \vbox (badness 10000) has occurred while \output is active []

 [63]
LaTeX Font Info:    Trying to load font information for OMS+cmr on input line 2
16.

(/usr/share/texlive/texmf-dist/tex/latex/base/omscmr.fd
File: omscmr.fd 2019/12/16 v2.5j Standard LaTeX font definitions
)
LaTeX Font Info:    Font shape `OMS/cmr/m/n' in size <12> not available
(Font)              Font shape `OMS/cmsy/m/n' tried instead on input line 216.

Underfull \vbox (badness 10000) has occurred while \output is active []

 [64]
[65]
Appendix B.
[66

]
LaTeX Font Info:    Font shape `OMS/cmr/m/it' in size <12> not available
(Font)              Font shape `OMS/cmsy/m/n' tried instead on input line 333.

Underfull \vbox (badness 10000) has occurred while \output is active []

 [67]
[68]
Appendix C.
LaTeX Font Info:    Font shape `OML/cmr/m/n' in size <12> not available
(Font)              Font shape `OML/cmm/m/it' tried instead on input line 363.
[69

]
Underfull \vbox (badness 10000) has occurred while \output is active []

 [70]
[71]
Appendix D.
[72

] [73] [74]
Appendix E.

Overfull \hbox (10.3079pt too wide) in paragraph at lines 604--605
[][][][][][][][][][][][][][][][][][][] 
 []

[75

]
Underfull \vbox (badness 1715) has occurred while \output is active []

 [76]
Underfull \vbox (badness 6300) has occurred while \output is active []

 [77]
Underfull \vbox (badness 10000) has occurred while \output is active []

 [78]
[79]
Appendix F.
[80

]

Package caption Warning: Unused \captionsetup[table] on input line 119.
See the caption package documentation for explanation.

[81]
Package atveryend Info: Empty hook `BeforeClearDocument' on input line 830.
Package atveryend Info: Empty hook `AfterLastShipout' on input line 830.
 (./thesis.aux (./intro.aux) (./complexSystems.aux) (./quakeModels.aux)
(./quakeDatabase.aux) (./quakeNetwork.aux) (./quakeCorrelations.aux)
(./conclusions.aux))
Package atveryend Info: Executing hook `AtVeryEndDocument' on input line 830.
Package atveryend Info: Executing hook `AtEndAfterFileList' on input line 830.
Package rerunfilecheck Info: File `thesis.out' has not changed.
(rerunfilecheck)             Checksum: FF908FA102E0A16CE89CB66DB1187147;3228.


LaTeX Warning: There were multiply-defined labels.

Package logreq Info: Writing requests to 'thesis.run.xml'.
\openout1 = `thesis.run.xml'.

Package atveryend Info: Empty hook `AtVeryVeryEnd' on input line 830.
 ) 
Here is how much of TeX's memory you used:
 39049 strings out of 481239
 832882 string characters out of 5920378
 1365128 words of memory out of 5000000
 52553 multiletter control sequences out of 15000+600000
 552429 words of font info for 96 fonts, out of 8000000 for 9000
 1141 hyphenation exceptions out of 8191
 68i,17n,71p,998b,2060s stack positions out of 5000i,500n,10000p,200000b,80000s
{/usr/share/texmf/fonts/enc/dvips/cm-super/cm-super-ts1.enc}</usr/share/texli
ve/texmf-dist/fonts/type1/public/amsfonts/cm/cmbx12.pfb></usr/share/texlive/tex
mf-dist/fonts/type1/public/amsfonts/cm/cmcsc10.pfb></usr/share/texlive/texmf-di
st/fonts/type1/public/amsfonts/cm/cmex10.pfb></usr/share/texlive/texmf-dist/fon
ts/type1/public/amsfonts/cm/cmmi10.pfb></usr/share/texlive/texmf-dist/fonts/typ
e1/public/amsfonts/cm/cmmi12.pfb></usr/share/texlive/texmf-dist/fonts/type1/pub
lic/amsfonts/cm/cmmi6.pfb></usr/share/texlive/texmf-dist/fonts/type1/public/ams
fonts/cm/cmmi7.pfb></usr/share/texlive/texmf-dist/fonts/type1/public/amsfonts/c
m/cmmi8.pfb></usr/share/texlive/texmf-dist/fonts/type1/public/amsfonts/cm/cmmib
10.pfb></usr/share/texlive/texmf-dist/fonts/type1/public/amsfonts/cm/cmr10.pfb>
</usr/share/texlive/texmf-dist/fonts/type1/public/amsfonts/cm/cmr12.pfb></usr/s
hare/texlive/texmf-dist/fonts/type1/public/amsfonts/cm/cmr5.pfb></usr/share/tex
live/texmf-dist/fonts/type1/public/amsfonts/cm/cmr7.pfb></usr/share/texlive/tex
mf-dist/fonts/type1/public/amsfonts/cm/cmr8.pfb></usr/share/texlive/texmf-dist/
fonts/type1/public/amsfonts/cm/cmss10.pfb></usr/share/texlive/texmf-dist/fonts/
type1/public/amsfonts/cm/cmss12.pfb></usr/share/texlive/texmf-dist/fonts/type1/
public/amsfonts/cm/cmss17.pfb></usr/share/texlive/texmf-dist/fonts/type1/public
/amsfonts/cm/cmss8.pfb></usr/share/texlive/texmf-dist/fonts/type1/public/sansma
thfonts/cmsscsc10.pfb></usr/share/texlive/texmf-dist/fonts/type1/public/amsfont
s/cm/cmsy10.pfb></usr/share/texlive/texmf-dist/fonts/type1/public/amsfonts/cm/c
msy7.pfb></usr/share/texlive/texmf-dist/fonts/type1/public/amsfonts/cm/cmsy8.pf
b></usr/share/texlive/texmf-dist/fonts/type1/public/amsfonts/cm/cmti10.pfb></us
r/share/texlive/texmf-dist/fonts/type1/public/amsfonts/cm/cmti12.pfb></usr/shar
e/texlive/texmf-dist/fonts/type1/public/amsfonts/cm/cmtt12.pfb></usr/share/texm
f/fonts/type1/public/cm-super/sfrm1200.pfb>
Output written on thesis.pdf (85 pages, 8123696 bytes).
PDF statistics:
 2046 PDF objects out of 2073 (max. 8388607)
 1727 compressed objects within 18 object streams
 995 named destinations out of 1000 (max. 500000)
 856 words of extra memory for PDF output out of 10000 (max. 10000000)

