This is pdfTeX, Version 3.14159265-2.6-1.40.20 (TeX Live 2019/Debian) (preloaded format=pdflatex 2022.9.6)  6 SEP 2022 18:42
entering extended mode
 restricted \write18 enabled.
 %&-line parsing enabled.
**seismicNetworks_presentation.tex
(./seismicNetworks_presentation.tex
LaTeX2e <2020-02-02> patch level 2
L3 programming layer <2020-02-14>
(/usr/share/texlive/texmf-dist/tex/latex/beamer/beamer.cls
Document Class: beamer 2019/09/29 v3.57 A class for typesetting presentations
(/usr/share/texlive/texmf-dist/tex/latex/beamer/beamerbasemodes.sty
(/usr/share/texlive/texmf-dist/tex/latex/etoolbox/etoolbox.sty
Package: etoolbox 2019/09/21 v2.5h e-TeX tools for LaTeX (JAW)
\etb@tempcnta=\count167
)
\beamer@tempbox=\box45
\beamer@tempcount=\count168
\c@beamerpauses=\count169

(/usr/share/texlive/texmf-dist/tex/latex/beamer/beamerbasedecode.sty
\beamer@slideinframe=\count170
\beamer@minimum=\count171
\beamer@decode@box=\box46
)
\beamer@commentbox=\box47
\beamer@modecount=\count172
)
(/usr/share/texlive/texmf-dist/tex/generic/iftex/ifpdf.sty
Package: ifpdf 2019/10/25 v3.4 ifpdf legacy package. Use iftex instead.

(/usr/share/texlive/texmf-dist/tex/generic/iftex/iftex.sty
Package: iftex 2019/11/07 v1.0c TeX engine tests
))
\headdp=\dimen134
\footheight=\dimen135
\sidebarheight=\dimen136
\beamer@tempdim=\dimen137
\beamer@finalheight=\dimen138
\beamer@animht=\dimen139
\beamer@animdp=\dimen140
\beamer@animwd=\dimen141
\beamer@leftmargin=\dimen142
\beamer@rightmargin=\dimen143
\beamer@leftsidebar=\dimen144
\beamer@rightsidebar=\dimen145
\beamer@boxsize=\dimen146
\beamer@vboxoffset=\dimen147
\beamer@descdefault=\dimen148
\beamer@descriptionwidth=\dimen149
\beamer@lastskip=\skip47
\beamer@areabox=\box48
\beamer@animcurrent=\box49
\beamer@animshowbox=\box50
\beamer@sectionbox=\box51
\beamer@logobox=\box52
\beamer@linebox=\box53
\beamer@sectioncount=\count173
\beamer@subsubsectionmax=\count174
\beamer@subsectionmax=\count175
\beamer@sectionmax=\count176
\beamer@totalheads=\count177
\beamer@headcounter=\count178
\beamer@partstartpage=\count179
\beamer@sectionstartpage=\count180
\beamer@subsectionstartpage=\count181
\beamer@animationtempa=\count182
\beamer@animationtempb=\count183
\beamer@xpos=\count184
\beamer@ypos=\count185
\beamer@ypos@offset=\count186
\beamer@showpartnumber=\count187
\beamer@currentsubsection=\count188
\beamer@coveringdepth=\count189
\beamer@sectionadjust=\count190
\beamer@tocsectionnumber=\count191

(/usr/share/texlive/texmf-dist/tex/latex/beamer/beamerbaseoptions.sty
(/usr/share/texlive/texmf-dist/tex/latex/graphics/keyval.sty
Package: keyval 2014/10/28 v1.15 key=value parser (DPC)
\KV@toks@=\toks14
))
\beamer@paperwidth=\skip48
\beamer@paperheight=\skip49

(/usr/share/texlive/texmf-dist/tex/latex/geometry/geometry.sty
Package: geometry 2020/01/02 v5.9 Page Geometry

(/usr/share/texlive/texmf-dist/tex/generic/iftex/ifvtex.sty
Package: ifvtex 2019/10/25 v1.7 ifvtex legacy package. Use iftex instead.
)
\Gm@cnth=\count192
\Gm@cntv=\count193
\c@Gm@tempcnt=\count194
\Gm@bindingoffset=\dimen150
\Gm@wd@mp=\dimen151
\Gm@odd@mp=\dimen152
\Gm@even@mp=\dimen153
\Gm@layoutwidth=\dimen154
\Gm@layoutheight=\dimen155
\Gm@layouthoffset=\dimen156
\Gm@layoutvoffset=\dimen157
\Gm@dimlist=\toks15
)
(/usr/share/texlive/texmf-dist/tex/latex/base/size10.clo
File: size10.clo 2019/12/20 v1.4l Standard LaTeX file (size option)
)
(/usr/share/texlive/texmf-dist/tex/latex/pgf/basiclayer/pgfcore.sty
(/usr/share/texlive/texmf-dist/tex/latex/graphics/graphicx.sty
Package: graphicx 2019/11/30 v1.2a Enhanced LaTeX Graphics (DPC,SPQR)

(/usr/share/texlive/texmf-dist/tex/latex/graphics/graphics.sty
Package: graphics 2019/11/30 v1.4a Standard LaTeX Graphics (DPC,SPQR)

(/usr/share/texlive/texmf-dist/tex/latex/graphics/trig.sty
Package: trig 2016/01/03 v1.10 sin cos tan (DPC)
)
(/usr/share/texlive/texmf-dist/tex/latex/graphics-cfg/graphics.cfg
File: graphics.cfg 2016/06/04 v1.11 sample graphics configuration
)
Package graphics Info: Driver file: pdftex.def on input line 105.

(/usr/share/texlive/texmf-dist/tex/latex/graphics-def/pdftex.def
File: pdftex.def 2018/01/08 v1.0l Graphics/color driver for pdftex
))
\Gin@req@height=\dimen158
\Gin@req@width=\dimen159
)
(/usr/share/texlive/texmf-dist/tex/latex/pgf/systemlayer/pgfsys.sty
(/usr/share/texlive/texmf-dist/tex/latex/pgf/utilities/pgfrcs.sty
(/usr/share/texlive/texmf-dist/tex/generic/pgf/utilities/pgfutil-common.tex
\pgfutil@everybye=\toks16
\pgfutil@tempdima=\dimen160
\pgfutil@tempdimb=\dimen161

(/usr/share/texlive/texmf-dist/tex/generic/pgf/utilities/pgfutil-common-lists.t
ex)) (/usr/share/texlive/texmf-dist/tex/generic/pgf/utilities/pgfutil-latex.def
\pgfutil@abb=\box54
(/usr/share/texlive/texmf-dist/tex/latex/ms/everyshi.sty
Package: everyshi 2001/05/15 v3.00 EveryShipout Package (MS)
))
(/usr/share/texlive/texmf-dist/tex/generic/pgf/utilities/pgfrcs.code.tex
(/usr/share/texlive/texmf-dist/tex/generic/pgf/pgf.revision.tex)
Package: pgfrcs 2020/01/08 v3.1.5b (3.1.5b)
))
(/usr/share/texlive/texmf-dist/tex/generic/pgf/systemlayer/pgfsys.code.tex
Package: pgfsys 2020/01/08 v3.1.5b (3.1.5b)

(/usr/share/texlive/texmf-dist/tex/generic/pgf/utilities/pgfkeys.code.tex
\pgfkeys@pathtoks=\toks17
\pgfkeys@temptoks=\toks18

(/usr/share/texlive/texmf-dist/tex/generic/pgf/utilities/pgfkeysfiltered.code.t
ex
\pgfkeys@tmptoks=\toks19
))
\pgf@x=\dimen162
\pgf@y=\dimen163
\pgf@xa=\dimen164
\pgf@ya=\dimen165
\pgf@xb=\dimen166
\pgf@yb=\dimen167
\pgf@xc=\dimen168
\pgf@yc=\dimen169
\pgf@xd=\dimen170
\pgf@yd=\dimen171
\w@pgf@writea=\write3
\r@pgf@reada=\read2
\c@pgf@counta=\count195
\c@pgf@countb=\count196
\c@pgf@countc=\count197
\c@pgf@countd=\count198
\t@pgf@toka=\toks20
\t@pgf@tokb=\toks21
\t@pgf@tokc=\toks22
\pgf@sys@id@count=\count199
 (/usr/share/texlive/texmf-dist/tex/generic/pgf/systemlayer/pgf.cfg
File: pgf.cfg 2020/01/08 v3.1.5b (3.1.5b)
)
Driver file for pgf: pgfsys-pdftex.def

(/usr/share/texlive/texmf-dist/tex/generic/pgf/systemlayer/pgfsys-pdftex.def
File: pgfsys-pdftex.def 2020/01/08 v3.1.5b (3.1.5b)

(/usr/share/texlive/texmf-dist/tex/generic/pgf/systemlayer/pgfsys-common-pdf.de
f
File: pgfsys-common-pdf.def 2020/01/08 v3.1.5b (3.1.5b)
)))
(/usr/share/texlive/texmf-dist/tex/generic/pgf/systemlayer/pgfsyssoftpath.code.
tex
File: pgfsyssoftpath.code.tex 2020/01/08 v3.1.5b (3.1.5b)
\pgfsyssoftpath@smallbuffer@items=\count266
\pgfsyssoftpath@bigbuffer@items=\count267
)
(/usr/share/texlive/texmf-dist/tex/generic/pgf/systemlayer/pgfsysprotocol.code.
tex
File: pgfsysprotocol.code.tex 2020/01/08 v3.1.5b (3.1.5b)
)) (/usr/share/texlive/texmf-dist/tex/latex/xcolor/xcolor.sty
Package: xcolor 2016/05/11 v2.12 LaTeX color extensions (UK)

(/usr/share/texlive/texmf-dist/tex/latex/graphics-cfg/color.cfg
File: color.cfg 2016/01/02 v1.6 sample color configuration
)
Package xcolor Info: Driver file: pdftex.def on input line 225.
Package xcolor Info: Model `cmy' substituted by `cmy0' on input line 1348.
Package xcolor Info: Model `hsb' substituted by `rgb' on input line 1352.
Package xcolor Info: Model `RGB' extended on input line 1364.
Package xcolor Info: Model `HTML' substituted by `rgb' on input line 1366.
Package xcolor Info: Model `Hsb' substituted by `hsb' on input line 1367.
Package xcolor Info: Model `tHsb' substituted by `hsb' on input line 1368.
Package xcolor Info: Model `HSB' substituted by `hsb' on input line 1369.
Package xcolor Info: Model `Gray' substituted by `gray' on input line 1370.
Package xcolor Info: Model `wave' substituted by `hsb' on input line 1371.
)
(/usr/share/texlive/texmf-dist/tex/generic/pgf/basiclayer/pgfcore.code.tex
Package: pgfcore 2020/01/08 v3.1.5b (3.1.5b)

(/usr/share/texlive/texmf-dist/tex/generic/pgf/math/pgfmath.code.tex
(/usr/share/texlive/texmf-dist/tex/generic/pgf/math/pgfmathcalc.code.tex
(/usr/share/texlive/texmf-dist/tex/generic/pgf/math/pgfmathutil.code.tex)
(/usr/share/texlive/texmf-dist/tex/generic/pgf/math/pgfmathparser.code.tex
\pgfmath@dimen=\dimen172
\pgfmath@count=\count268
\pgfmath@box=\box55
\pgfmath@toks=\toks23
\pgfmath@stack@operand=\toks24
\pgfmath@stack@operation=\toks25
)
(/usr/share/texlive/texmf-dist/tex/generic/pgf/math/pgfmathfunctions.code.tex
(/usr/share/texlive/texmf-dist/tex/generic/pgf/math/pgfmathfunctions.basic.code
.tex)
(/usr/share/texlive/texmf-dist/tex/generic/pgf/math/pgfmathfunctions.trigonomet
ric.code.tex)
(/usr/share/texlive/texmf-dist/tex/generic/pgf/math/pgfmathfunctions.random.cod
e.tex)
(/usr/share/texlive/texmf-dist/tex/generic/pgf/math/pgfmathfunctions.comparison
.code.tex)
(/usr/share/texlive/texmf-dist/tex/generic/pgf/math/pgfmathfunctions.base.code.
tex)
(/usr/share/texlive/texmf-dist/tex/generic/pgf/math/pgfmathfunctions.round.code
.tex)
(/usr/share/texlive/texmf-dist/tex/generic/pgf/math/pgfmathfunctions.misc.code.
tex)
(/usr/share/texlive/texmf-dist/tex/generic/pgf/math/pgfmathfunctions.integerari
thmetics.code.tex)))
(/usr/share/texlive/texmf-dist/tex/generic/pgf/math/pgfmathfloat.code.tex
\c@pgfmathroundto@lastzeros=\count269
))
(/usr/share/texlive/texmf-dist/tex/generic/pgf/math/pgfint.code.tex)
(/usr/share/texlive/texmf-dist/tex/generic/pgf/basiclayer/pgfcorepoints.code.te
x
File: pgfcorepoints.code.tex 2020/01/08 v3.1.5b (3.1.5b)
\pgf@picminx=\dimen173
\pgf@picmaxx=\dimen174
\pgf@picminy=\dimen175
\pgf@picmaxy=\dimen176
\pgf@pathminx=\dimen177
\pgf@pathmaxx=\dimen178
\pgf@pathminy=\dimen179
\pgf@pathmaxy=\dimen180
\pgf@xx=\dimen181
\pgf@xy=\dimen182
\pgf@yx=\dimen183
\pgf@yy=\dimen184
\pgf@zx=\dimen185
\pgf@zy=\dimen186
)
(/usr/share/texlive/texmf-dist/tex/generic/pgf/basiclayer/pgfcorepathconstruct.
code.tex
File: pgfcorepathconstruct.code.tex 2020/01/08 v3.1.5b (3.1.5b)
\pgf@path@lastx=\dimen187
\pgf@path@lasty=\dimen188
)
(/usr/share/texlive/texmf-dist/tex/generic/pgf/basiclayer/pgfcorepathusage.code
.tex
File: pgfcorepathusage.code.tex 2020/01/08 v3.1.5b (3.1.5b)
\pgf@shorten@end@additional=\dimen189
\pgf@shorten@start@additional=\dimen190
)
(/usr/share/texlive/texmf-dist/tex/generic/pgf/basiclayer/pgfcorescopes.code.te
x
File: pgfcorescopes.code.tex 2020/01/08 v3.1.5b (3.1.5b)
\pgfpic=\box56
\pgf@hbox=\box57
\pgf@layerbox@main=\box58
\pgf@picture@serial@count=\count270
)
(/usr/share/texlive/texmf-dist/tex/generic/pgf/basiclayer/pgfcoregraphicstate.c
ode.tex
File: pgfcoregraphicstate.code.tex 2020/01/08 v3.1.5b (3.1.5b)
\pgflinewidth=\dimen191
)
(/usr/share/texlive/texmf-dist/tex/generic/pgf/basiclayer/pgfcoretransformation
s.code.tex
File: pgfcoretransformations.code.tex 2020/01/08 v3.1.5b (3.1.5b)
\pgf@pt@x=\dimen192
\pgf@pt@y=\dimen193
\pgf@pt@temp=\dimen194
)
(/usr/share/texlive/texmf-dist/tex/generic/pgf/basiclayer/pgfcorequick.code.tex
File: pgfcorequick.code.tex 2020/01/08 v3.1.5b (3.1.5b)
)
(/usr/share/texlive/texmf-dist/tex/generic/pgf/basiclayer/pgfcoreobjects.code.t
ex
File: pgfcoreobjects.code.tex 2020/01/08 v3.1.5b (3.1.5b)
)
(/usr/share/texlive/texmf-dist/tex/generic/pgf/basiclayer/pgfcorepathprocessing
.code.tex
File: pgfcorepathprocessing.code.tex 2020/01/08 v3.1.5b (3.1.5b)
)
(/usr/share/texlive/texmf-dist/tex/generic/pgf/basiclayer/pgfcorearrows.code.te
x
File: pgfcorearrows.code.tex 2020/01/08 v3.1.5b (3.1.5b)
\pgfarrowsep=\dimen195
)
(/usr/share/texlive/texmf-dist/tex/generic/pgf/basiclayer/pgfcoreshade.code.tex
File: pgfcoreshade.code.tex 2020/01/08 v3.1.5b (3.1.5b)
\pgf@max=\dimen196
\pgf@sys@shading@range@num=\count271
\pgf@shadingcount=\count272
)
(/usr/share/texlive/texmf-dist/tex/generic/pgf/basiclayer/pgfcoreimage.code.tex
File: pgfcoreimage.code.tex 2020/01/08 v3.1.5b (3.1.5b)

(/usr/share/texlive/texmf-dist/tex/generic/pgf/basiclayer/pgfcoreexternal.code.
tex
File: pgfcoreexternal.code.tex 2020/01/08 v3.1.5b (3.1.5b)
\pgfexternal@startupbox=\box59
))
(/usr/share/texlive/texmf-dist/tex/generic/pgf/basiclayer/pgfcorelayers.code.te
x
File: pgfcorelayers.code.tex 2020/01/08 v3.1.5b (3.1.5b)
)
(/usr/share/texlive/texmf-dist/tex/generic/pgf/basiclayer/pgfcoretransparency.c
ode.tex
File: pgfcoretransparency.code.tex 2020/01/08 v3.1.5b (3.1.5b)
)
(/usr/share/texlive/texmf-dist/tex/generic/pgf/basiclayer/pgfcorepatterns.code.
tex
File: pgfcorepatterns.code.tex 2020/01/08 v3.1.5b (3.1.5b)
)
(/usr/share/texlive/texmf-dist/tex/generic/pgf/basiclayer/pgfcorerdf.code.tex
File: pgfcorerdf.code.tex 2020/01/08 v3.1.5b (3.1.5b)
))) (/usr/share/texlive/texmf-dist/tex/latex/pgf/utilities/xxcolor.sty
Package: xxcolor 2003/10/24 ver 0.1
\XC@nummixins=\count273
\XC@countmixins=\count274
)
(/usr/share/texlive/texmf-dist/tex/generic/atbegshi/atbegshi.sty
Package: atbegshi 2019/12/05 v1.19 At begin shipout hook (HO)

(/usr/share/texlive/texmf-dist/tex/generic/infwarerr/infwarerr.sty
Package: infwarerr 2019/12/03 v1.5 Providing info/warning/error messages (HO)
)
(/usr/share/texlive/texmf-dist/tex/generic/ltxcmds/ltxcmds.sty
Package: ltxcmds 2019/12/15 v1.24 LaTeX kernel commands for general use (HO)
))
(/usr/share/texlive/texmf-dist/tex/latex/hyperref/hyperref.sty
Package: hyperref 2020/01/14 v7.00d Hypertext links for LaTeX

(/usr/share/texlive/texmf-dist/tex/latex/pdftexcmds/pdftexcmds.sty
Package: pdftexcmds 2019/11/24 v0.31 Utility functions of pdfTeX for LuaTeX (HO
)
Package pdftexcmds Info: \pdf@primitive is available.
Package pdftexcmds Info: \pdf@ifprimitive is available.
Package pdftexcmds Info: \pdfdraftmode found.
)
(/usr/share/texlive/texmf-dist/tex/generic/kvsetkeys/kvsetkeys.sty
Package: kvsetkeys 2019/12/15 v1.18 Key value parser (HO)
)
(/usr/share/texlive/texmf-dist/tex/generic/kvdefinekeys/kvdefinekeys.sty
Package: kvdefinekeys 2019-12-19 v1.6 Define keys (HO)
)
(/usr/share/texlive/texmf-dist/tex/generic/pdfescape/pdfescape.sty
Package: pdfescape 2019/12/09 v1.15 Implements pdfTeX's escape features (HO)
)
(/usr/share/texlive/texmf-dist/tex/latex/hycolor/hycolor.sty
Package: hycolor 2020-01-27 v1.10 Color options for hyperref/bookmark (HO)
)
(/usr/share/texlive/texmf-dist/tex/latex/letltxmacro/letltxmacro.sty
Package: letltxmacro 2019/12/03 v1.6 Let assignment for LaTeX macros (HO)
)
(/usr/share/texlive/texmf-dist/tex/latex/auxhook/auxhook.sty
Package: auxhook 2019-12-17 v1.6 Hooks for auxiliary files (HO)
)
(/usr/share/texlive/texmf-dist/tex/latex/kvoptions/kvoptions.sty
Package: kvoptions 2019/11/29 v3.13 Key value format for package options (HO)
)
\@linkdim=\dimen197
\Hy@linkcounter=\count275
\Hy@pagecounter=\count276

(/usr/share/texlive/texmf-dist/tex/latex/hyperref/pd1enc.def
File: pd1enc.def 2020/01/14 v7.00d Hyperref: PDFDocEncoding definition (HO)
Now handling font encoding PD1 ...
... no UTF-8 mapping file for font encoding PD1
)
(/usr/share/texlive/texmf-dist/tex/generic/intcalc/intcalc.sty
Package: intcalc 2019/12/15 v1.3 Expandable calculations with integers (HO)
)
(/usr/share/texlive/texmf-dist/tex/generic/etexcmds/etexcmds.sty
Package: etexcmds 2019/12/15 v1.7 Avoid name clashes with e-TeX commands (HO)
)
\Hy@SavedSpaceFactor=\count277
\pdfmajorversion=\count278
Package hyperref Info: Option `bookmarks' set `true' on input line 4421.
Package hyperref Info: Option `bookmarksopen' set `true' on input line 4421.
Package hyperref Info: Option `implicit' set `false' on input line 4421.
Package hyperref Info: Hyper figures OFF on input line 4547.
Package hyperref Info: Link nesting OFF on input line 4552.
Package hyperref Info: Hyper index ON on input line 4555.
Package hyperref Info: Plain pages OFF on input line 4562.
Package hyperref Info: Backreferencing OFF on input line 4567.
Package hyperref Info: Implicit mode OFF; no redefinition of LaTeX internals.
Package hyperref Info: Bookmarks ON on input line 4800.
\c@Hy@tempcnt=\count279

(/usr/share/texlive/texmf-dist/tex/latex/url/url.sty
\Urlmuskip=\muskip16
Package: url 2013/09/16  ver 3.4  Verb mode for urls, etc.
)
LaTeX Info: Redefining \url on input line 5159.
\XeTeXLinkMargin=\dimen198

(/usr/share/texlive/texmf-dist/tex/generic/bitset/bitset.sty
Package: bitset 2019/12/09 v1.3 Handle bit-vector datatype (HO)

(/usr/share/texlive/texmf-dist/tex/generic/bigintcalc/bigintcalc.sty
Package: bigintcalc 2019/12/15 v1.5 Expandable calculations on big integers (HO
)
))
\Fld@menulength=\count280
\Field@Width=\dimen199
\Fld@charsize=\dimen256
Package hyperref Info: Hyper figures OFF on input line 6430.
Package hyperref Info: Link nesting OFF on input line 6435.
Package hyperref Info: Hyper index ON on input line 6438.
Package hyperref Info: backreferencing OFF on input line 6445.
Package hyperref Info: Link coloring OFF on input line 6450.
Package hyperref Info: Link coloring with OCG OFF on input line 6455.
Package hyperref Info: PDF/A mode OFF on input line 6460.
LaTeX Info: Redefining \ref on input line 6500.
LaTeX Info: Redefining \pageref on input line 6504.
\Hy@abspage=\count281


Package hyperref Message: Stopped early.

)
Package hyperref Info: Driver (autodetected): hpdftex.
 (/usr/share/texlive/texmf-dist/tex/latex/hyperref/hpdftex.def
File: hpdftex.def 2020/01/14 v7.00d Hyperref driver for pdfTeX

(/usr/share/texlive/texmf-dist/tex/latex/atveryend/atveryend.sty
Package: atveryend 2019-12-11 v1.11 Hooks at the very end of document (HO)
)
\Fld@listcount=\count282
\c@bookmark@seq@number=\count283

(/usr/share/texlive/texmf-dist/tex/latex/rerunfilecheck/rerunfilecheck.sty
Package: rerunfilecheck 2019/12/05 v1.9 Rerun checks for auxiliary files (HO)

(/usr/share/texlive/texmf-dist/tex/generic/uniquecounter/uniquecounter.sty
Package: uniquecounter 2019/12/15 v1.4 Provide unlimited unique counter (HO)
)
Package uniquecounter Info: New unique counter `rerunfilecheck' on input line 2
86.
))
(/usr/share/texlive/texmf-dist/tex/latex/beamer/beamerbaserequires.sty
(/usr/share/texlive/texmf-dist/tex/latex/beamer/beamerbasecompatibility.sty)
(/usr/share/texlive/texmf-dist/tex/latex/beamer/beamerbasefont.sty
(/usr/share/texlive/texmf-dist/tex/latex/amsfonts/amssymb.sty
Package: amssymb 2013/01/14 v3.01 AMS font symbols

(/usr/share/texlive/texmf-dist/tex/latex/amsfonts/amsfonts.sty
Package: amsfonts 2013/01/14 v3.01 Basic AMSFonts support
\@emptytoks=\toks26
\symAMSa=\mathgroup4
\symAMSb=\mathgroup5
LaTeX Font Info:    Redeclaring math symbol \hbar on input line 98.
LaTeX Font Info:    Overwriting math alphabet `\mathfrak' in version `bold'
(Font)                  U/euf/m/n --> U/euf/b/n on input line 106.
))
(/usr/share/texlive/texmf-dist/tex/latex/sansmathaccent/sansmathaccent.sty
Package: sansmathaccent 2020/01/31

(/usr/share/texlive/texmf-dist/tex/latex/koma-script/scrlfile.sty
Package: scrlfile 2020/01/24 v3.29 KOMA-Script package (loading files)
)))
(/usr/share/texlive/texmf-dist/tex/latex/beamer/beamerbasetranslator.sty
(/usr/share/texlive/texmf-dist/tex/latex/translator/translator.sty
Package: translator 2019-05-31 v1.12a Easy translation of strings in LaTeX
))
(/usr/share/texlive/texmf-dist/tex/latex/beamer/beamerbasemisc.sty)
(/usr/share/texlive/texmf-dist/tex/latex/beamer/beamerbasetwoscreens.sty)
(/usr/share/texlive/texmf-dist/tex/latex/beamer/beamerbaseoverlay.sty
\beamer@argscount=\count284
\beamer@lastskipcover=\skip50
\beamer@trivlistdepth=\count285
)
(/usr/share/texlive/texmf-dist/tex/latex/beamer/beamerbasetitle.sty)
(/usr/share/texlive/texmf-dist/tex/latex/beamer/beamerbasesection.sty
\c@lecture=\count286
\c@part=\count287
\c@section=\count288
\c@subsection=\count289
\c@subsubsection=\count290
)
(/usr/share/texlive/texmf-dist/tex/latex/beamer/beamerbaseframe.sty
\beamer@framebox=\box60
\beamer@frametitlebox=\box61
\beamer@zoombox=\box62
\beamer@zoomcount=\count291
\beamer@zoomframecount=\count292
\beamer@frametextheight=\dimen257
\c@subsectionslide=\count293
\beamer@frametopskip=\skip51
\beamer@framebottomskip=\skip52
\beamer@frametopskipautobreak=\skip53
\beamer@framebottomskipautobreak=\skip54
\beamer@envbody=\toks27
\framewidth=\dimen258
\c@framenumber=\count294
)
(/usr/share/texlive/texmf-dist/tex/latex/beamer/beamerbaseverbatim.sty
\beamer@verbatimfileout=\write4
)
(/usr/share/texlive/texmf-dist/tex/latex/beamer/beamerbaseframesize.sty
\beamer@splitbox=\box63
\beamer@autobreakcount=\count295
\beamer@autobreaklastheight=\dimen259
\beamer@frametitletoks=\toks28
\beamer@framesubtitletoks=\toks29
)
(/usr/share/texlive/texmf-dist/tex/latex/beamer/beamerbaseframecomponents.sty
\beamer@footins=\box64
)
(/usr/share/texlive/texmf-dist/tex/latex/beamer/beamerbasecolor.sty)
(/usr/share/texlive/texmf-dist/tex/latex/beamer/beamerbasenotes.sty
\beamer@frameboxcopy=\box65
)
(/usr/share/texlive/texmf-dist/tex/latex/beamer/beamerbasetoc.sty)
(/usr/share/texlive/texmf-dist/tex/latex/beamer/beamerbasetemplates.sty
\beamer@sbttoks=\toks30

(/usr/share/texlive/texmf-dist/tex/latex/beamer/beamerbaseauxtemplates.sty
(/usr/share/texlive/texmf-dist/tex/latex/beamer/beamerbaseboxes.sty
\bmb@box=\box66
\bmb@colorbox=\box67
\bmb@boxshadow=\box68
\bmb@boxshadowball=\box69
\bmb@boxshadowballlarge=\box70
\bmb@temp=\dimen260
\bmb@dima=\dimen261
\bmb@dimb=\dimen262
\bmb@prevheight=\dimen263
)
\beamer@blockheadheight=\dimen264
))
(/usr/share/texlive/texmf-dist/tex/latex/beamer/beamerbaselocalstructure.sty
(/usr/share/texlive/texmf-dist/tex/latex/tools/enumerate.sty
Package: enumerate 2015/07/23 v3.00 enumerate extensions (DPC)
\@enLab=\toks31
)
\c@figure=\count296
\c@table=\count297
\abovecaptionskip=\skip55
\belowcaptionskip=\skip56
)
(/usr/share/texlive/texmf-dist/tex/latex/beamer/beamerbasenavigation.sty
\beamer@section@min@dim=\dimen265
)
(/usr/share/texlive/texmf-dist/tex/latex/beamer/beamerbasetheorems.sty
(/usr/share/texlive/texmf-dist/tex/latex/amsmath/amsmath.sty
Package: amsmath 2020/01/20 v2.17e AMS math features
\@mathmargin=\skip57

For additional information on amsmath, use the `?' option.
(/usr/share/texlive/texmf-dist/tex/latex/amsmath/amstext.sty
Package: amstext 2000/06/29 v2.01 AMS text

(/usr/share/texlive/texmf-dist/tex/latex/amsmath/amsgen.sty
File: amsgen.sty 1999/11/30 v2.0 generic functions
\@emptytoks=\toks32
\ex@=\dimen266
))
(/usr/share/texlive/texmf-dist/tex/latex/amsmath/amsbsy.sty
Package: amsbsy 1999/11/29 v1.2d Bold Symbols
\pmbraise@=\dimen267
)
(/usr/share/texlive/texmf-dist/tex/latex/amsmath/amsopn.sty
Package: amsopn 2016/03/08 v2.02 operator names
)
\inf@bad=\count298
LaTeX Info: Redefining \frac on input line 227.
\uproot@=\count299
\leftroot@=\count300
LaTeX Info: Redefining \overline on input line 389.
\classnum@=\count301
\DOTSCASE@=\count302
LaTeX Info: Redefining \ldots on input line 486.
LaTeX Info: Redefining \dots on input line 489.
LaTeX Info: Redefining \cdots on input line 610.
\Mathstrutbox@=\box71
\strutbox@=\box72
\big@size=\dimen268
LaTeX Font Info:    Redeclaring font encoding OML on input line 733.
LaTeX Font Info:    Redeclaring font encoding OMS on input line 734.
\macc@depth=\count303
\c@MaxMatrixCols=\count304
\dotsspace@=\muskip17
\c@parentequation=\count305
\dspbrk@lvl=\count306
\tag@help=\toks33
\row@=\count307
\column@=\count308
\maxfields@=\count309
\andhelp@=\toks34
\eqnshift@=\dimen269
\alignsep@=\dimen270
\tagshift@=\dimen271
\tagwidth@=\dimen272
\totwidth@=\dimen273
\lineht@=\dimen274
\@envbody=\toks35
\multlinegap=\skip58
\multlinetaggap=\skip59
\mathdisplay@stack=\toks36
LaTeX Info: Redefining \[ on input line 2859.
LaTeX Info: Redefining \] on input line 2860.
)
(/usr/share/texlive/texmf-dist/tex/latex/amscls/amsthm.sty
Package: amsthm 2017/10/31 v2.20.4
\thm@style=\toks37
\thm@bodyfont=\toks38
\thm@headfont=\toks39
\thm@notefont=\toks40
\thm@headpunct=\toks41
\thm@preskip=\skip60
\thm@postskip=\skip61
\thm@headsep=\skip62
\dth@everypar=\toks42
)
\c@theorem=\count310
)
(/usr/share/texlive/texmf-dist/tex/latex/beamer/beamerbasethemes.sty))
(/usr/share/texlive/texmf-dist/tex/latex/beamer/beamerthemedefault.sty
(/usr/share/texlive/texmf-dist/tex/latex/beamer/beamerfontthemedefault.sty)
(/usr/share/texlive/texmf-dist/tex/latex/beamer/beamercolorthemedefault.sty)
(/usr/share/texlive/texmf-dist/tex/latex/beamer/beamerinnerthemedefault.sty
\beamer@dima=\dimen275
\beamer@dimb=\dimen276
)
(/usr/share/texlive/texmf-dist/tex/latex/beamer/beamerouterthemedefault.sty)))
(/usr/share/texlive/texmf-dist/tex/latex/beamer/beamerthemeBoadilla.sty
(/usr/share/texlive/texmf-dist/tex/latex/beamer/beamercolorthemerose.sty)
(/usr/share/texlive/texmf-dist/tex/latex/beamer/beamerinnerthemerounded.sty)
(/usr/share/texlive/texmf-dist/tex/latex/beamer/beamercolorthemedolphin.sty)
(/usr/share/texlive/texmf-dist/tex/latex/beamer/beamerouterthemeinfolines.sty))
(/usr/share/texlive/texmf-dist/tex/latex/carlisle/slashed.sty
Package: slashed 1997/01/16 v0.01 Feynman Slashed Character Notation (DPC)
)
(/usr/share/texlive/texmf-dist/tex/latex/doublestroke/dsfont.sty
Package: dsfont 1995/08/01 v0.1 Double stroke roman fonts
)
\sympureletters=\mathgroup6
LaTeX Font Info:    Overwriting symbol font `pureletters' in version `bold'
(Font)                  OT1/mathkerncmss/m/sl --> OT1/mathkerncmss/bx/sl on inp
ut line 11.

(/usr/share/texlive/texmf-dist/tex/latex/tools/bm.sty
Package: bm 2019/07/24 v1.2d Bold Symbol Support (DPC/FMi)
\symboldoperators=\mathgroup7
\symboldletters=\mathgroup8
\symboldsymbols=\mathgroup9
\symboldpureletters=\mathgroup10
LaTeX Font Info:    Redeclaring math alphabet \mathbf on input line 141.
LaTeX Info: Redefining \bm on input line 209.
) (./tikzit.sty
(/usr/share/texlive/texmf-dist/tex/latex/pgf/frontendlayer/tikz.sty
(/usr/share/texlive/texmf-dist/tex/latex/pgf/basiclayer/pgf.sty
Package: pgf 2020/01/08 v3.1.5b (3.1.5b)

(/usr/share/texlive/texmf-dist/tex/generic/pgf/modules/pgfmoduleshapes.code.tex
File: pgfmoduleshapes.code.tex 2020/01/08 v3.1.5b (3.1.5b)
\pgfnodeparttextbox=\box73
) (/usr/share/texlive/texmf-dist/tex/generic/pgf/modules/pgfmoduleplot.code.tex
File: pgfmoduleplot.code.tex 2020/01/08 v3.1.5b (3.1.5b)
)
(/usr/share/texlive/texmf-dist/tex/latex/pgf/compatibility/pgfcomp-version-0-65
.sty
Package: pgfcomp-version-0-65 2020/01/08 v3.1.5b (3.1.5b)
\pgf@nodesepstart=\dimen277
\pgf@nodesepend=\dimen278
)
(/usr/share/texlive/texmf-dist/tex/latex/pgf/compatibility/pgfcomp-version-1-18
.sty
Package: pgfcomp-version-1-18 2020/01/08 v3.1.5b (3.1.5b)
)) (/usr/share/texlive/texmf-dist/tex/latex/pgf/utilities/pgffor.sty
(/usr/share/texlive/texmf-dist/tex/latex/pgf/utilities/pgfkeys.sty
(/usr/share/texlive/texmf-dist/tex/generic/pgf/utilities/pgfkeys.code.tex))
(/usr/share/texlive/texmf-dist/tex/latex/pgf/math/pgfmath.sty
(/usr/share/texlive/texmf-dist/tex/generic/pgf/math/pgfmath.code.tex))
(/usr/share/texlive/texmf-dist/tex/generic/pgf/utilities/pgffor.code.tex
Package: pgffor 2020/01/08 v3.1.5b (3.1.5b)

(/usr/share/texlive/texmf-dist/tex/generic/pgf/math/pgfmath.code.tex)
\pgffor@iter=\dimen279
\pgffor@skip=\dimen280
\pgffor@stack=\toks43
\pgffor@toks=\toks44
))
(/usr/share/texlive/texmf-dist/tex/generic/pgf/frontendlayer/tikz/tikz.code.tex
Package: tikz 2020/01/08 v3.1.5b (3.1.5b)

(/usr/share/texlive/texmf-dist/tex/generic/pgf/libraries/pgflibraryplothandlers
.code.tex
File: pgflibraryplothandlers.code.tex 2020/01/08 v3.1.5b (3.1.5b)
\pgf@plot@mark@count=\count311
\pgfplotmarksize=\dimen281
)
\tikz@lastx=\dimen282
\tikz@lasty=\dimen283
\tikz@lastxsaved=\dimen284
\tikz@lastysaved=\dimen285
\tikz@lastmovetox=\dimen286
\tikz@lastmovetoy=\dimen287
\tikzleveldistance=\dimen288
\tikzsiblingdistance=\dimen289
\tikz@figbox=\box74
\tikz@figbox@bg=\box75
\tikz@tempbox=\box76
\tikz@tempbox@bg=\box77
\tikztreelevel=\count312
\tikznumberofchildren=\count313
\tikznumberofcurrentchild=\count314
\tikz@fig@count=\count315

(/usr/share/texlive/texmf-dist/tex/generic/pgf/modules/pgfmodulematrix.code.tex
File: pgfmodulematrix.code.tex 2020/01/08 v3.1.5b (3.1.5b)
\pgfmatrixcurrentrow=\count316
\pgfmatrixcurrentcolumn=\count317
\pgf@matrix@numberofcolumns=\count318
)
\tikz@expandcount=\count319

(/usr/share/texlive/texmf-dist/tex/generic/pgf/frontendlayer/tikz/libraries/tik
zlibrarytopaths.code.tex
File: tikzlibrarytopaths.code.tex 2020/01/08 v3.1.5b (3.1.5b)
)))
(/usr/share/texlive/texmf-dist/tex/generic/pgf/frontendlayer/tikz/libraries/tik
zlibrarybackgrounds.code.tex
File: tikzlibrarybackgrounds.code.tex 2020/01/08 v3.1.5b (3.1.5b)
\pgf@layerbox@background=\box78
\pgf@layerboxsaved@background=\box79
)
(/usr/share/texlive/texmf-dist/tex/generic/pgf/frontendlayer/tikz/libraries/tik
zlibraryarrows.code.tex
File: tikzlibraryarrows.code.tex 2020/01/08 v3.1.5b (3.1.5b)

(/usr/share/texlive/texmf-dist/tex/generic/pgf/libraries/pgflibraryarrows.code.
tex
File: pgflibraryarrows.code.tex 2020/01/08 v3.1.5b (3.1.5b)
\arrowsize=\dimen290
))
(/usr/share/texlive/texmf-dist/tex/generic/pgf/frontendlayer/tikz/libraries/tik
zlibraryshapes.code.tex
File: tikzlibraryshapes.code.tex 2020/01/08 v3.1.5b (3.1.5b)

(/usr/share/texlive/texmf-dist/tex/generic/pgf/frontendlayer/tikz/libraries/tik
zlibraryshapes.geometric.code.tex
File: tikzlibraryshapes.geometric.code.tex 2020/01/08 v3.1.5b (3.1.5b)

(/usr/share/texlive/texmf-dist/tex/generic/pgf/libraries/shapes/pgflibraryshape
s.geometric.code.tex
File: pgflibraryshapes.geometric.code.tex 2020/01/08 v3.1.5b (3.1.5b)
))
(/usr/share/texlive/texmf-dist/tex/generic/pgf/frontendlayer/tikz/libraries/tik
zlibraryshapes.misc.code.tex
File: tikzlibraryshapes.misc.code.tex 2020/01/08 v3.1.5b (3.1.5b)

(/usr/share/texlive/texmf-dist/tex/generic/pgf/libraries/shapes/pgflibraryshape
s.misc.code.tex
File: pgflibraryshapes.misc.code.tex 2020/01/08 v3.1.5b (3.1.5b)
))
(/usr/share/texlive/texmf-dist/tex/generic/pgf/frontendlayer/tikz/libraries/tik
zlibraryshapes.symbols.code.tex
File: tikzlibraryshapes.symbols.code.tex 2020/01/08 v3.1.5b (3.1.5b)

(/usr/share/texlive/texmf-dist/tex/generic/pgf/libraries/shapes/pgflibraryshape
s.symbols.code.tex
File: pgflibraryshapes.symbols.code.tex 2020/01/08 v3.1.5b (3.1.5b)
))
(/usr/share/texlive/texmf-dist/tex/generic/pgf/frontendlayer/tikz/libraries/tik
zlibraryshapes.arrows.code.tex
File: tikzlibraryshapes.arrows.code.tex 2020/01/08 v3.1.5b (3.1.5b)

(/usr/share/texlive/texmf-dist/tex/generic/pgf/libraries/shapes/pgflibraryshape
s.arrows.code.tex
File: pgflibraryshapes.arrows.code.tex 2020/01/08 v3.1.5b (3.1.5b)
))
(/usr/share/texlive/texmf-dist/tex/generic/pgf/frontendlayer/tikz/libraries/tik
zlibraryshapes.callouts.code.tex
(/usr/share/texlive/texmf-dist/tex/generic/pgf/libraries/shapes/pgflibraryshape
s.callouts.code.tex))
(/usr/share/texlive/texmf-dist/tex/generic/pgf/frontendlayer/tikz/libraries/tik
zlibraryshapes.multipart.code.tex
File: tikzlibraryshapes.multipart.code.tex 2020/01/08 v3.1.5b (3.1.5b)

(/usr/share/texlive/texmf-dist/tex/generic/pgf/libraries/shapes/pgflibraryshape
s.multipart.code.tex
File: pgflibraryshapes.multipart.code.tex 2020/01/08 v3.1.5b (3.1.5b)
\pgfnodepartlowerbox=\box80
\pgfnodeparttwobox=\box81
\pgfnodepartthreebox=\box82
\pgfnodepartfourbox=\box83
\pgfnodeparttwentybox=\box84
\pgfnodepartnineteenbox=\box85
\pgfnodeparteighteenbox=\box86
\pgfnodepartseventeenbox=\box87
\pgfnodepartsixteenbox=\box88
\pgfnodepartfifteenbox=\box89
\pgfnodepartfourteenbox=\box90
\pgfnodepartthirteenbox=\box91
\pgfnodeparttwelvebox=\box92
\pgfnodepartelevenbox=\box93
\pgfnodeparttenbox=\box94
\pgfnodepartninebox=\box95
\pgfnodeparteightbox=\box96
\pgfnodepartsevenbox=\box97
\pgfnodepartsixbox=\box98
\pgfnodepartfivebox=\box99
)))
\pgf@layerbox@edgelayer=\box100
\pgf@layerboxsaved@edgelayer=\box101
\pgf@layerbox@nodelayer=\box102
\pgf@layerboxsaved@nodelayer=\box103
) (./tikzit/plaquettes.tikzstyles)
(/usr/share/texlive/texmf-dist/tex/latex/tikzscale/tikzscale.sty
Package: tikzscale 2013/05/22 v0.2.6 tikzscale LaTeX package

(/usr/share/texlive/texmf-dist/tex/latex/l3packages/xparse/xparse.sty
(/usr/share/texlive/texmf-dist/tex/latex/l3kernel/expl3.sty
Package: expl3 2020-02-14 L3 programming layer (loader) 

(/usr/share/texlive/texmf-dist/tex/latex/l3backend/l3backend-pdfmode.def
File: l3backend-pdfmode.def 2020-02-03 L3 backend support: PDF mode
\l__kernel_color_stack_int=\count320
\l__pdf_internal_box=\box104
))
Package: xparse 2020-02-14 L3 Experimental document command parser
\l__xparse_current_arg_int=\count321
\g__xparse_grabber_int=\count322
\l__xparse_m_args_int=\count323
\l__xparse_v_nesting_int=\count324
)
(/usr/share/texlive/texmf-dist/tex/generic/xstring/xstring.sty
(/usr/share/texlive/texmf-dist/tex/generic/xstring/xstring.tex
\integerpart=\count325
\decimalpart=\count326
)
Package: xstring 2019/02/06 v1.83 String manipulations (CT)
)
\tikzscale@measuredSize=\box105
)
(/usr/share/texlive/texmf-dist/tex/generic/pgf/frontendlayer/tikz/libraries/tik
zlibrarypositioning.code.tex
File: tikzlibrarypositioning.code.tex 2020/01/08 v3.1.5b (3.1.5b)
)
(/usr/share/texlive/texmf-dist/tex/latex/multirow/multirow.sty
Package: multirow 2019/05/31 v2.5 Span multiple rows of a table
\multirow@colwidth=\skip63
\multirow@cntb=\count327
\multirow@dima=\skip64
\bigstrutjot=\dimen291
)
(/usr/share/texlive/texmf-dist/tex/latex/caption/caption.sty
Package: caption 2020/01/03 v3.4h Customizing captions (AR)

(/usr/share/texlive/texmf-dist/tex/latex/caption/caption3.sty
Package: caption3 2020/01/03 v1.8h caption3 kernel (AR)
Package caption3 Info: TeX engine: e-TeX on input line 61.
\captionmargin=\dimen292
\captionmargin@=\dimen293
\captionwidth=\dimen294
\caption@tempdima=\dimen295
\caption@indent=\dimen296
\caption@parindent=\dimen297
\caption@hangindent=\dimen298
Package caption Info: beamer document class detected.
)
\c@caption@flags=\count328
\c@continuedfloat=\count329
Package caption Info: beamer document class.
Package caption Info: hyperref package is loaded.
Package caption Info: Hyperref support is turned off
(caption)             because hyperref has stopped early.
)
(/usr/share/texlive/texmf-dist/tex/latex/caption/subcaption.sty
Package: subcaption 2020/01/22 v1.3d Sub-captions (AR)
\c@subfigure=\count330
\c@subtable=\count331
)
(/usr/share/texlive/texmf-dist/tex/latex/base/inputenc.sty
Package: inputenc 2018/08/11 v1.3c Input encoding file
\inpenc@prehook=\toks45
\inpenc@posthook=\toks46
)
(/usr/share/texlive/texmf-dist/tex/latex/base/fontenc.sty
Package: fontenc 2020/02/11 v2.0o Standard LaTeX package
)
(/usr/share/texlive/texmf-dist/tex/latex/yfonts/yfonts.sty
Package: yfonts 2019/04/04 v1.4 (WaS&NP)
Now handling font encoding LY ...
... no UTF-8 mapping file for font encoding LY
Now handling font encoding LYG ...
... no UTF-8 mapping file for font encoding LYG
LaTeX Info: Composite with undeclared \" in encoding LYG on input line 58.
)
(/usr/share/texlive/texmf-dist/tex/latex/tools/verbatim.sty
Package: verbatim 2019/11/10 v1.5r LaTeX2e package for verbatim enhancements
\every@verbatim=\toks47
\verbatim@line=\toks48
\verbatim@in@stream=\read3
)
(/usr/share/texlive/texmf-dist/tex/latex/mathtools/mathtools.sty
Package: mathtools 2020/01/17 v1.23 mathematical typesetting tools

(/usr/share/texlive/texmf-dist/tex/latex/tools/calc.sty
Package: calc 2017/05/25 v4.3 Infix arithmetic (KKT,FJ)
\calc@Acount=\count332
\calc@Bcount=\count333
\calc@Adimen=\dimen299
\calc@Bdimen=\dimen300
\calc@Askip=\skip65
\calc@Bskip=\skip66
LaTeX Info: Redefining \setlength on input line 80.
LaTeX Info: Redefining \addtolength on input line 81.
\calc@Ccount=\count334
\calc@Cskip=\skip67
)
(/usr/share/texlive/texmf-dist/tex/latex/mathtools/mhsetup.sty
Package: mhsetup 2017/03/31 v1.3 programming setup (MH)
)
LaTeX Info: Thecontrolsequence`\('isalreadyrobust on input line 129.
LaTeX Info: Thecontrolsequence`\)'isalreadyrobust on input line 129.
LaTeX Info: Thecontrolsequence`\['isalreadyrobust on input line 129.
LaTeX Info: Thecontrolsequence`\]'isalreadyrobust on input line 129.
\g_MT_multlinerow_int=\count335
\l_MT_multwidth_dim=\dimen301
\origjot=\skip68
\l_MT_shortvdotswithinadjustabove_dim=\dimen302
\l_MT_shortvdotswithinadjustbelow_dim=\dimen303
\l_MT_above_intertext_sep=\dimen304
\l_MT_below_intertext_sep=\dimen305
\l_MT_above_shortintertext_sep=\dimen306
\l_MT_below_shortintertext_sep=\dimen307
)
(/usr/share/texlive/texmf-dist/tex/latex/esint/esint.sty
Package: esint 
\symlargesymbolsA=\mathgroup11
)

Package hyperref Warning: Glyph not defined in PD1 encoding,
(hyperref)                removing `\u' on input line 103.

\tikzscale@accuracy=\skip69
(./seismicNetworks_presentation.aux (./complexSystems.aux) (./seismicModels.aux
) (./seismicDatabases.aux

LaTeX Warning: Label `fig:simpleScatteritaly' multiply defined.

) (./seismicNetworks.aux

LaTeX Warning: Label `fig:connectivityItWeighted' multiply defined.

) (./autocorrelations.aux))
\openout1 = `seismicNetworks_presentation.aux'.

LaTeX Font Info:    Checking defaults for OML/cmm/m/it on input line 106.
LaTeX Font Info:    ... okay on input line 106.
LaTeX Font Info:    Checking defaults for OMS/cmsy/m/n on input line 106.
LaTeX Font Info:    ... okay on input line 106.
LaTeX Font Info:    Checking defaults for OT1/cmr/m/n on input line 106.
LaTeX Font Info:    ... okay on input line 106.
LaTeX Font Info:    Checking defaults for T1/cmr/m/n on input line 106.
LaTeX Font Info:    ... okay on input line 106.
LaTeX Font Info:    Checking defaults for TS1/cmr/m/n on input line 106.
LaTeX Font Info:    ... okay on input line 106.
LaTeX Font Info:    Checking defaults for OMX/cmex/m/n on input line 106.
LaTeX Font Info:    ... okay on input line 106.
LaTeX Font Info:    Checking defaults for U/cmr/m/n on input line 106.
LaTeX Font Info:    ... okay on input line 106.
LaTeX Font Info:    Checking defaults for PD1/pdf/m/n on input line 106.
LaTeX Font Info:    ... okay on input line 106.
LaTeX Font Info:    Checking defaults for LY/yfrak/m/n on input line 106.
LaTeX Font Info:    ... okay on input line 106.
LaTeX Font Info:    Checking defaults for LYG/ygoth/m/n on input line 106.
LaTeX Font Info:    ... okay on input line 106.

*geometry* driver: auto-detecting
*geometry* detected driver: pdftex
*geometry* verbose mode - [ preamble ] result:
* driver: pdftex
* paper: custom
* layout: <same size as paper>
* layoutoffset:(h,v)=(0.0pt,0.0pt)
* modes: includehead includefoot 
* h-part:(L,W,R)=(10.00002pt, 344.19533pt, 10.00002pt)
* v-part:(T,H,B)=(0.0pt, 273.14662pt, 0.0pt)
* \paperwidth=364.19536pt
* \paperheight=273.14662pt
* \textwidth=344.19533pt
* \textheight=244.6939pt
* \oddsidemargin=-62.26997pt
* \evensidemargin=-62.26997pt
* \topmargin=-72.26999pt
* \headheight=14.22636pt
* \headsep=0.0pt
* \topskip=10.0pt
* \footskip=14.22636pt
* \marginparwidth=3.0pt
* \marginparsep=11.0pt
* \columnsep=10.0pt
* \skip\footins=9.0pt plus 4.0pt minus 2.0pt
* \hoffset=0.0pt
* \voffset=0.0pt
* \mag=1000
* \@twocolumnfalse
* \@twosidefalse
* \@mparswitchfalse
* \@reversemarginfalse
* (1in=72.27pt=25.4mm, 1cm=28.453pt)

(/usr/share/texlive/texmf-dist/tex/context/base/mkii/supp-pdf.mkii
[Loading MPS to PDF converter (version 2006.09.02).]
\scratchcounter=\count336
\scratchdimen=\dimen308
\scratchbox=\box106
\nofMPsegments=\count337
\nofMParguments=\count338
\everyMPshowfont=\toks49
\MPscratchCnt=\count339
\MPscratchDim=\dimen309
\MPnumerator=\count340
\makeMPintoPDFobject=\count341
\everyMPtoPDFconversion=\toks50
) (/usr/share/texlive/texmf-dist/tex/latex/epstopdf-pkg/epstopdf-base.sty
Package: epstopdf-base 2020-01-24 v2.11 Base part for package epstopdf
Package epstopdf-base Info: Redefining graphics rule for `.eps' on input line 4
85.

(/usr/share/texlive/texmf-dist/tex/latex/latexconfig/epstopdf-sys.cfg
File: epstopdf-sys.cfg 2010/07/13 v1.3 Configuration of (r)epstopdf for TeX Liv
e
))
ABD: EveryShipout initializing macros
\AtBeginShipoutBox=\box107
Package hyperref Info: Link coloring OFF on input line 106.

(/usr/share/texlive/texmf-dist/tex/latex/hyperref/nameref.sty
Package: nameref 2019/09/16 v2.46 Cross-referencing by name of section

(/usr/share/texlive/texmf-dist/tex/latex/refcount/refcount.sty
Package: refcount 2019/12/15 v3.6 Data extraction from label references (HO)
)
(/usr/share/texlive/texmf-dist/tex/generic/gettitlestring/gettitlestring.sty
Package: gettitlestring 2019/12/15 v1.6 Cleanup title references (HO)
)
\c@section@level=\count342
)
LaTeX Info: Redefining \ref on input line 106.
LaTeX Info: Redefining \pageref on input line 106.
LaTeX Info: Redefining \nameref on input line 106.

(./seismicNetworks_presentation.out) (./seismicNetworks_presentation.out)
\@outlinefile=\write5
\openout5 = `seismicNetworks_presentation.out'.

LaTeX Font Info:    Overwriting symbol font `operators' in version `normal'
(Font)                  OT1/cmr/m/n --> OT1/cmss/m/n on input line 106.
LaTeX Font Info:    Overwriting symbol font `operators' in version `bold'
(Font)                  OT1/cmr/bx/n --> OT1/cmss/b/n on input line 106.
\symnumbers=\mathgroup12
LaTeX Font Info:    Redeclaring symbol font `pureletters' on input line 106.
LaTeX Font Info:    Encoding `OT1' has changed to `T1' for symbol font
(Font)              `pureletters' in the math version `normal' on input line 10
6.
LaTeX Font Info:    Overwriting symbol font `pureletters' in version `normal'
(Font)                  OT1/mathkerncmss/m/sl --> T1/cmss/m/it on input line 10
6.
LaTeX Font Info:    Encoding `OT1' has changed to `T1' for symbol font
(Font)              `pureletters' in the math version `bold' on input line 106.

LaTeX Font Info:    Overwriting symbol font `pureletters' in version `bold'
(Font)                  OT1/mathkerncmss/bx/sl --> T1/cmss/m/it on input line 1
06.
LaTeX Font Info:    Overwriting math alphabet `\mathrm' in version `normal'
(Font)                  OT1/cmss/m/n --> T1/cmr/m/n on input line 106.
LaTeX Font Info:    Redeclaring math alphabet \mathbf on input line 106.
LaTeX Font Info:    Redeclaring math alphabet \mathsf on input line 106.
LaTeX Font Info:    Overwriting math alphabet `\mathsf' in version `normal'
(Font)                  OT1/cmss/m/n --> T1/cmss/m/n on input line 106.
LaTeX Font Info:    Overwriting math alphabet `\mathsf' in version `bold'
(Font)                  OT1/cmss/bx/n --> T1/cmss/m/n on input line 106.
LaTeX Font Info:    Redeclaring math alphabet \mathit on input line 106.
LaTeX Font Info:    Overwriting math alphabet `\mathit' in version `normal'
(Font)                  OT1/cmr/m/it --> T1/cmss/m/it on input line 106.
LaTeX Font Info:    Overwriting math alphabet `\mathit' in version `bold'
(Font)                  OT1/cmr/bx/it --> T1/cmss/m/it on input line 106.
LaTeX Font Info:    Redeclaring math alphabet \mathtt on input line 106.
LaTeX Font Info:    Overwriting math alphabet `\mathtt' in version `normal'
(Font)                  OT1/cmtt/m/n --> T1/cmtt/m/n on input line 106.
LaTeX Font Info:    Overwriting math alphabet `\mathtt' in version `bold'
(Font)                  OT1/cmtt/m/n --> T1/cmtt/m/n on input line 106.
LaTeX Font Info:    Overwriting symbol font `numbers' in version `bold'
(Font)                  T1/cmss/m/n --> T1/cmss/b/n on input line 106.
LaTeX Font Info:    Overwriting symbol font `pureletters' in version `bold'
(Font)                  T1/cmss/m/it --> T1/cmss/b/it on input line 106.
LaTeX Font Info:    Overwriting math alphabet `\mathrm' in version `bold'
(Font)                  OT1/cmss/b/n --> T1/cmr/b/n on input line 106.
LaTeX Font Info:    Overwriting math alphabet `\mathbf' in version `bold'
(Font)                  T1/cmss/b/n --> T1/cmss/b/n on input line 106.
LaTeX Font Info:    Overwriting math alphabet `\mathsf' in version `bold'
(Font)                  T1/cmss/m/n --> T1/cmss/b/n on input line 106.
LaTeX Font Info:    Overwriting math alphabet `\mathit' in version `bold'
(Font)                  T1/cmss/m/it --> T1/cmss/b/it on input line 106.
LaTeX Font Info:    Overwriting math alphabet `\mathtt' in version `bold'
(Font)                  T1/cmtt/m/n --> T1/cmtt/b/n on input line 106.
LaTeX Font Info:    Redeclaring symbol font `pureletters' on input line 106.
LaTeX Font Info:    Encoding `T1' has changed to `OT1' for symbol font
(Font)              `pureletters' in the math version `normal' on input line 10
6.
LaTeX Font Info:    Overwriting symbol font `pureletters' in version `normal'
(Font)                  T1/cmss/m/it --> OT1/mathkerncmss/m/sl on input line 10
6.
LaTeX Font Info:    Encoding `T1' has changed to `OT1' for symbol font
(Font)              `pureletters' in the math version `bold' on input line 106.

LaTeX Font Info:    Overwriting symbol font `pureletters' in version `bold'
(Font)                  T1/cmss/b/it --> OT1/mathkerncmss/m/sl on input line 10
6.
LaTeX Font Info:    Overwriting symbol font `pureletters' in version `bold'
(Font)                  OT1/mathkerncmss/m/sl --> OT1/mathkerncmss/bx/sl on inp
ut line 106.

(/usr/share/texlive/texmf-dist/tex/latex/translator/translator-basic-dictionary
-English.dict
Dictionary: translator-basic-dictionary, Language: English 
)
(/usr/share/texlive/texmf-dist/tex/latex/translator/translator-bibliography-dic
tionary-English.dict
Dictionary: translator-bibliography-dictionary, Language: English 
)
(/usr/share/texlive/texmf-dist/tex/latex/translator/translator-environment-dict
ionary-English.dict
Dictionary: translator-environment-dictionary, Language: English 
)
(/usr/share/texlive/texmf-dist/tex/latex/translator/translator-months-dictionar
y-English.dict
Dictionary: translator-months-dictionary, Language: English 
)
(/usr/share/texlive/texmf-dist/tex/latex/translator/translator-numbers-dictiona
ry-English.dict
Dictionary: translator-numbers-dictionary, Language: English 
)
(/usr/share/texlive/texmf-dist/tex/latex/translator/translator-theorem-dictiona
ry-English.dict
Dictionary: translator-theorem-dictionary, Language: English 
)
Package caption Info: Begin \AtBeginDocument code.
Package caption Info: End \AtBeginDocument code.
 (./seismicNetworks_presentation.nav)
<motifs_romania_5km_4mag_trianglesFilled.png, id=46, 1171.37625pt x 745.78625pt
>
File: motifs_romania_5km_4mag_trianglesFilled.png Graphic file (type png)
<use motifs_romania_5km_4mag_trianglesFilled.png>
Package pdftex.def Info: motifs_romania_5km_4mag_trianglesFilled.png  used on i
nput line 113.
(pdftex.def)             Requested size: 364.19531pt x 273.13718pt.
 [1

{/var/lib/texmf/fonts/map/pdftex/updmap/pdftex.map} <./motifs_romania_5km_4mag_
trianglesFilled.png (PNG copy)>] (./seismicNetworks_presentation.toc) [2

] [3

]
\openout2 = `complexSystems.aux'.

 (./complexSystems.tex
[4


]
<smallworld.png, id=95, 767.86874pt x 485.815pt>
File: smallworld.png Graphic file (type png)
<use smallworld.png>
Package pdftex.def Info: smallworld.png  used on input line 36.
(pdftex.def)             Requested size: 172.09766pt x 108.88112pt.
 [5

 <./smallworld.png>]
<eulerBridges.png, id=114, 876.27374pt x 195.73125pt>
File: eulerBridges.png Graphic file (type png)
<use eulerBridges.png>
Package pdftex.def Info: eulerBridges.png  used on input line 54.
(pdftex.def)             Requested size: 309.77368pt x 69.19388pt.
LaTeX Font Info:    Trying to load font information for U+msa on input line 54.


(/usr/share/texlive/texmf-dist/tex/latex/amsfonts/umsa.fd
File: umsa.fd 2013/01/14 v3.01 AMS symbols A
)
LaTeX Font Info:    Trying to load font information for U+msb on input line 54.


(/usr/share/texlive/texmf-dist/tex/latex/amsfonts/umsb.fd
File: umsb.fd 2013/01/14 v3.01 AMS symbols B
)
LaTeX Font Info:    Trying to load font information for OT1+mathkerncmss on inp
ut line 54.

(/usr/share/texlive/texmf-dist/tex/latex/sansmathaccent/ot1mathkerncmss.fd
File: ot1mathkerncmss.fd 2020/01/31 Fontinst v1.933 font definitions for OT1/ma
thkerncmss.
)
LaTeX Font Info:    Trying to load font information for U+esint on input line 5
4.

(/usr/share/texlive/texmf-dist/tex/latex/esint/uesint.fd
File: uesint.fd 
) [6

 <./eulerBridges.png>]
<eulerBridgeGraph.png, id=124, 231.86626pt x 183.68625pt>
File: eulerBridgeGraph.png Graphic file (type png)
<use eulerBridgeGraph.png>
Package pdftex.def Info: eulerBridgeGraph.png  used on input line 75.
(pdftex.def)             Requested size: 99.58464pt x 78.89384pt.

Overfull \hbox (3.21037pt too wide) in paragraph at lines 75--75
 [][] 
 []

[7

 <./eulerBridgeGraph.png>]
<graphs.png, id=133, 619.31375pt x 255.95625pt>
File: graphs.png Graphic file (type png)
<use graphs.png>
Package pdftex.def Info: graphs.png  used on input line 94.
(pdftex.def)             Requested size: 223.72485pt x 92.46443pt.
 [8

 <./graphs.png>] [9

] [10

] [11

])
\openout2 = `seismicModels.aux'.


(./seismicModels.tex
<SOC_sandpile.png, id=167, 586.19pt x 615.29875pt>
File: SOC_sandpile.png Graphic file (type png)
<use SOC_sandpile.png>
Package pdftex.def Info: SOC_sandpile.png  used on input line 12.
(pdftex.def)             Requested size: 172.09766pt x 180.6384pt.
 [12



 <./SOC_sandpile.png>]
<SOC_bureaucrats.png, id=175, 756.8275pt x 389.455pt>
File: SOC_bureaucrats.png Graphic file (type png)
<use SOC_bureaucrats.png>
Package pdftex.def Info: SOC_bureaucrats.png  used on input line 40.
(pdftex.def)             Requested size: 240.93567pt x 123.9804pt.
 [13

 <./SOC_bureaucrats.png>]
<SOC_sliderBlocks.png, id=186, 682.55pt x 429.605pt>
File: SOC_sliderBlocks.png Graphic file (type png)
<use SOC_sliderBlocks.png>
Package pdftex.def Info: SOC_sliderBlocks.png  used on input line 70.
(pdftex.def)             Requested size: 142.26378pt x 89.53796pt.

Overfull \hbox (11.46788pt too wide) in paragraph at lines 70--70
 [] 
 []

[14

 <./SOC_sliderBlocks.png>] [15

] [16

])
\openout2 = `seismicDatabases.aux'.

 (./seismicDatabases.tex [17



] [18

]
<quakesRomania_map.png, id=219, 692.5875pt x 772.8875pt>
File: quakesRomania_map.png Graphic file (type png)
<use quakesRomania_map.png>
Package pdftex.def Info: quakesRomania_map.png  used on input line 65.
(pdftex.def)             Requested size: 154.88683pt x 172.84258pt.
<quakesVrancea_map.png, id=220, 539.01375pt x 591.20876pt>
File: quakesVrancea_map.png Graphic file (type png)
<use quakesVrancea_map.png>
Package pdftex.def Info: quakesVrancea_map.png  used on input line 65.
(pdftex.def)             Requested size: 154.88683pt x 169.88548pt.

Overfull \vbox (2.44122pt too high) detected at line 65
 []

[19

 <./quakesRomania_map.png> <./quakesVrancea_map.png>]
<quakesCalifornia_map.png, id=236, 692.5875pt x 772.8875pt>
File: quakesCalifornia_map.png Graphic file (type png)
<use quakesCalifornia_map.png>
Package pdftex.def Info: quakesCalifornia_map.png  used on input line 76.
(pdftex.def)             Requested size: 172.09766pt x 192.04207pt.
 [20

 <./quakesCalifornia_map.png>]
<quakesItaly_map.png, id=245, 692.5875pt x 772.8875pt>
File: quakesItaly_map.png Graphic file (type png)
<use quakesItaly_map.png>
Package pdftex.def Info: quakesItaly_map.png  used on input line 90.
(pdftex.def)             Requested size: 172.09766pt x 192.04207pt.
pdfTeX warning (ext4): destination with the same identifier (name{fig:simpleSca
tteritaly}) has been already used, duplicate ignored
<to be read again> 
                   \relax 
l.90 \end{frame}
                 [21

 <./quakesItaly_map.png>]
<quakesJapan_map.png, id=253, 692.5875pt x 772.8875pt>
File: quakesJapan_map.png Graphic file (type png)
<use quakesJapan_map.png>
Package pdftex.def Info: quakesJapan_map.png  used on input line 101.
(pdftex.def)             Requested size: 172.09766pt x 192.04207pt.
 [22

 <./quakesJapan_map.png>]
<quakesTable.png, id=262, 1382.16376pt x 263.98625pt>
File: quakesTable.png Graphic file (type png)
<use quakesTable.png>
Package pdftex.def Info: quakesTable.png  used on input line 117.
(pdftex.def)             Requested size: 344.19533pt x 65.73859pt.

[23

 <./quakesTable.png>]
<quakesVrancea_grid.png, id=272, 745.78625pt x 736.7525pt>
File: quakesVrancea_grid.png Graphic file (type png)
<use quakesVrancea_grid.png>
Package pdftex.def Info: quakesVrancea_grid.png  used on input line 136.
(pdftex.def)             Requested size: 113.81102pt x 112.43047pt.
<quakesVrancea_cubeSplit.png, id=273, 745.78625pt x 736.7525pt>
File: quakesVrancea_cubeSplit.png Graphic file (type png)
<use quakesVrancea_cubeSplit.png>
Package pdftex.def Info: quakesVrancea_cubeSplit.png  used on input line 136.
(pdftex.def)             Requested size: 113.81102pt x 112.43047pt.
 [24

 <./quakesVrancea_grid.png> <./quakesVrancea_cubeSplit.png>])
\openout2 = `seismicNetworks.aux'.

 (./seismicNetworks.tex
<quakesTable2.png, id=282, 684.5575pt x 263.98625pt>
File: quakesTable2.png Graphic file (type png)
<use quakesTable2.png>
Package pdftex.def Info: quakesTable2.png  used on input line 36.
(pdftex.def)             Requested size: 137.67603pt x 53.09036pt.
 [25



 <./quakesTable2.png>] [26

]
<connectivityVrancea_1magnitude10.png, id=298, 1084.05pt x 361.35pt>
File: connectivityVrancea_1magnitude10.png Graphic file (type png)
<use connectivityVrancea_1magnitude10.png>
Package pdftex.def Info: connectivityVrancea_1magnitude10.png  used on input li
ne 84.
(pdftex.def)             Requested size: 172.09766pt x 57.36505pt.
<connectivityVrancea_2magnitude10.png, id=299, 1084.05pt x 361.35pt>
File: connectivityVrancea_2magnitude10.png Graphic file (type png)
<use connectivityVrancea_2magnitude10.png>
Package pdftex.def Info: connectivityVrancea_2magnitude10.png  used on input li
ne 84.
(pdftex.def)             Requested size: 172.09766pt x 57.36505pt.
<connectivityVrancea_2magnitude4.png, id=300, 1084.05pt x 361.35pt>
File: connectivityVrancea_2magnitude4.png Graphic file (type png)
<use connectivityVrancea_2magnitude4.png>
Package pdftex.def Info: connectivityVrancea_2magnitude4.png  used on input lin
e 84.
(pdftex.def)             Requested size: 172.09766pt x 57.36505pt.
<connectivityVrancea_3magnitude7.png, id=301, 1084.05pt x 361.35pt>
File: connectivityVrancea_3magnitude7.png Graphic file (type png)
<use connectivityVrancea_3magnitude7.png>
Package pdftex.def Info: connectivityVrancea_3magnitude7.png  used on input lin
e 84.
(pdftex.def)             Requested size: 172.09766pt x 57.36505pt.
 [27

 <./connectivityVrancea_1magnitude10.png> <./connectivityVrancea_2magnitude10.p
ng> <./connectivityVrancea_2magnitude4.png> <./connectivityVrancea_3magnitude7.
png>]
<connectivityVranceaWeighted_1magnitude10.png, id=322, 1084.05pt x 361.35pt>
File: connectivityVranceaWeighted_1magnitude10.png Graphic file (type png)
<use connectivityVranceaWeighted_1magnitude10.png>
Package pdftex.def Info: connectivityVranceaWeighted_1magnitude10.png  used on 
input line 119.
(pdftex.def)             Requested size: 172.09766pt x 57.36505pt.
<connectivityVranceaWeighted_2magnitude10.png, id=323, 1084.05pt x 361.35pt>
File: connectivityVranceaWeighted_2magnitude10.png Graphic file (type png)
<use connectivityVranceaWeighted_2magnitude10.png>
Package pdftex.def Info: connectivityVranceaWeighted_2magnitude10.png  used on 
input line 119.
(pdftex.def)             Requested size: 172.09766pt x 57.36505pt.
<connectivityVranceaWeighted_2magnitude4.png, id=324, 1084.05pt x 361.35pt>
File: connectivityVranceaWeighted_2magnitude4.png Graphic file (type png)
<use connectivityVranceaWeighted_2magnitude4.png>
Package pdftex.def Info: connectivityVranceaWeighted_2magnitude4.png  used on i
nput line 119.
(pdftex.def)             Requested size: 172.09766pt x 57.36505pt.
<connectivityVranceaWeighted_3magnitude7.png, id=325, 1084.05pt x 361.35pt>
File: connectivityVranceaWeighted_3magnitude7.png Graphic file (type png)
<use connectivityVranceaWeighted_3magnitude7.png>
Package pdftex.def Info: connectivityVranceaWeighted_3magnitude7.png  used on i
nput line 119.
(pdftex.def)             Requested size: 172.09766pt x 57.36505pt.

[28

 <./connectivityVranceaWeighted_1magnitude10.png> <./connectivityVranceaWeighte
d_2magnitude10.png> <./connectivityVranceaWeighted_2magnitude4.png> <./connecti
vityVranceaWeighted_3magnitude7.png>]
<connectivityCalifornia_1magnitude10.png, id=346, 1084.05pt x 361.35pt>
File: connectivityCalifornia_1magnitude10.png Graphic file (type png)
<use connectivityCalifornia_1magnitude10.png>
Package pdftex.def Info: connectivityCalifornia_1magnitude10.png  used on input
 line 156.
(pdftex.def)             Requested size: 172.09766pt x 57.36505pt.
<connectivityCalifornia_2magnitude10.png, id=347, 1084.05pt x 361.35pt>
File: connectivityCalifornia_2magnitude10.png Graphic file (type png)
<use connectivityCalifornia_2magnitude10.png>
Package pdftex.def Info: connectivityCalifornia_2magnitude10.png  used on input
 line 156.
(pdftex.def)             Requested size: 172.09766pt x 57.36505pt.
<connectivityCalifornia_1magnitude3.png, id=348, 1084.05pt x 361.35pt>
File: connectivityCalifornia_1magnitude3.png Graphic file (type png)
<use connectivityCalifornia_1magnitude3.png>
Package pdftex.def Info: connectivityCalifornia_1magnitude3.png  used on input 
line 156.
(pdftex.def)             Requested size: 172.09766pt x 57.36505pt.
<connectivityCalifornia_2magnitude4.png, id=349, 1084.05pt x 361.35pt>
File: connectivityCalifornia_2magnitude4.png Graphic file (type png)
<use connectivityCalifornia_2magnitude4.png>
Package pdftex.def Info: connectivityCalifornia_2magnitude4.png  used on input 
line 156.
(pdftex.def)             Requested size: 172.09766pt x 57.36505pt.
 [29

 <./connectivityCalifornia_1magnitude10.png> <./connectivityCalifornia_2magnitu
de10.png> <./connectivityCalifornia_1magnitude3.png> <./connectivityCalifornia_
2magnitude4.png>]
<connectivityCaliforniaWeighted_1magnitude10.png, id=369, 1084.05pt x 361.35pt>

File: connectivityCaliforniaWeighted_1magnitude10.png Graphic file (type png)
<use connectivityCaliforniaWeighted_1magnitude10.png>
Package pdftex.def Info: connectivityCaliforniaWeighted_1magnitude10.png  used 
on input line 191.
(pdftex.def)             Requested size: 172.09766pt x 57.36505pt.
<connectivityCaliforniaWeighted_2magnitude10.png, id=370, 1084.05pt x 361.35pt>

File: connectivityCaliforniaWeighted_2magnitude10.png Graphic file (type png)
<use connectivityCaliforniaWeighted_2magnitude10.png>
Package pdftex.def Info: connectivityCaliforniaWeighted_2magnitude10.png  used 
on input line 191.
(pdftex.def)             Requested size: 172.09766pt x 57.36505pt.
<connectivityCaliforniaWeighted_1magnitude3.png, id=371, 1084.05pt x 361.35pt>
File: connectivityCaliforniaWeighted_1magnitude3.png Graphic file (type png)
<use connectivityCaliforniaWeighted_1magnitude3.png>
Package pdftex.def Info: connectivityCaliforniaWeighted_1magnitude3.png  used o
n input line 191.
(pdftex.def)             Requested size: 172.09766pt x 57.36505pt.
<connectivityCaliforniaWeighted_2magnitude4.png, id=372, 1084.05pt x 361.35pt>
File: connectivityCaliforniaWeighted_2magnitude4.png Graphic file (type png)
<use connectivityCaliforniaWeighted_2magnitude4.png>
Package pdftex.def Info: connectivityCaliforniaWeighted_2magnitude4.png  used o
n input line 191.
(pdftex.def)             Requested size: 172.09766pt x 57.36505pt.
 [30

 <./connectivityCaliforniaWeighted_1magnitude10.png> <./connectivityCaliforniaW
eighted_2magnitude10.png> <./connectivityCaliforniaWeighted_1magnitude3.png> <.
/connectivityCaliforniaWeighted_2magnitude4.png>]
<connectivityItaly_1magnitude10.png, id=392, 1084.05pt x 361.35pt>
File: connectivityItaly_1magnitude10.png Graphic file (type png)
<use connectivityItaly_1magnitude10.png>
Package pdftex.def Info: connectivityItaly_1magnitude10.png  used on input line
 227.
(pdftex.def)             Requested size: 172.09766pt x 57.36505pt.
<connectivityItaly_2magnitude10.png, id=393, 1084.05pt x 361.35pt>
File: connectivityItaly_2magnitude10.png Graphic file (type png)
<use connectivityItaly_2magnitude10.png>
Package pdftex.def Info: connectivityItaly_2magnitude10.png  used on input line
 227.
(pdftex.def)             Requested size: 172.09766pt x 57.36505pt.
<connectivityItaly_1magnitude3.png, id=394, 1084.05pt x 361.35pt>
File: connectivityItaly_1magnitude3.png Graphic file (type png)
<use connectivityItaly_1magnitude3.png>
Package pdftex.def Info: connectivityItaly_1magnitude3.png  used on input line 
227.
(pdftex.def)             Requested size: 172.09766pt x 57.36505pt.
<connectivityItaly_2magnitude4.png, id=395, 1084.05pt x 361.35pt>
File: connectivityItaly_2magnitude4.png Graphic file (type png)
<use connectivityItaly_2magnitude4.png>
Package pdftex.def Info: connectivityItaly_2magnitude4.png  used on input line 
227.
(pdftex.def)             Requested size: 172.09766pt x 57.36505pt.
 [31

 <./connectivityItaly_1magnitude10.png> <./connectivityItaly_2magnitude10.png> 
<./connectivityItaly_1magnitude3.png> <./connectivityItaly_2magnitude4.png>]
<connectivityItalyWeighted_1magnitude10.png, id=416, 1084.05pt x 361.35pt>
File: connectivityItalyWeighted_1magnitude10.png Graphic file (type png)
<use connectivityItalyWeighted_1magnitude10.png>
Package pdftex.def Info: connectivityItalyWeighted_1magnitude10.png  used on in
put line 263.
(pdftex.def)             Requested size: 172.09766pt x 57.36505pt.
<connectivityItalyWeighted_2magnitude10.png, id=417, 1084.05pt x 361.35pt>
File: connectivityItalyWeighted_2magnitude10.png Graphic file (type png)
<use connectivityItalyWeighted_2magnitude10.png>
Package pdftex.def Info: connectivityItalyWeighted_2magnitude10.png  used on in
put line 263.
(pdftex.def)             Requested size: 172.09766pt x 57.36505pt.
<connectivityItalyWeighted_1magnitude3.png, id=418, 1084.05pt x 361.35pt>
File: connectivityItalyWeighted_1magnitude3.png Graphic file (type png)
<use connectivityItalyWeighted_1magnitude3.png>
Package pdftex.def Info: connectivityItalyWeighted_1magnitude3.png  used on inp
ut line 263.
(pdftex.def)             Requested size: 172.09766pt x 57.36505pt.
<connectivityItalyWeighted_2magnitude4.png, id=419, 1084.05pt x 361.35pt>
File: connectivityItalyWeighted_2magnitude4.png Graphic file (type png)
<use connectivityItalyWeighted_2magnitude4.png>
Package pdftex.def Info: connectivityItalyWeighted_2magnitude4.png  used on inp
ut line 263.
(pdftex.def)             Requested size: 172.09766pt x 57.36505pt.
 [32

 <./connectivityItalyWeighted_1magnitude10.png> <./connectivityItalyWeighted_2m
agnitude10.png> <./connectivityItalyWeighted_1magnitude3.png> <./connectivityIt
alyWeighted_2magnitude4.png>]
<connectivityJapan_1magnitude10.png, id=439, 1084.05pt x 361.35pt>
File: connectivityJapan_1magnitude10.png Graphic file (type png)
<use connectivityJapan_1magnitude10.png>
Package pdftex.def Info: connectivityJapan_1magnitude10.png  used on input line
 299.
(pdftex.def)             Requested size: 172.09766pt x 57.36505pt.
<connectivityJapan_2magnitude10.png, id=440, 1084.05pt x 361.35pt>
File: connectivityJapan_2magnitude10.png Graphic file (type png)
<use connectivityJapan_2magnitude10.png>
Package pdftex.def Info: connectivityJapan_2magnitude10.png  used on input line
 299.
(pdftex.def)             Requested size: 172.09766pt x 57.36505pt.
<connectivityJapan_1magnitude3.png, id=441, 1084.05pt x 361.35pt>
File: connectivityJapan_1magnitude3.png Graphic file (type png)
<use connectivityJapan_1magnitude3.png>
Package pdftex.def Info: connectivityJapan_1magnitude3.png  used on input line 
299.
(pdftex.def)             Requested size: 172.09766pt x 57.36505pt.
<connectivityJapan_2magnitude4.png, id=442, 1084.05pt x 361.35pt>
File: connectivityJapan_2magnitude4.png Graphic file (type png)
<use connectivityJapan_2magnitude4.png>
Package pdftex.def Info: connectivityJapan_2magnitude4.png  used on input line 
299.
(pdftex.def)             Requested size: 172.09766pt x 57.36505pt.
 [33

 <./connectivityJapan_1magnitude10.png> <./connectivityJapan_2magnitude10.png> 
<./connectivityJapan_1magnitude3.png> <./connectivityJapan_2magnitude4.png>]
<connectivityJapanWeighted_1magnitude10.png, id=462, 1084.05pt x 361.35pt>
File: connectivityJapanWeighted_1magnitude10.png Graphic file (type png)
<use connectivityJapanWeighted_1magnitude10.png>
Package pdftex.def Info: connectivityJapanWeighted_1magnitude10.png  used on in
put line 335.
(pdftex.def)             Requested size: 172.09766pt x 57.36505pt.
<connectivityJapanWeighted_2magnitude10.png, id=463, 1084.05pt x 361.35pt>
File: connectivityJapanWeighted_2magnitude10.png Graphic file (type png)
<use connectivityJapanWeighted_2magnitude10.png>
Package pdftex.def Info: connectivityJapanWeighted_2magnitude10.png  used on in
put line 335.
(pdftex.def)             Requested size: 172.09766pt x 57.36505pt.
<connectivityJapanWeighted_1magnitude3.png, id=464, 1084.05pt x 361.35pt>
File: connectivityJapanWeighted_1magnitude3.png Graphic file (type png)
<use connectivityJapanWeighted_1magnitude3.png>
Package pdftex.def Info: connectivityJapanWeighted_1magnitude3.png  used on inp
ut line 335.
(pdftex.def)             Requested size: 172.09766pt x 57.36505pt.
<connectivityJapanWeighted_2magnitude4.png, id=465, 1084.05pt x 361.35pt>
File: connectivityJapanWeighted_2magnitude4.png Graphic file (type png)
<use connectivityJapanWeighted_2magnitude4.png>
Package pdftex.def Info: connectivityJapanWeighted_2magnitude4.png  used on inp
ut line 335.
(pdftex.def)             Requested size: 172.09766pt x 57.36505pt.
pdfTeX warning (ext4): destination with the same identifier (name{fig:connectiv
ityItWeighted}) has been already used, duplicate ignored
<to be read again> 
                   \relax 
l.335 \end{frame}
                  [34

 <./connectivityJapanWeighted_1magnitude10.png> <./connectivityJapanWeighted_2m
agnitude10.png> <./connectivityJapanWeighted_1magnitude3.png> <./connectivityJa
panWeighted_2magnitude4.png>]
<4nodeMotifs.png, id=484, 426.59375pt x 239.89626pt>
File: 4nodeMotifs.png Graphic file (type png)
<use 4nodeMotifs.png>
Package pdftex.def Info: 4nodeMotifs.png  used on input line 347.
(pdftex.def)             Requested size: 206.51929pt x 116.13722pt.
 [35

 <./4nodeMotifs.png>]
[36

]
<nemo.png, id=499, 697.60625pt x 986.68625pt>
File: nemo.png Graphic file (type png)
<use nemo.png>
Package pdftex.def Info: nemo.png  used on input line 379.
(pdftex.def)             Requested size: 125.19194pt x 177.06891pt.
 [37

 <./nemo.png>] [38

]
<quakesVrancea_meanEnergy_1mag_trianglesAreas.png, id=514, 1084.05pt x 361.35pt
>
File: quakesVrancea_meanEnergy_1mag_trianglesAreas.png Graphic file (type png)
<use quakesVrancea_meanEnergy_1mag_trianglesAreas.png>
Package pdftex.def Info: quakesVrancea_meanEnergy_1mag_trianglesAreas.png  used
 on input line 426.
(pdftex.def)             Requested size: 172.09766pt x 57.36505pt.
<quakesVrancea_meanEnergy_2mag_trianglesAreas.png, id=515, 1084.05pt x 361.35pt
>
File: quakesVrancea_meanEnergy_2mag_trianglesAreas.png Graphic file (type png)
<use quakesVrancea_meanEnergy_2mag_trianglesAreas.png>
Package pdftex.def Info: quakesVrancea_meanEnergy_2mag_trianglesAreas.png  used
 on input line 426.
(pdftex.def)             Requested size: 172.09766pt x 57.36505pt.
<quakesVrancea_meanEnergy_3mag_trianglesAreas.png, id=516, 1084.05pt x 361.35pt
>
File: quakesVrancea_meanEnergy_3mag_trianglesAreas.png Graphic file (type png)
<use quakesVrancea_meanEnergy_3mag_trianglesAreas.png>
Package pdftex.def Info: quakesVrancea_meanEnergy_3mag_trianglesAreas.png  used
 on input line 426.
(pdftex.def)             Requested size: 172.09766pt x 57.36505pt.
 [39

 <./quakesVrancea_meanEnergy_1mag_trianglesAreas.png> <./quakesVrancea_meanEner
gy_2mag_trianglesAreas.png> <./quakesVrancea_meanEnergy_3mag_trianglesAreas.png
>]
<quakesVrancea_totalEnergy_1mag_trianglesAreas.png, id=533, 1084.05pt x 361.35p
t>
File: quakesVrancea_totalEnergy_1mag_trianglesAreas.png Graphic file (type png)

<use quakesVrancea_totalEnergy_1mag_trianglesAreas.png>
Package pdftex.def Info: quakesVrancea_totalEnergy_1mag_trianglesAreas.png  use
d on input line 458.
(pdftex.def)             Requested size: 172.09766pt x 57.36505pt.
<quakesVrancea_totalEnergy_2mag_trianglesAreas.png, id=534, 1084.05pt x 361.35p
t>
File: quakesVrancea_totalEnergy_2mag_trianglesAreas.png Graphic file (type png)

<use quakesVrancea_totalEnergy_2mag_trianglesAreas.png>
Package pdftex.def Info: quakesVrancea_totalEnergy_2mag_trianglesAreas.png  use
d on input line 458.
(pdftex.def)             Requested size: 172.09766pt x 57.36505pt.
<quakesVrancea_totalEnergy_3mag_trianglesAreas.png, id=535, 1084.05pt x 361.35p
t>
File: quakesVrancea_totalEnergy_3mag_trianglesAreas.png Graphic file (type png)

<use quakesVrancea_totalEnergy_3mag_trianglesAreas.png>
Package pdftex.def Info: quakesVrancea_totalEnergy_3mag_trianglesAreas.png  use
d on input line 458.
(pdftex.def)             Requested size: 172.09766pt x 57.36505pt.
 [40

 <./quakesVrancea_totalEnergy_1mag_trianglesAreas.png> <./quakesVrancea_totalEn
ergy_2mag_trianglesAreas.png> <./quakesVrancea_totalEnergy_3mag_trianglesAreas.
png>]
<quakesCalifornia_meanEnergy_2mag_trianglesAreas.png, id=552, 1084.05pt x 361.3
5pt>
File: quakesCalifornia_meanEnergy_2mag_trianglesAreas.png Graphic file (type pn
g)
<use quakesCalifornia_meanEnergy_2mag_trianglesAreas.png>
Package pdftex.def Info: quakesCalifornia_meanEnergy_2mag_trianglesAreas.png  u
sed on input line 484.
(pdftex.def)             Requested size: 204.45523pt x 68.14995pt.
<quakesCalifornia_meanEnergy_3mag_trianglesAreas.png, id=553, 1084.05pt x 361.3
5pt>
File: quakesCalifornia_meanEnergy_3mag_trianglesAreas.png Graphic file (type pn
g)
<use quakesCalifornia_meanEnergy_3mag_trianglesAreas.png>
Package pdftex.def Info: quakesCalifornia_meanEnergy_3mag_trianglesAreas.png  u
sed on input line 484.
(pdftex.def)             Requested size: 204.45523pt x 68.14995pt.
 [41

 <./quakesCalifornia_meanEnergy_2mag_trianglesAreas.png> <./quakesCalifornia_me
anEnergy_3mag_trianglesAreas.png>]
<quakesCalifornia_totalEnergy_2mag_trianglesAreas.png, id=567, 1084.05pt x 361.
35pt>
File: quakesCalifornia_totalEnergy_2mag_trianglesAreas.png Graphic file (type p
ng)
<use quakesCalifornia_totalEnergy_2mag_trianglesAreas.png>
Package pdftex.def Info: quakesCalifornia_totalEnergy_2mag_trianglesAreas.png  
used on input line 508.
(pdftex.def)             Requested size: 204.45523pt x 68.14995pt.
<quakesCalifornia_totalEnergy_3mag_trianglesAreas.png, id=568, 1084.05pt x 361.
35pt>
File: quakesCalifornia_totalEnergy_3mag_trianglesAreas.png Graphic file (type p
ng)
<use quakesCalifornia_totalEnergy_3mag_trianglesAreas.png>
Package pdftex.def Info: quakesCalifornia_totalEnergy_3mag_trianglesAreas.png  
used on input line 508.
(pdftex.def)             Requested size: 204.45523pt x 68.14995pt.
 [42

 <./quakesCalifornia_totalEnergy_2mag_trianglesAreas.png> <./quakesCalifornia_t
otalEnergy_3mag_trianglesAreas.png>]
<quakesItaly_meanEnergy_2mag_trianglesAreas.png, id=582, 1084.05pt x 361.35pt>
File: quakesItaly_meanEnergy_2mag_trianglesAreas.png Graphic file (type png)
<use quakesItaly_meanEnergy_2mag_trianglesAreas.png>
Package pdftex.def Info: quakesItaly_meanEnergy_2mag_trianglesAreas.png  used o
n input line 522.
(pdftex.def)             Requested size: 292.56812pt x 97.52168pt.
 [43

 <./quakesItaly_meanEnergy_2mag_trianglesAreas.png>] [44

]
<quakesVrancea_meanEnergy_1mag_squaresVolumes.png, id=599, 1505.625pt x 469.755
pt>
File: quakesVrancea_meanEnergy_1mag_squaresVolumes.png Graphic file (type png)
<use quakesVrancea_meanEnergy_1mag_squaresVolumes.png>
Package pdftex.def Info: quakesVrancea_meanEnergy_1mag_squaresVolumes.png  used
 on input line 569.
(pdftex.def)             Requested size: 172.09766pt x 53.69455pt.
<quakesVrancea_meanEnergy_2mag_squaresVolumes.png, id=600, 1505.625pt x 468.751
25pt>
File: quakesVrancea_meanEnergy_2mag_squaresVolumes.png Graphic file (type png)
<use quakesVrancea_meanEnergy_2mag_squaresVolumes.png>
Package pdftex.def Info: quakesVrancea_meanEnergy_2mag_squaresVolumes.png  used
 on input line 569.
(pdftex.def)             Requested size: 172.09766pt x 53.5798pt.
<quakesVrancea_meanEnergy_3mag_squaresVolumes.png, id=601, 1505.625pt x 470.758
74pt>
File: quakesVrancea_meanEnergy_3mag_squaresVolumes.png Graphic file (type png)
<use quakesVrancea_meanEnergy_3mag_squaresVolumes.png>
Package pdftex.def Info: quakesVrancea_meanEnergy_3mag_squaresVolumes.png  used
 on input line 569.
(pdftex.def)             Requested size: 172.09766pt x 53.80928pt.
 [45

 <./quakesVrancea_meanEnergy_1mag_squaresVolumes.png> <./quakesVrancea_meanEner
gy_2mag_squaresVolumes.png> <./quakesVrancea_meanEnergy_3mag_squaresVolumes.png
>]
<quakesVrancea_totalEnergy_1mag_squaresVolumes.png, id=618, 1084.05pt x 361.35p
t>
File: quakesVrancea_totalEnergy_1mag_squaresVolumes.png Graphic file (type png)

<use quakesVrancea_totalEnergy_1mag_squaresVolumes.png>
Package pdftex.def Info: quakesVrancea_totalEnergy_1mag_squaresVolumes.png  use
d on input line 599.
(pdftex.def)             Requested size: 172.09766pt x 57.36505pt.
<quakesVrancea_totalEnergy_2mag_squaresVolumes.png, id=619, 1084.05pt x 361.35p
t>
File: quakesVrancea_totalEnergy_2mag_squaresVolumes.png Graphic file (type png)

<use quakesVrancea_totalEnergy_2mag_squaresVolumes.png>
Package pdftex.def Info: quakesVrancea_totalEnergy_2mag_squaresVolumes.png  use
d on input line 599.
(pdftex.def)             Requested size: 172.09766pt x 57.36505pt.
<quakesVrancea_totalEnergy_3mag_squaresVolumes.png, id=620, 1084.05pt x 361.35p
t>
File: quakesVrancea_totalEnergy_3mag_squaresVolumes.png Graphic file (type png)

<use quakesVrancea_totalEnergy_3mag_squaresVolumes.png>
Package pdftex.def Info: quakesVrancea_totalEnergy_3mag_squaresVolumes.png  use
d on input line 599.
(pdftex.def)             Requested size: 172.09766pt x 57.36505pt.
 [46

 <./quakesVrancea_totalEnergy_1mag_squaresVolumes.png> <./quakesVrancea_totalEn
ergy_2mag_squaresVolumes.png> <./quakesVrancea_totalEnergy_3mag_squaresVolumes.
png>]
<quakesCalifornia_meanEnergy_3mag_squaresVolumes.png, id=637, 1505.625pt x 467.
7475pt>
File: quakesCalifornia_meanEnergy_3mag_squaresVolumes.png Graphic file (type pn
g)
<use quakesCalifornia_meanEnergy_3mag_squaresVolumes.png>
Package pdftex.def Info: quakesCalifornia_meanEnergy_3mag_squaresVolumes.png  u
sed on input line 614.
(pdftex.def)             Requested size: 292.56812pt x 90.89278pt.
 [47

 <./quakesCalifornia_meanEnergy_3mag_squaresVolumes.png>]
<quakesItaly_meanEnergy_3mag_squaresVolumes.png, id=646, 1505.625pt x 471.7625p
t>
File: quakesItaly_meanEnergy_3mag_squaresVolumes.png Graphic file (type png)
<use quakesItaly_meanEnergy_3mag_squaresVolumes.png>
Package pdftex.def Info: quakesItaly_meanEnergy_3mag_squaresVolumes.png  used o
n input line 626.
(pdftex.def)             Requested size: 292.56812pt x 91.67297pt.
 [48

 <./quakesItaly_meanEnergy_3mag_squaresVolumes.png>]
<paraview.png, id=656, 1926.19624pt x 998.73125pt>
File: paraview.png Graphic file (type png)
<use paraview.png>
Package pdftex.def Info: paraview.png  used on input line 644.
(pdftex.def)             Requested size: 364.18822pt x 273.13562pt.

[49

 <./paraview.png>]
File: motifs_romania_5km_4mag_trianglesFilled.png Graphic file (type png)
<use motifs_romania_5km_4mag_trianglesFilled.png>
Package pdftex.def Info: motifs_romania_5km_4mag_trianglesFilled.png  used on i
nput line 657.
(pdftex.def)             Requested size: 292.56812pt x 186.2754pt.
 [50

]
<motifs_vrancea_5km_4mag_trianglesFilled_map.png, id=672, 798.985pt x 745.78625
pt>
File: motifs_vrancea_5km_4mag_trianglesFilled_map.png Graphic file (type png)
<use motifs_vrancea_5km_4mag_trianglesFilled_map.png>
Package pdftex.def Info: motifs_vrancea_5km_4mag_trianglesFilled_map.png  used 
on input line 678.
(pdftex.def)             Requested size: 146.28406pt x 136.54582pt.
<motifs_vrancea_5km_4mag_squaresFilled_map.png, id=673, 798.985pt x 745.78625pt
>
File: motifs_vrancea_5km_4mag_squaresFilled_map.png Graphic file (type png)
<use motifs_vrancea_5km_4mag_squaresFilled_map.png>
Package pdftex.def Info: motifs_vrancea_5km_4mag_squaresFilled_map.png  used on
 input line 678.
(pdftex.def)             Requested size: 146.28406pt x 136.54582pt.
 [51

 <./motifs_vrancea_5km_4mag_trianglesFilled_map.png> <./motifs_vrancea_5km_4mag
_squaresFilled_map.png>]
<motifs_california_5km_4mag_trianglesFilled_map.png, id=685, 1171.37625pt x 745
.78625pt>
File: motifs_california_5km_4mag_trianglesFilled_map.png Graphic file (type png
)
<use motifs_california_5km_4mag_trianglesFilled_map.png>
Package pdftex.def Info: motifs_california_5km_4mag_trianglesFilled_map.png  us
ed on input line 689.
(pdftex.def)             Requested size: 292.56812pt x 186.2754pt.
 [52

 <./motifs_california_5km_4mag_trianglesFilled_map.png (PNG copy)>]
<motifs_italy_5km_4mag_squaresFilled.png, id=693, 1171.37625pt x 745.78625pt>
File: motifs_italy_5km_4mag_squaresFilled.png Graphic file (type png)
<use motifs_italy_5km_4mag_squaresFilled.png>
Package pdftex.def Info: motifs_italy_5km_4mag_squaresFilled.png  used on input
 line 700.
(pdftex.def)             Requested size: 292.56812pt x 186.2754pt.
 [53

 <./motifs_italy_5km_4mag_squaresFilled.png (PNG copy)>]
<motifs_japan_5km_5mag_triangles.png, id=701, 1171.37625pt x 745.78625pt>
File: motifs_japan_5km_5mag_triangles.png Graphic file (type png)
<use motifs_japan_5km_5mag_triangles.png>
Package pdftex.def Info: motifs_japan_5km_5mag_triangles.png  used on input lin
e 711.
(pdftex.def)             Requested size: 292.56812pt x 186.2754pt.
 [54

 <./motifs_japan_5km_5mag_triangles.png (PNG copy)>])
\openout2 = `autocorrelations.aux'.

 (./autocorrelations.tex [55



] [56

] [57

] [58

]
<TemporalCorrelation_Vrancea_2_mag_3-5.png, id=734, 722.7pt x 460.72125pt>
File: TemporalCorrelation_Vrancea_2_mag_3-5.png Graphic file (type png)
<use TemporalCorrelation_Vrancea_2_mag_3-5.png>
Package pdftex.def Info: TemporalCorrelation_Vrancea_2_mag_3-5.png  used on inp
ut line 221.
(pdftex.def)             Requested size: 129.07324pt x 82.27948pt.
<TemporalCorrelation_Vrancea_2_mag_3-5_noZero.png, id=735, 722.7pt x 460.72125p
t>
File: TemporalCorrelation_Vrancea_2_mag_3-5_noZero.png Graphic file (type png)
<use TemporalCorrelation_Vrancea_2_mag_3-5_noZero.png>
Package pdftex.def Info: TemporalCorrelation_Vrancea_2_mag_3-5_noZero.png  used
 on input line 221.
(pdftex.def)             Requested size: 129.07324pt x 82.27948pt.
<TemporalCorrelation_Vrancea_3-5_mag_7.png, id=736, 722.7pt x 459.7175pt>
File: TemporalCorrelation_Vrancea_3-5_mag_7.png Graphic file (type png)
<use TemporalCorrelation_Vrancea_3-5_mag_7.png>
Package pdftex.def Info: TemporalCorrelation_Vrancea_3-5_mag_7.png  used on inp
ut line 221.
(pdftex.def)             Requested size: 129.07324pt x 82.10022pt.
<TemporalCorrelation_Vrancea_3-5_mag_7_noZero.png, id=737, 722.7pt x 459.7175pt
>
File: TemporalCorrelation_Vrancea_3-5_mag_7_noZero.png Graphic file (type png)
<use TemporalCorrelation_Vrancea_3-5_mag_7_noZero.png>
Package pdftex.def Info: TemporalCorrelation_Vrancea_3-5_mag_7_noZero.png  used
 on input line 221.
(pdftex.def)             Requested size: 129.07324pt x 82.10022pt.

Overfull \vbox (6.97833pt too high) detected at line 221
 []

[59

 <./TemporalCorrelation_Vrancea_2_mag_3-5.png> <./TemporalCorrelation_Vrancea_2
_mag_3-5_noZero.png> <./TemporalCorrelation_Vrancea_3-5_mag_7.png> <./TemporalC
orrelation_Vrancea_3-5_mag_7_noZero.png>]
<TemporalCorrelation_California_2_mag_3-5.png, id=758, 722.7pt x 458.71375pt>
File: TemporalCorrelation_California_2_mag_3-5.png Graphic file (type png)
<use TemporalCorrelation_California_2_mag_3-5.png>
Package pdftex.def Info: TemporalCorrelation_California_2_mag_3-5.png  used on 
input line 260.
(pdftex.def)             Requested size: 129.07324pt x 81.92096pt.
<TemporalCorrelation_California_2_mag_3-5_noZero.png, id=759, 722.7pt x 458.713
75pt>
File: TemporalCorrelation_California_2_mag_3-5_noZero.png Graphic file (type pn
g)
<use TemporalCorrelation_California_2_mag_3-5_noZero.png>
Package pdftex.def Info: TemporalCorrelation_California_2_mag_3-5_noZero.png  u
sed on input line 260.
(pdftex.def)             Requested size: 129.07324pt x 81.92096pt.
<TemporalCorrelation_California_3-5_mag_7-2.png, id=760, 722.7pt x 458.71375pt>

File: TemporalCorrelation_California_3-5_mag_7-2.png Graphic file (type png)
<use TemporalCorrelation_California_3-5_mag_7-2.png>
Package pdftex.def Info: TemporalCorrelation_California_3-5_mag_7-2.png  used o
n input line 260.
(pdftex.def)             Requested size: 129.07324pt x 81.92096pt.
<TemporalCorrelation_California_3-5_mag_7-2_noZero.png, id=761, 722.7pt x 458.7
1375pt>
File: TemporalCorrelation_California_3-5_mag_7-2_noZero.png Graphic file (type 
png)
<use TemporalCorrelation_California_3-5_mag_7-2_noZero.png>
Package pdftex.def Info: TemporalCorrelation_California_3-5_mag_7-2_noZero.png 
 used on input line 260.
(pdftex.def)             Requested size: 129.07324pt x 81.92096pt.

Overfull \vbox (6.44055pt too high) detected at line 260
 []

[60

 <./TemporalCorrelation_California_2_mag_3-5.png> <./TemporalCorrelation_Califo
rnia_2_mag_3-5_noZero.png> <./TemporalCorrelation_California_3-5_mag_7-2.png> <
./TemporalCorrelation_California_3-5_mag_7-2_noZero.png>]
<TemporalCorrelation_Italy_2_mag_3-5.png, id=782, 722.7pt x 459.7175pt>
File: TemporalCorrelation_Italy_2_mag_3-5.png Graphic file (type png)
<use TemporalCorrelation_Italy_2_mag_3-5.png>
Package pdftex.def Info: TemporalCorrelation_Italy_2_mag_3-5.png  used on input
 line 300.
(pdftex.def)             Requested size: 129.07324pt x 82.10022pt.
<TemporalCorrelation_Italy_2_mag_3-5_noZero.png, id=783, 722.7pt x 459.7175pt>
File: TemporalCorrelation_Italy_2_mag_3-5_noZero.png Graphic file (type png)
<use TemporalCorrelation_Italy_2_mag_3-5_noZero.png>
Package pdftex.def Info: TemporalCorrelation_Italy_2_mag_3-5_noZero.png  used o
n input line 300.
(pdftex.def)             Requested size: 129.07324pt x 82.10022pt.
<TemporalCorrelation_Italy_3-5_mag_7.png, id=784, 722.7pt x 459.7175pt>
File: TemporalCorrelation_Italy_3-5_mag_7.png Graphic file (type png)
<use TemporalCorrelation_Italy_3-5_mag_7.png>
Package pdftex.def Info: TemporalCorrelation_Italy_3-5_mag_7.png  used on input
 line 300.
(pdftex.def)             Requested size: 129.07324pt x 82.10022pt.
<TemporalCorrelation_Italy_3-5_mag_7_noZero.png, id=785, 722.7pt x 458.71375pt>

File: TemporalCorrelation_Italy_3-5_mag_7_noZero.png Graphic file (type png)
<use TemporalCorrelation_Italy_3-5_mag_7_noZero.png>
Package pdftex.def Info: TemporalCorrelation_Italy_3-5_mag_7_noZero.png  used o
n input line 300.
(pdftex.def)             Requested size: 129.07324pt x 81.92096pt.

Overfull \vbox (6.79907pt too high) detected at line 300
 []

[61

 <./TemporalCorrelation_Italy_2_mag_3-5.png> <./TemporalCorrelation_Italy_2_mag
_3-5_noZero.png> <./TemporalCorrelation_Italy_3-5_mag_7.png> <./TemporalCorrela
tion_Italy_3-5_mag_7_noZero.png>]
<TemporalCorrelation_Japan_2_mag_3-5.png, id=808, 722.7pt x 459.7175pt>
File: TemporalCorrelation_Japan_2_mag_3-5.png Graphic file (type png)
<use TemporalCorrelation_Japan_2_mag_3-5.png>
Package pdftex.def Info: TemporalCorrelation_Japan_2_mag_3-5.png  used on input
 line 341.
(pdftex.def)             Requested size: 129.07324pt x 82.10022pt.
<TemporalCorrelation_Japan_2_mag_3-5_noZero.png, id=809, 722.7pt x 458.71375pt>

File: TemporalCorrelation_Japan_2_mag_3-5_noZero.png Graphic file (type png)
<use TemporalCorrelation_Japan_2_mag_3-5_noZero.png>
Package pdftex.def Info: TemporalCorrelation_Japan_2_mag_3-5_noZero.png  used o
n input line 341.
(pdftex.def)             Requested size: 129.07324pt x 81.92096pt.
<TemporalCorrelation_Japan_3-5_mag_9.png, id=810, 722.7pt x 458.71375pt>
File: TemporalCorrelation_Japan_3-5_mag_9.png Graphic file (type png)
<use TemporalCorrelation_Japan_3-5_mag_9.png>
Package pdftex.def Info: TemporalCorrelation_Japan_3-5_mag_9.png  used on input
 line 341.
(pdftex.def)             Requested size: 129.07324pt x 81.92096pt.
<TemporalCorrelation_Japan_3-5_mag_9_noZero.png, id=811, 720.6925pt x 459.7175p
t>
File: TemporalCorrelation_Japan_3-5_mag_9_noZero.png Graphic file (type png)
<use TemporalCorrelation_Japan_3-5_mag_9_noZero.png>
Package pdftex.def Info: TemporalCorrelation_Japan_3-5_mag_9_noZero.png  used o
n input line 341.
(pdftex.def)             Requested size: 129.07324pt x 82.33171pt.

Overfull \vbox (16.53056pt too high) detected at line 341
 []

[62

 <./TemporalCorrelation_Japan_2_mag_3-5.png> <./TemporalCorrelation_Japan_2_mag
_3-5_noZero.png> <./TemporalCorrelation_Japan_3-5_mag_9.png> <./TemporalCorrela
tion_Japan_3-5_mag_9_noZero.png>]) [63


] [64

]
\tf@nav=\write6
\openout6 = `seismicNetworks_presentation.nav'.

\tf@toc=\write7
\openout7 = `seismicNetworks_presentation.toc'.

\tf@snm=\write8
\openout8 = `seismicNetworks_presentation.snm'.

Package atveryend Info: Empty hook `BeforeClearDocument' on input line 176.
Package atveryend Info: Empty hook `AfterLastShipout' on input line 176.

(./seismicNetworks_presentation.aux (./complexSystems.aux) (./seismicModels.aux
) (./seismicDatabases.aux) (./seismicNetworks.aux) (./autocorrelations.aux))
Package atveryend Info: Executing hook `AtVeryEndDocument' on input line 176.
Package atveryend Info: Executing hook `AtEndAfterFileList' on input line 176.


Package rerunfilecheck Warning: File `seismicNetworks_presentation.out' has cha
nged.
(rerunfilecheck)                Rerun to get outlines right
(rerunfilecheck)                or use package `bookmark'.

Package rerunfilecheck Info: Checksums for `seismicNetworks_presentation.out':
(rerunfilecheck)             Before: 54C9265019B3C1FD65BF13FECBDF6EC1;390
(rerunfilecheck)             After:  79C7F77826C0D31579020C7A725254AD;345.

LaTeX Warning: There were multiply-defined labels.

 ) 
Here is how much of TeX's memory you used:
 30533 strings out of 481239
 694326 string characters out of 5920378
 836157 words of memory out of 5000000
 44688 multiletter control sequences out of 15000+600000
 557121 words of font info for 88 fonts, out of 8000000 for 9000
 1141 hyphenation exceptions out of 8191
 58i,15n,76p,814b,1068s stack positions out of 5000i,500n,10000p,200000b,80000s
pdfTeX warning (dest): name{Navigation65} has been referenced but does not ex
ist, replaced by a fixed one

pdfTeX warning (dest): name{Outline0.8} has been referenced but does not exist,
 replaced by a fixed one

{/usr/share/texmf/fonts/enc/dvips/cm-super/cm-super-t1.enc}</usr/share/texlive/
texmf-dist/fonts/type1/public/amsfonts/cm/cmex10.pfb></usr/share/texlive/texmf-
dist/fonts/type1/public/amsfonts/cm/cmmi10.pfb></usr/share/texlive/texmf-dist/f
onts/type1/public/amsfonts/cm/cmmi6.pfb></usr/share/texlive/texmf-dist/fonts/ty
pe1/public/amsfonts/cm/cmmi7.pfb></usr/share/texlive/texmf-dist/fonts/type1/pub
lic/amsfonts/cm/cmmi8.pfb></usr/share/texlive/texmf-dist/fonts/type1/public/ams
fonts/cm/cmss10.pfb></usr/share/texlive/texmf-dist/fonts/type1/public/amsfonts/
cm/cmss8.pfb></usr/share/texlive/texmf-dist/fonts/type1/public/amsfonts/cm/cmss
i10.pfb></usr/share/texlive/texmf-dist/fonts/type1/public/amsfonts/cm/cmssi8.pf
b></usr/share/texlive/texmf-dist/fonts/type1/public/amsfonts/cm/cmsy10.pfb></us
r/share/texlive/texmf-dist/fonts/type1/public/amsfonts/cm/cmsy7.pfb></usr/share
/texlive/texmf-dist/fonts/type1/public/amsfonts/cm/cmsy8.pfb></usr/share/texmf/
fonts/type1/public/cm-super/sfsi0800.pfb></usr/share/texmf/fonts/type1/public/c
m-super/sfsi1000.pfb></usr/share/texmf/fonts/type1/public/cm-super/sfss0500.pfb
></usr/share/texmf/fonts/type1/public/cm-super/sfss0700.pfb></usr/share/texmf/f
onts/type1/public/cm-super/sfss0800.pfb></usr/share/texmf/fonts/type1/public/cm
-super/sfss1000.pfb></usr/share/texmf/fonts/type1/public/cm-super/sfss1200.pfb>
</usr/share/texmf/fonts/type1/public/cm-super/sfss1440.pfb></usr/share/texmf/fo
nts/type1/public/cm-super/sfsx1000.pfb>
Output written on seismicNetworks_presentation.pdf (64 pages, 7926735 bytes).
PDF statistics:
 980 PDF objects out of 1000 (max. 8388607)
 695 compressed objects within 7 object streams
 315 named destinations out of 1000 (max. 500000)
 603 words of extra memory for PDF output out of 10000 (max. 10000000)

